TpTrace Verbose: 0 : 75004, 1, 2024/11/03, 15:12:30.974, 12916129953939, vstest.console.dll, Version: 17.11.0-release-24352-05 Current process architecture: X64
TpTrace Verbose: 0 : 75004, 1, 2024/11/03, 15:12:30.977, 12916129983542, vstest.console.dll, Runtime location: C:\Program Files\dotnet\shared\Microsoft.NETCore.App\8.0.8
TpTrace Verbose: 0 : 75004, 1, 2024/11/03, 15:12:30.980, 12916130016703, vstest.console.dll, ArtifactProcessingPostProcessModeProcessorExecutor.Initialize: ArtifactProcessingMode.Collect
TpTrace Verbose: 0 : 75004, 1, 2024/11/03, 15:12:30.980, 12916130018503, vstest.console.dll, TestSessionCorrelationIdProcessorModeProcessorExecutor.Initialize: TestSessionCorrelationId '102468_f677c81b-21ba-4218-abe6-231594a9f4ce'
TpTrace Information: 0 : 75004, 1, 2024/11/03, 15:12:30.987, 12916130082654, vstest.console.dll, FilePatternParser: The given file D:\Projects\AdventOfCode\2015\MD5Hash\FindMD5Hashes.Tests\bin\Debug\net8.0\fine-code-coverage\build-output\MD5HashWithLeadingZeroes.Tests.dll is a full path.
TpTrace Verbose: 0 : 75004, 1, 2024/11/03, 15:12:31.000, 12916130214233, vstest.console.dll, TestPluginCache.DiscoverTestExtensions: finding test extensions in assemblies ends with: RuntimeProvider.dll TPluginInfo: Microsoft.VisualStudio.TestPlatform.Common.ExtensionFramework.Utilities.TestRuntimePluginInformation TExtension: Microsoft.VisualStudio.TestPlatform.ObjectModel.Host.ITestRuntimeProvider
TpTrace Verbose: 0 : 75004, 1, 2024/11/03, 15:12:31.000, 12916130217067, vstest.console.dll, TestPluginCache.GetExtensionPaths: Filtered extension paths: 
TpTrace Verbose: 0 : 75004, 1, 2024/11/03, 15:12:31.000, 12916130217768, vstest.console.dll, TestPluginCache.GetExtensionPaths: Added default extension paths: C:\Program Files\dotnet\sdk\8.0.400\Extensions\Microsoft.Diagnostics.NETCore.Client.dll
C:\Program Files\dotnet\sdk\8.0.400\Extensions\Microsoft.TestPlatform.Extensions.BlameDataCollector.dll
C:\Program Files\dotnet\sdk\8.0.400\Extensions\Microsoft.TestPlatform.Extensions.EventLogCollector.dll
C:\Program Files\dotnet\sdk\8.0.400\Extensions\Microsoft.TestPlatform.TestHostRuntimeProvider.dll
C:\Program Files\dotnet\sdk\8.0.400\Extensions\Microsoft.VisualStudio.TestPlatform.Extensions.Html.TestLogger.dll
C:\Program Files\dotnet\sdk\8.0.400\Extensions\Microsoft.VisualStudio.TestPlatform.Extensions.Trx.TestLogger.dll
TpTrace Verbose: 0 : 75004, 1, 2024/11/03, 15:12:31.000, 12916130218092, vstest.console.dll, TestPluginCache.GetExtensionPaths: Added unfilterableExtensionPaths: 
TpTrace Information: 0 : 75004, 1, 2024/11/03, 15:12:31.001, 12916130224482, vstest.console.dll, AssemblyResolver.ctor: Creating AssemblyResolver with searchDirectories C:\Program Files\dotnet\sdk\8.0.400\Extensions,C:\Program Files\dotnet\sdk\8.0.400
TpTrace Verbose: 0 : 75004, 1, 2024/11/03, 15:12:31.002, 12916130233422, vstest.console.dll, TestPluginCache.DiscoverTestExtensions: Discovering the extensions using extension path.
TpTrace Verbose: 0 : 75004, 1, 2024/11/03, 15:12:31.002, 12916130234418, vstest.console.dll, TestPluginCache.GetExtensionPaths: Filtered extension paths: 
TpTrace Verbose: 0 : 75004, 1, 2024/11/03, 15:12:31.002, 12916130234741, vstest.console.dll, TestPluginCache.GetExtensionPaths: Added default extension paths: C:\Program Files\dotnet\sdk\8.0.400\Extensions\Microsoft.Diagnostics.NETCore.Client.dll
C:\Program Files\dotnet\sdk\8.0.400\Extensions\Microsoft.TestPlatform.Extensions.BlameDataCollector.dll
C:\Program Files\dotnet\sdk\8.0.400\Extensions\Microsoft.TestPlatform.Extensions.EventLogCollector.dll
C:\Program Files\dotnet\sdk\8.0.400\Extensions\Microsoft.TestPlatform.TestHostRuntimeProvider.dll
C:\Program Files\dotnet\sdk\8.0.400\Extensions\Microsoft.VisualStudio.TestPlatform.Extensions.Html.TestLogger.dll
C:\Program Files\dotnet\sdk\8.0.400\Extensions\Microsoft.VisualStudio.TestPlatform.Extensions.Trx.TestLogger.dll
TpTrace Verbose: 0 : 75004, 1, 2024/11/03, 15:12:31.002, 12916130235061, vstest.console.dll, TestPluginCache.GetExtensionPaths: Added unfilterableExtensionPaths: 
TpTrace Verbose: 0 : 75004, 1, 2024/11/03, 15:12:31.002, 12916130235536, vstest.console.dll, TestPluginCache.DiscoverTestExtensions: Discovering the extensions using allExtensionPaths: C:\Program Files\dotnet\sdk\8.0.400\Extensions\Microsoft.Diagnostics.NETCore.Client.dll
C:\Program Files\dotnet\sdk\8.0.400\Extensions\Microsoft.TestPlatform.Extensions.BlameDataCollector.dll
C:\Program Files\dotnet\sdk\8.0.400\Extensions\Microsoft.TestPlatform.Extensions.EventLogCollector.dll
C:\Program Files\dotnet\sdk\8.0.400\Extensions\Microsoft.TestPlatform.TestHostRuntimeProvider.dll
C:\Program Files\dotnet\sdk\8.0.400\Extensions\Microsoft.VisualStudio.TestPlatform.Extensions.Html.TestLogger.dll
C:\Program Files\dotnet\sdk\8.0.400\Extensions\Microsoft.VisualStudio.TestPlatform.Extensions.Trx.TestLogger.dll
TpTrace Information: 0 : 75004, 1, 2024/11/03, 15:12:31.002, 12916130236359, vstest.console.dll, AssemblyResolver.AddSearchDirectories: Adding more searchDirectories C:\Program Files\dotnet\sdk\8.0.400\Extensions,C:\Program Files\dotnet\sdk\8.0.400
TpTrace Information: 0 : 75004, 1, 2024/11/03, 15:12:31.002, 12916130236798, vstest.console.dll, AssemblyResolver.AddSearchDirectories: Adding more searchDirectories C:\Program Files\dotnet\sdk\8.0.400\Extensions,C:\Program Files\dotnet\sdk\8.0.400
TpTrace Information: 0 : 75004, 1, 2024/11/03, 15:12:31.002, 12916130237078, vstest.console.dll, AssemblyResolver.AddSearchDirectories: Adding more searchDirectories C:\Program Files\dotnet\sdk\8.0.400\Extensions,C:\Program Files\dotnet\sdk\8.0.400
TpTrace Information: 0 : 75004, 1, 2024/11/03, 15:12:31.002, 12916130237352, vstest.console.dll, AssemblyResolver.AddSearchDirectories: Adding more searchDirectories C:\Program Files\dotnet\sdk\8.0.400\Extensions,C:\Program Files\dotnet\sdk\8.0.400
TpTrace Information: 0 : 75004, 1, 2024/11/03, 15:12:31.002, 12916130237589, vstest.console.dll, AssemblyResolver.AddSearchDirectories: Adding more searchDirectories C:\Program Files\dotnet\sdk\8.0.400\Extensions,C:\Program Files\dotnet\sdk\8.0.400
TpTrace Information: 0 : 75004, 1, 2024/11/03, 15:12:31.002, 12916130237810, vstest.console.dll, AssemblyResolver.AddSearchDirectories: Adding more searchDirectories C:\Program Files\dotnet\sdk\8.0.400\Extensions,C:\Program Files\dotnet\sdk\8.0.400
TpTrace Information: 0 : 75004, 1, 2024/11/03, 15:12:31.003, 12916130242519, vstest.console.dll, AssemblyResolver.OnResolve: Microsoft.Diagnostics.NETCore.Client: Resolving assembly.
TpTrace Information: 0 : 75004, 1, 2024/11/03, 15:12:31.003, 12916130243263, vstest.console.dll, AssemblyResolver.OnResolve: Microsoft.Diagnostics.NETCore.Client: Searching in: 'C:\Program Files\dotnet\sdk\8.0.400\Extensions'.
TpTrace Information: 0 : 75004, 1, 2024/11/03, 15:12:31.010, 12916130312600, vstest.console.dll, AssemblyResolver.OnResolve: Microsoft.Diagnostics.NETCore.Client: Loading assembly 'C:\Program Files\dotnet\sdk\8.0.400\Extensions\Microsoft.Diagnostics.NETCore.Client.dll'.
TpTrace Information: 0 : 75004, 1, 2024/11/03, 15:12:31.012, 12916130333319, vstest.console.dll, AssemblyResolver.OnResolve: Resolved assembly: Microsoft.Diagnostics.NETCore.Client, from path: C:\Program Files\dotnet\sdk\8.0.400\Extensions\Microsoft.Diagnostics.NETCore.Client.dll
TpTrace Verbose: 0 : 75004, 1, 2024/11/03, 15:12:31.016, 12916130371004, vstest.console.dll, MetadataReaderExtensionsHelper: Discovering extensions inside assembly 'Microsoft.Diagnostics.NETCore.Client, Version=0.2.10.30701, Culture=neutral, PublicKeyToken=31bf3856ad364e35' file path 'C:\Program Files\dotnet\sdk\8.0.400\Extensions\Microsoft.Diagnostics.NETCore.Client.dll'
TpTrace Information: 0 : 75004, 1, 2024/11/03, 15:12:31.019, 12916130402747, vstest.console.dll, AssemblyResolver.OnResolve: Microsoft.Bcl.AsyncInterfaces: Resolving assembly.
TpTrace Information: 0 : 75004, 1, 2024/11/03, 15:12:31.019, 12916130403438, vstest.console.dll, AssemblyResolver.OnResolve: Microsoft.Bcl.AsyncInterfaces: Searching in: 'C:\Program Files\dotnet\sdk\8.0.400\Extensions'.
TpTrace Information: 0 : 75004, 1, 2024/11/03, 15:12:31.019, 12916130404080, vstest.console.dll, AssemblyResolver.OnResolve: Microsoft.Bcl.AsyncInterfaces: Assembly path does not exist: 'C:\Program Files\dotnet\sdk\8.0.400\Extensions\Microsoft.Bcl.AsyncInterfaces.dll', returning.
TpTrace Information: 0 : 75004, 1, 2024/11/03, 15:12:31.019, 12916130404606, vstest.console.dll, AssemblyResolver.OnResolve: Microsoft.Bcl.AsyncInterfaces: Assembly path does not exist: 'C:\Program Files\dotnet\sdk\8.0.400\Extensions\Microsoft.Bcl.AsyncInterfaces.exe', returning.
TpTrace Information: 0 : 75004, 1, 2024/11/03, 15:12:31.019, 12916130404926, vstest.console.dll, AssemblyResolver.OnResolve: Microsoft.Bcl.AsyncInterfaces: Searching in: 'C:\Program Files\dotnet\sdk\8.0.400'.
TpTrace Information: 0 : 75004, 1, 2024/11/03, 15:12:31.019, 12916130405429, vstest.console.dll, AssemblyResolver.OnResolve: Microsoft.Bcl.AsyncInterfaces: Assembly path does not exist: 'C:\Program Files\dotnet\sdk\8.0.400\Microsoft.Bcl.AsyncInterfaces.dll', returning.
TpTrace Information: 0 : 75004, 1, 2024/11/03, 15:12:31.019, 12916130405881, vstest.console.dll, AssemblyResolver.OnResolve: Microsoft.Bcl.AsyncInterfaces: Assembly path does not exist: 'C:\Program Files\dotnet\sdk\8.0.400\Microsoft.Bcl.AsyncInterfaces.exe', returning.
TpTrace Information: 0 : 75004, 1, 2024/11/03, 15:12:31.019, 12916130406111, vstest.console.dll, AssemblyResolver.OnResolve: Microsoft.Bcl.AsyncInterfaces: Failed to load assembly.
TpTrace Verbose: 0 : 75004, 1, 2024/11/03, 15:12:31.019, 12916130406357, vstest.console.dll, CurrentDomainAssemblyResolve: Resolving assembly 'Microsoft.Bcl.AsyncInterfaces'.
TpTrace Information: 0 : 75004, 1, 2024/11/03, 15:12:31.019, 12916130406828, vstest.console.dll, AssemblyResolver.OnResolve: Microsoft.Bcl.AsyncInterfaces: Resolving assembly.
TpTrace Information: 0 : 75004, 1, 2024/11/03, 15:12:31.019, 12916130407131, vstest.console.dll, AssemblyResolver.OnResolve: Microsoft.Bcl.AsyncInterfaces: Resolved from cache.
TpTrace Verbose: 0 : 75004, 1, 2024/11/03, 15:12:31.019, 12916130407336, vstest.console.dll, CurrentDomainAssemblyResolve: Resolving assembly 'Microsoft.Bcl.AsyncInterfaces'.
TpTrace Verbose: 0 : 75004, 1, 2024/11/03, 15:12:31.019, 12916130407579, vstest.console.dll, CurrentDomainAssemblyResolve: Failed to resolve assembly 'Microsoft.Bcl.AsyncInterfaces'.
TpTrace Verbose: 0 : 75004, 1, 2024/11/03, 15:12:31.023, 12916130443169, vstest.console.dll, CurrentDomainAssemblyResolve: Failed to resolve assembly 'Microsoft.Bcl.AsyncInterfaces'.
TpTrace Warning: 0 : 75004, 1, 2024/11/03, 15:12:31.037, 12916130587046, vstest.console.dll, TestPluginDiscoverer: Failed to get types from assembly 'Microsoft.Diagnostics.NETCore.Client, Version=0.2.10.30701, Culture=neutral, PublicKeyToken=31bf3856ad364e35'. Error: System.Reflection.ReflectionTypeLoadException: Unable to load one or more of the requested types.
Could not load file or assembly 'Microsoft.Bcl.AsyncInterfaces, Version=6.0.0.0, Culture=neutral, PublicKeyToken=cc7b13ffcd2ddd51'. The system cannot find the file specified.
   at System.Reflection.RuntimeModule.GetTypes(RuntimeModule module)
   at System.Reflection.RuntimeModule.GetTypes()
   at Microsoft.VisualStudio.TestPlatform.Common.ExtensionFramework.TestPluginDiscoverer.GetTestExtensionsFromAssembly[TPluginInfo,TExtension](Assembly assembly, Dictionary`2 pluginInfos, String filePath) in /_/src/Microsoft.TestPlatform.Common/ExtensionFramework/TestPluginDiscoverer.cs:line 158
System.IO.FileNotFoundException: Could not load file or assembly 'Microsoft.Bcl.AsyncInterfaces, Version=6.0.0.0, Culture=neutral, PublicKeyToken=cc7b13ffcd2ddd51'. The system cannot find the file specified.
File name: 'Microsoft.Bcl.AsyncInterfaces, Version=6.0.0.0, Culture=neutral, PublicKeyToken=cc7b13ffcd2ddd51'
 ---> System.IO.FileNotFoundException: Could not load file or assembly 'Microsoft.Bcl.AsyncInterfaces, Culture=neutral, PublicKeyToken=null'. The system cannot find the file specified.
File name: 'Microsoft.Bcl.AsyncInterfaces, Culture=neutral, PublicKeyToken=null'
   at System.Reflection.RuntimeAssembly.InternalLoad(AssemblyName assemblyName, StackCrawlMark& stackMark, AssemblyLoadContext assemblyLoadContext, RuntimeAssembly requestingAssembly, Boolean throwOnFileNotFound)
   at System.Reflection.Assembly.Load(AssemblyName assemblyRef)
   at Microsoft.VisualStudio.TestPlatform.Common.ExtensionFramework.TestPluginCache.CurrentDomainAssemblyResolve(Object sender, AssemblyResolveEventArgs args) in /_/src/Microsoft.TestPlatform.Common/ExtensionFramework/TestPluginCache.cs:line 513
   at System.Runtime.Loader.AssemblyLoadContext.GetFirstResolvedAssemblyFromResolvingEvent(AssemblyName assemblyName)
   at System.Runtime.Loader.AssemblyLoadContext.ResolveUsingEvent(AssemblyName assemblyName)
   at System.Runtime.Loader.AssemblyLoadContext.ResolveUsingResolvingEvent(IntPtr gchManagedAssemblyLoadContext, AssemblyName assemblyName)
TpTrace Warning: 0 : 75004, 1, 2024/11/03, 15:12:31.037, 12916130589782, vstest.console.dll, LoaderExceptions: System.IO.FileNotFoundException: Could not load file or assembly 'Microsoft.Bcl.AsyncInterfaces, Version=6.0.0.0, Culture=neutral, PublicKeyToken=cc7b13ffcd2ddd51'. The system cannot find the file specified.
File name: 'Microsoft.Bcl.AsyncInterfaces, Version=6.0.0.0, Culture=neutral, PublicKeyToken=cc7b13ffcd2ddd51'
 ---> System.IO.FileNotFoundException: Could not load file or assembly 'Microsoft.Bcl.AsyncInterfaces, Culture=neutral, PublicKeyToken=null'. The system cannot find the file specified.
File name: 'Microsoft.Bcl.AsyncInterfaces, Culture=neutral, PublicKeyToken=null'
   at System.Reflection.RuntimeAssembly.InternalLoad(AssemblyName assemblyName, StackCrawlMark& stackMark, AssemblyLoadContext assemblyLoadContext, RuntimeAssembly requestingAssembly, Boolean throwOnFileNotFound)
   at System.Reflection.Assembly.Load(AssemblyName assemblyRef)
   at Microsoft.VisualStudio.TestPlatform.Common.ExtensionFramework.TestPluginCache.CurrentDomainAssemblyResolve(Object sender, AssemblyResolveEventArgs args) in /_/src/Microsoft.TestPlatform.Common/ExtensionFramework/TestPluginCache.cs:line 513
   at System.Runtime.Loader.AssemblyLoadContext.GetFirstResolvedAssemblyFromResolvingEvent(AssemblyName assemblyName)
   at System.Runtime.Loader.AssemblyLoadContext.ResolveUsingEvent(AssemblyName assemblyName)
   at System.Runtime.Loader.AssemblyLoadContext.ResolveUsingResolvingEvent(IntPtr gchManagedAssemblyLoadContext, AssemblyName assemblyName)
TpTrace Information: 0 : 75004, 1, 2024/11/03, 15:12:31.038, 12916130590879, vstest.console.dll, AssemblyResolver.OnResolve: Microsoft.TestPlatform.Extensions.BlameDataCollector: Resolving assembly.
TpTrace Information: 0 : 75004, 1, 2024/11/03, 15:12:31.038, 12916130591353, vstest.console.dll, AssemblyResolver.OnResolve: Microsoft.TestPlatform.Extensions.BlameDataCollector: Searching in: 'C:\Program Files\dotnet\sdk\8.0.400\Extensions'.
TpTrace Information: 0 : 75004, 1, 2024/11/03, 15:12:31.040, 12916130617493, vstest.console.dll, AssemblyResolver.OnResolve: Microsoft.TestPlatform.Extensions.BlameDataCollector: Loading assembly 'C:\Program Files\dotnet\sdk\8.0.400\Extensions\Microsoft.TestPlatform.Extensions.BlameDataCollector.dll'.
TpTrace Information: 0 : 75004, 1, 2024/11/03, 15:12:31.044, 12916130657281, vstest.console.dll, AssemblyResolver.OnResolve: Resolved assembly: Microsoft.TestPlatform.Extensions.BlameDataCollector, from path: C:\Program Files\dotnet\sdk\8.0.400\Extensions\Microsoft.TestPlatform.Extensions.BlameDataCollector.dll
TpTrace Verbose: 0 : 75004, 1, 2024/11/03, 15:12:31.045, 12916130660508, vstest.console.dll, MetadataReaderExtensionsHelper: Discovering extensions inside assembly 'Microsoft.TestPlatform.Extensions.BlameDataCollector, Version=15.0.0.0, Culture=neutral, PublicKeyToken=b03f5f7f11d50a3a' file path 'C:\Program Files\dotnet\sdk\8.0.400\Extensions\Microsoft.TestPlatform.Extensions.BlameDataCollector.dll'
TpTrace Information: 0 : 75004, 1, 2024/11/03, 15:12:31.051, 12916130727387, vstest.console.dll, AssemblyResolver.OnResolve: Microsoft.TestPlatform.Extensions.EventLogCollector: Resolving assembly.
TpTrace Information: 0 : 75004, 1, 2024/11/03, 15:12:31.052, 12916130730310, vstest.console.dll, AssemblyResolver.OnResolve: Microsoft.TestPlatform.Extensions.EventLogCollector: Searching in: 'C:\Program Files\dotnet\sdk\8.0.400\Extensions'.
TpTrace Information: 0 : 75004, 1, 2024/11/03, 15:12:31.054, 12916130755679, vstest.console.dll, AssemblyResolver.OnResolve: Microsoft.TestPlatform.Extensions.EventLogCollector: Loading assembly 'C:\Program Files\dotnet\sdk\8.0.400\Extensions\Microsoft.TestPlatform.Extensions.EventLogCollector.dll'.
TpTrace Information: 0 : 75004, 1, 2024/11/03, 15:12:31.056, 12916130778444, vstest.console.dll, AssemblyResolver.OnResolve: Resolved assembly: Microsoft.TestPlatform.Extensions.EventLogCollector, from path: C:\Program Files\dotnet\sdk\8.0.400\Extensions\Microsoft.TestPlatform.Extensions.EventLogCollector.dll
TpTrace Verbose: 0 : 75004, 1, 2024/11/03, 15:12:31.057, 12916130780980, vstest.console.dll, MetadataReaderExtensionsHelper: Discovering extensions inside assembly 'Microsoft.TestPlatform.Extensions.EventLogCollector, Version=15.0.0.0, Culture=neutral, PublicKeyToken=b03f5f7f11d50a3a' file path 'C:\Program Files\dotnet\sdk\8.0.400\Extensions\Microsoft.TestPlatform.Extensions.EventLogCollector.dll'
TpTrace Information: 0 : 75004, 1, 2024/11/03, 15:12:31.066, 12916130878227, vstest.console.dll, AssemblyResolver.OnResolve: Microsoft.TestPlatform.TestHostRuntimeProvider: Resolving assembly.
TpTrace Information: 0 : 75004, 1, 2024/11/03, 15:12:31.067, 12916130880965, vstest.console.dll, AssemblyResolver.OnResolve: Microsoft.TestPlatform.TestHostRuntimeProvider: Searching in: 'C:\Program Files\dotnet\sdk\8.0.400\Extensions'.
TpTrace Information: 0 : 75004, 1, 2024/11/03, 15:12:31.069, 12916130907514, vstest.console.dll, AssemblyResolver.OnResolve: Microsoft.TestPlatform.TestHostRuntimeProvider: Loading assembly 'C:\Program Files\dotnet\sdk\8.0.400\Extensions\Microsoft.TestPlatform.TestHostRuntimeProvider.dll'.
TpTrace Information: 0 : 75004, 1, 2024/11/03, 15:12:31.072, 12916130936175, vstest.console.dll, AssemblyResolver.OnResolve: Resolved assembly: Microsoft.TestPlatform.TestHostRuntimeProvider, from path: C:\Program Files\dotnet\sdk\8.0.400\Extensions\Microsoft.TestPlatform.TestHostRuntimeProvider.dll
TpTrace Verbose: 0 : 75004, 1, 2024/11/03, 15:12:31.072, 12916130939102, vstest.console.dll, MetadataReaderExtensionsHelper: Discovering extensions inside assembly 'Microsoft.TestPlatform.TestHostRuntimeProvider, Version=15.0.0.0, Culture=neutral, PublicKeyToken=b03f5f7f11d50a3a' file path 'C:\Program Files\dotnet\sdk\8.0.400\Extensions\Microsoft.TestPlatform.TestHostRuntimeProvider.dll'
TpTrace Information: 0 : 75004, 1, 2024/11/03, 15:12:31.079, 12916131006904, vstest.console.dll, GetTestExtensionFromType: Register extension with identifier data 'HostProvider://DefaultTestHost' and type 'Microsoft.VisualStudio.TestPlatform.CrossPlatEngine.Hosting.DefaultTestHostManager, Microsoft.TestPlatform.TestHostRuntimeProvider, Version=15.0.0.0, Culture=neutral, PublicKeyToken=b03f5f7f11d50a3a' inside file 'C:\Program Files\dotnet\sdk\8.0.400\Extensions\Microsoft.TestPlatform.TestHostRuntimeProvider.dll'
TpTrace Information: 0 : 75004, 1, 2024/11/03, 15:12:31.080, 12916131016166, vstest.console.dll, GetTestExtensionFromType: Register extension with identifier data 'HostProvider://DotnetTestHost' and type 'Microsoft.VisualStudio.TestPlatform.CrossPlatEngine.Hosting.DotnetTestHostManager, Microsoft.TestPlatform.TestHostRuntimeProvider, Version=15.0.0.0, Culture=neutral, PublicKeyToken=b03f5f7f11d50a3a' inside file 'C:\Program Files\dotnet\sdk\8.0.400\Extensions\Microsoft.TestPlatform.TestHostRuntimeProvider.dll'
TpTrace Information: 0 : 75004, 1, 2024/11/03, 15:12:31.080, 12916131018996, vstest.console.dll, AssemblyResolver.OnResolve: Microsoft.VisualStudio.TestPlatform.Extensions.Html.TestLogger: Resolving assembly.
TpTrace Information: 0 : 75004, 1, 2024/11/03, 15:12:31.081, 12916131021176, vstest.console.dll, AssemblyResolver.OnResolve: Microsoft.VisualStudio.TestPlatform.Extensions.Html.TestLogger: Searching in: 'C:\Program Files\dotnet\sdk\8.0.400\Extensions'.
TpTrace Information: 0 : 75004, 1, 2024/11/03, 15:12:31.084, 12916131059064, vstest.console.dll, AssemblyResolver.OnResolve: Microsoft.VisualStudio.TestPlatform.Extensions.Html.TestLogger: Loading assembly 'C:\Program Files\dotnet\sdk\8.0.400\Extensions\Microsoft.VisualStudio.TestPlatform.Extensions.Html.TestLogger.dll'.
TpTrace Information: 0 : 75004, 1, 2024/11/03, 15:12:31.087, 12916131081485, vstest.console.dll, AssemblyResolver.OnResolve: Resolved assembly: Microsoft.VisualStudio.TestPlatform.Extensions.Html.TestLogger, from path: C:\Program Files\dotnet\sdk\8.0.400\Extensions\Microsoft.VisualStudio.TestPlatform.Extensions.Html.TestLogger.dll
TpTrace Verbose: 0 : 75004, 1, 2024/11/03, 15:12:31.087, 12916131084155, vstest.console.dll, MetadataReaderExtensionsHelper: Discovering extensions inside assembly 'Microsoft.VisualStudio.TestPlatform.Extensions.Html.TestLogger, Version=15.0.0.0, Culture=neutral, PublicKeyToken=b03f5f7f11d50a3a' file path 'C:\Program Files\dotnet\sdk\8.0.400\Extensions\Microsoft.VisualStudio.TestPlatform.Extensions.Html.TestLogger.dll'
TpTrace Information: 0 : 75004, 1, 2024/11/03, 15:12:31.091, 12916131123452, vstest.console.dll, AssemblyResolver.OnResolve: Microsoft.VisualStudio.TestPlatform.Extensions.Trx.TestLogger: Resolving assembly.
TpTrace Information: 0 : 75004, 1, 2024/11/03, 15:12:31.091, 12916131126115, vstest.console.dll, AssemblyResolver.OnResolve: Microsoft.VisualStudio.TestPlatform.Extensions.Trx.TestLogger: Searching in: 'C:\Program Files\dotnet\sdk\8.0.400\Extensions'.
TpTrace Information: 0 : 75004, 1, 2024/11/03, 15:12:31.096, 12916131171052, vstest.console.dll, AssemblyResolver.OnResolve: Microsoft.VisualStudio.TestPlatform.Extensions.Trx.TestLogger: Loading assembly 'C:\Program Files\dotnet\sdk\8.0.400\Extensions\Microsoft.VisualStudio.TestPlatform.Extensions.Trx.TestLogger.dll'.
TpTrace Information: 0 : 75004, 1, 2024/11/03, 15:12:31.100, 12916131219821, vstest.console.dll, AssemblyResolver.OnResolve: Resolved assembly: Microsoft.VisualStudio.TestPlatform.Extensions.Trx.TestLogger, from path: C:\Program Files\dotnet\sdk\8.0.400\Extensions\Microsoft.VisualStudio.TestPlatform.Extensions.Trx.TestLogger.dll
TpTrace Verbose: 0 : 75004, 1, 2024/11/03, 15:12:31.101, 12916131223054, vstest.console.dll, MetadataReaderExtensionsHelper: Discovering extensions inside assembly 'Microsoft.VisualStudio.TestPlatform.Extensions.Trx.TestLogger, Version=15.0.0.0, Culture=neutral, PublicKeyToken=b03f5f7f11d50a3a' file path 'C:\Program Files\dotnet\sdk\8.0.400\Extensions\Microsoft.VisualStudio.TestPlatform.Extensions.Trx.TestLogger.dll'
TpTrace Verbose: 0 : 75004, 1, 2024/11/03, 15:12:31.106, 12916131277597, vstest.console.dll, TestPluginCache: Discovered the extensions using extension path ''.
TpTrace Verbose: 0 : 75004, 1, 2024/11/03, 15:12:31.107, 12916131280267, vstest.console.dll, TestPluginCache: Discoverers are ''.
TpTrace Verbose: 0 : 75004, 1, 2024/11/03, 15:12:31.107, 12916131281445, vstest.console.dll, TestPluginCache: Executors are ''.
TpTrace Verbose: 0 : 75004, 1, 2024/11/03, 15:12:31.107, 12916131282361, vstest.console.dll, TestPluginCache: Executors2 are ''.
TpTrace Verbose: 0 : 75004, 1, 2024/11/03, 15:12:31.107, 12916131283220, vstest.console.dll, TestPluginCache: Setting providers are ''.
TpTrace Verbose: 0 : 75004, 1, 2024/11/03, 15:12:31.107, 12916131284468, vstest.console.dll, TestPluginCache: Loggers are ''.
TpTrace Verbose: 0 : 75004, 1, 2024/11/03, 15:12:31.108, 12916131291065, vstest.console.dll, TestPluginCache: TestHosts are 'HostProvider://DefaultTestHost,HostProvider://DotnetTestHost'.
TpTrace Verbose: 0 : 75004, 1, 2024/11/03, 15:12:31.108, 12916131292527, vstest.console.dll, TestPluginCache: DataCollectors are ''.
TpTrace Information: 0 : 75004, 1, 2024/11/03, 15:12:31.162, 12916131835349, vstest.console.dll, RunTestsArgumentProcessor:Execute: Test run is starting.
TpTrace Verbose: 0 : 75004, 1, 2024/11/03, 15:12:31.162, 12916131836187, vstest.console.dll, RunTestsArgumentProcessor:Execute: Queuing Test run.
TpTrace Information: 0 : 75004, 1, 2024/11/03, 15:12:31.162, 12916131837930, vstest.console.dll, TestRequestManager.RunTests: run tests started.
TpTrace Information: 0 : 75004, 1, 2024/11/03, 15:12:31.163, 12916131847358, vstest.console.dll, AssemblyMetadataProvider.GetFrameworkName: Determined framework:'.NETCoreApp,Version=v8.0' for source: 'D:\Projects\AdventOfCode\2015\MD5Hash\FindMD5Hashes.Tests\bin\Debug\net8.0\fine-code-coverage\build-output\MD5HashWithLeadingZeroes.Tests.dll'
TpTrace Information: 0 : 75004, 1, 2024/11/03, 15:12:31.163, 12916131848657, vstest.console.dll, Determined framework for all sources: .NETCoreApp,Version=v8.0
TpTrace Verbose: 0 : 75004, 1, 2024/11/03, 15:12:31.164, 12916131851287, vstest.console.dll, TestRequestManager.UpdateRunSettingsIfRequired: Default architecture: X64 IsDefaultTargetArchitecture: True, Current process architecture: X64 OperatingSystem: Windows.
TpTrace Information: 0 : 75004, 1, 2024/11/03, 15:12:31.165, 12916131865104, vstest.console.dll, AssemblyMetadataProvider.GetArchitecture: Determined architecture:AnyCPU info for assembly: D:\Projects\AdventOfCode\2015\MD5Hash\FindMD5Hashes.Tests\bin\Debug\net8.0\fine-code-coverage\build-output\MD5HashWithLeadingZeroes.Tests.dll
TpTrace Information: 0 : 75004, 1, 2024/11/03, 15:12:31.165, 12916131865788, vstest.console.dll, Determined platform for source 'D:\Projects\AdventOfCode\2015\MD5Hash\FindMD5Hashes.Tests\bin\Debug\net8.0\fine-code-coverage\build-output\MD5HashWithLeadingZeroes.Tests.dll' was AnyCPU and it will use the default plaform X64.
TpTrace Information: 0 : 75004, 1, 2024/11/03, 15:12:31.165, 12916131866028, vstest.console.dll, None of the sources provided any runnable platform, using the default platform: X64
TpTrace Information: 0 : 75004, 1, 2024/11/03, 15:12:31.165, 12916131866871, vstest.console.dll, Platform was updated to 'X64'.
TpTrace Information: 0 : 75004, 1, 2024/11/03, 15:12:31.171, 12916131920604, vstest.console.dll, InferRunSettingsHelper.IsTestSettingsEnabled: Unable to navigate to RunSettings/MSTest. Current node: RunSettings
TpTrace Information: 0 : 75004, 1, 2024/11/03, 15:12:31.171, 12916131926327, vstest.console.dll, AssemblyResolver.OnResolve: Microsoft.VisualStudio.TestPlatform.Fakes: Resolving assembly.
TpTrace Information: 0 : 75004, 1, 2024/11/03, 15:12:31.171, 12916131927056, vstest.console.dll, AssemblyResolver.OnResolve: Microsoft.VisualStudio.TestPlatform.Fakes: Searching in: 'C:\Program Files\dotnet\sdk\8.0.400\Extensions'.
TpTrace Information: 0 : 75004, 1, 2024/11/03, 15:12:31.171, 12916131928157, vstest.console.dll, AssemblyResolver.OnResolve: Microsoft.VisualStudio.TestPlatform.Fakes: Assembly path does not exist: 'C:\Program Files\dotnet\sdk\8.0.400\Extensions\Microsoft.VisualStudio.TestPlatform.Fakes.dll', returning.
TpTrace Information: 0 : 75004, 1, 2024/11/03, 15:12:31.171, 12916131929043, vstest.console.dll, AssemblyResolver.OnResolve: Microsoft.VisualStudio.TestPlatform.Fakes: Assembly path does not exist: 'C:\Program Files\dotnet\sdk\8.0.400\Extensions\Microsoft.VisualStudio.TestPlatform.Fakes.exe', returning.
TpTrace Information: 0 : 75004, 1, 2024/11/03, 15:12:31.171, 12916131929357, vstest.console.dll, AssemblyResolver.OnResolve: Microsoft.VisualStudio.TestPlatform.Fakes: Searching in: 'C:\Program Files\dotnet\sdk\8.0.400'.
TpTrace Information: 0 : 75004, 1, 2024/11/03, 15:12:31.171, 12916131929866, vstest.console.dll, AssemblyResolver.OnResolve: Microsoft.VisualStudio.TestPlatform.Fakes: Assembly path does not exist: 'C:\Program Files\dotnet\sdk\8.0.400\Microsoft.VisualStudio.TestPlatform.Fakes.dll', returning.
TpTrace Information: 0 : 75004, 1, 2024/11/03, 15:12:31.172, 12916131930327, vstest.console.dll, AssemblyResolver.OnResolve: Microsoft.VisualStudio.TestPlatform.Fakes: Assembly path does not exist: 'C:\Program Files\dotnet\sdk\8.0.400\Microsoft.VisualStudio.TestPlatform.Fakes.exe', returning.
TpTrace Information: 0 : 75004, 1, 2024/11/03, 15:12:31.172, 12916131930604, vstest.console.dll, AssemblyResolver.OnResolve: Microsoft.VisualStudio.TestPlatform.Fakes: Failed to load assembly.
TpTrace Information: 0 : 75004, 1, 2024/11/03, 15:12:31.172, 12916131933102, vstest.console.dll, Failed to load assembly Microsoft.VisualStudio.TestPlatform.Fakes, Version=17.0.0.0, Culture=neutral. Reason:System.IO.FileNotFoundException: Could not load file or assembly 'Microsoft.VisualStudio.TestPlatform.Fakes, Version=17.0.0.0, Culture=neutral, PublicKeyToken=null'. The system cannot find the file specified.
File name: 'Microsoft.VisualStudio.TestPlatform.Fakes, Version=17.0.0.0, Culture=neutral, PublicKeyToken=null'
   at System.Reflection.RuntimeAssembly.InternalLoad(AssemblyName assemblyName, StackCrawlMark& stackMark, AssemblyLoadContext assemblyLoadContext, RuntimeAssembly requestingAssembly, Boolean throwOnFileNotFound)
   at System.Reflection.Assembly.Load(AssemblyName assemblyRef)
   at Microsoft.VisualStudio.TestPlatform.Common.Utilities.FakesUtilities.LoadTestPlatformAssembly() in /_/src/Microsoft.TestPlatform.Common/Utilities/FakesUtilities.cs:line 272
TpTrace Verbose: 0 : 75004, 1, 2024/11/03, 15:12:31.175, 12916131961702, vstest.console.dll, TestPluginCache.DiscoverTestExtensions: finding test extensions in assemblies ends with: TestLogger.dll TPluginInfo: Microsoft.VisualStudio.TestPlatform.Common.ExtensionFramework.Utilities.TestLoggerPluginInformation TExtension: Microsoft.VisualStudio.TestPlatform.ObjectModel.Client.ITestLogger
TpTrace Verbose: 0 : 75004, 1, 2024/11/03, 15:12:31.175, 12916131962670, vstest.console.dll, TestPluginCache.GetExtensionPaths: Filtered extension paths: 
TpTrace Verbose: 0 : 75004, 1, 2024/11/03, 15:12:31.175, 12916131962965, vstest.console.dll, TestPluginCache.GetExtensionPaths: Added default extension paths: C:\Program Files\dotnet\sdk\8.0.400\Extensions\Microsoft.Diagnostics.NETCore.Client.dll
C:\Program Files\dotnet\sdk\8.0.400\Extensions\Microsoft.TestPlatform.Extensions.BlameDataCollector.dll
C:\Program Files\dotnet\sdk\8.0.400\Extensions\Microsoft.TestPlatform.Extensions.EventLogCollector.dll
C:\Program Files\dotnet\sdk\8.0.400\Extensions\Microsoft.TestPlatform.TestHostRuntimeProvider.dll
C:\Program Files\dotnet\sdk\8.0.400\Extensions\Microsoft.VisualStudio.TestPlatform.Extensions.Html.TestLogger.dll
C:\Program Files\dotnet\sdk\8.0.400\Extensions\Microsoft.VisualStudio.TestPlatform.Extensions.Trx.TestLogger.dll
TpTrace Verbose: 0 : 75004, 1, 2024/11/03, 15:12:31.175, 12916131963189, vstest.console.dll, TestPluginCache.GetExtensionPaths: Added unfilterableExtensionPaths: 
TpTrace Information: 0 : 75004, 1, 2024/11/03, 15:12:31.175, 12916131964449, vstest.console.dll, AssemblyResolver.AddSearchDirectories: Adding more searchDirectories C:\Program Files\dotnet\sdk\8.0.400\Extensions,C:\Program Files\dotnet\sdk\8.0.400
TpTrace Verbose: 0 : 75004, 1, 2024/11/03, 15:12:31.175, 12916131964815, vstest.console.dll, TestPluginCache.DiscoverTestExtensions: Discovering the extensions using extension path.
TpTrace Verbose: 0 : 75004, 1, 2024/11/03, 15:12:31.175, 12916131965083, vstest.console.dll, TestPluginCache.GetExtensionPaths: Filtered extension paths: 
TpTrace Verbose: 0 : 75004, 1, 2024/11/03, 15:12:31.175, 12916131965327, vstest.console.dll, TestPluginCache.GetExtensionPaths: Added default extension paths: C:\Program Files\dotnet\sdk\8.0.400\Extensions\Microsoft.Diagnostics.NETCore.Client.dll
C:\Program Files\dotnet\sdk\8.0.400\Extensions\Microsoft.TestPlatform.Extensions.BlameDataCollector.dll
C:\Program Files\dotnet\sdk\8.0.400\Extensions\Microsoft.TestPlatform.Extensions.EventLogCollector.dll
C:\Program Files\dotnet\sdk\8.0.400\Extensions\Microsoft.TestPlatform.TestHostRuntimeProvider.dll
C:\Program Files\dotnet\sdk\8.0.400\Extensions\Microsoft.VisualStudio.TestPlatform.Extensions.Html.TestLogger.dll
C:\Program Files\dotnet\sdk\8.0.400\Extensions\Microsoft.VisualStudio.TestPlatform.Extensions.Trx.TestLogger.dll
TpTrace Verbose: 0 : 75004, 1, 2024/11/03, 15:12:31.175, 12916131965541, vstest.console.dll, TestPluginCache.GetExtensionPaths: Added unfilterableExtensionPaths: 
TpTrace Verbose: 0 : 75004, 1, 2024/11/03, 15:12:31.175, 12916131965856, vstest.console.dll, TestPluginCache.DiscoverTestExtensions: Discovering the extensions using allExtensionPaths: C:\Program Files\dotnet\sdk\8.0.400\Extensions\Microsoft.Diagnostics.NETCore.Client.dll
C:\Program Files\dotnet\sdk\8.0.400\Extensions\Microsoft.TestPlatform.Extensions.BlameDataCollector.dll
C:\Program Files\dotnet\sdk\8.0.400\Extensions\Microsoft.TestPlatform.Extensions.EventLogCollector.dll
C:\Program Files\dotnet\sdk\8.0.400\Extensions\Microsoft.TestPlatform.TestHostRuntimeProvider.dll
C:\Program Files\dotnet\sdk\8.0.400\Extensions\Microsoft.VisualStudio.TestPlatform.Extensions.Html.TestLogger.dll
C:\Program Files\dotnet\sdk\8.0.400\Extensions\Microsoft.VisualStudio.TestPlatform.Extensions.Trx.TestLogger.dll
TpTrace Information: 0 : 75004, 1, 2024/11/03, 15:12:31.175, 12916131966228, vstest.console.dll, AssemblyResolver.AddSearchDirectories: Adding more searchDirectories C:\Program Files\dotnet\sdk\8.0.400\Extensions,C:\Program Files\dotnet\sdk\8.0.400
TpTrace Information: 0 : 75004, 1, 2024/11/03, 15:12:31.175, 12916131966537, vstest.console.dll, AssemblyResolver.AddSearchDirectories: Adding more searchDirectories C:\Program Files\dotnet\sdk\8.0.400\Extensions,C:\Program Files\dotnet\sdk\8.0.400
TpTrace Information: 0 : 75004, 1, 2024/11/03, 15:12:31.175, 12916131966773, vstest.console.dll, AssemblyResolver.AddSearchDirectories: Adding more searchDirectories C:\Program Files\dotnet\sdk\8.0.400\Extensions,C:\Program Files\dotnet\sdk\8.0.400
TpTrace Information: 0 : 75004, 1, 2024/11/03, 15:12:31.175, 12916131967000, vstest.console.dll, AssemblyResolver.AddSearchDirectories: Adding more searchDirectories C:\Program Files\dotnet\sdk\8.0.400\Extensions,C:\Program Files\dotnet\sdk\8.0.400
TpTrace Information: 0 : 75004, 1, 2024/11/03, 15:12:31.175, 12916131967230, vstest.console.dll, AssemblyResolver.AddSearchDirectories: Adding more searchDirectories C:\Program Files\dotnet\sdk\8.0.400\Extensions,C:\Program Files\dotnet\sdk\8.0.400
TpTrace Information: 0 : 75004, 1, 2024/11/03, 15:12:31.175, 12916131967513, vstest.console.dll, AssemblyResolver.AddSearchDirectories: Adding more searchDirectories C:\Program Files\dotnet\sdk\8.0.400\Extensions,C:\Program Files\dotnet\sdk\8.0.400
TpTrace Verbose: 0 : 75004, 1, 2024/11/03, 15:12:31.175, 12916131968432, vstest.console.dll, MetadataReaderExtensionsHelper: Discovering extensions inside assembly 'Microsoft.Diagnostics.NETCore.Client, Version=0.2.10.30701, Culture=neutral, PublicKeyToken=31bf3856ad364e35' file path 'C:\Program Files\dotnet\sdk\8.0.400\Extensions\Microsoft.Diagnostics.NETCore.Client.dll'
TpTrace Information: 0 : 75004, 1, 2024/11/03, 15:12:31.176, 12916131976243, vstest.console.dll, AssemblyResolver.OnResolve: Microsoft.Bcl.AsyncInterfaces: Resolving assembly.
TpTrace Information: 0 : 75004, 1, 2024/11/03, 15:12:31.176, 12916131976701, vstest.console.dll, AssemblyResolver.OnResolve: Microsoft.Bcl.AsyncInterfaces: Resolved from cache.
TpTrace Verbose: 0 : 75004, 1, 2024/11/03, 15:12:31.176, 12916131976923, vstest.console.dll, CurrentDomainAssemblyResolve: Resolving assembly 'Microsoft.Bcl.AsyncInterfaces'.
TpTrace Information: 0 : 75004, 1, 2024/11/03, 15:12:31.176, 12916131977283, vstest.console.dll, AssemblyResolver.OnResolve: Microsoft.Bcl.AsyncInterfaces: Resolving assembly.
TpTrace Information: 0 : 75004, 1, 2024/11/03, 15:12:31.176, 12916131977550, vstest.console.dll, AssemblyResolver.OnResolve: Microsoft.Bcl.AsyncInterfaces: Resolved from cache.
TpTrace Verbose: 0 : 75004, 1, 2024/11/03, 15:12:31.176, 12916131977755, vstest.console.dll, CurrentDomainAssemblyResolve: Resolving assembly 'Microsoft.Bcl.AsyncInterfaces'.
TpTrace Verbose: 0 : 75004, 1, 2024/11/03, 15:12:31.176, 12916131977943, vstest.console.dll, CurrentDomainAssemblyResolve: Failed to resolve assembly 'Microsoft.Bcl.AsyncInterfaces'.
TpTrace Verbose: 0 : 75004, 1, 2024/11/03, 15:12:31.176, 12916131979344, vstest.console.dll, CurrentDomainAssemblyResolve: Failed to resolve assembly 'Microsoft.Bcl.AsyncInterfaces'.
TpTrace Warning: 0 : 75004, 1, 2024/11/03, 15:12:31.177, 12916131982230, vstest.console.dll, TestPluginDiscoverer: Failed to get types from assembly 'Microsoft.Diagnostics.NETCore.Client, Version=0.2.10.30701, Culture=neutral, PublicKeyToken=31bf3856ad364e35'. Error: System.Reflection.ReflectionTypeLoadException: Unable to load one or more of the requested types.
Could not load file or assembly 'Microsoft.Bcl.AsyncInterfaces, Version=6.0.0.0, Culture=neutral, PublicKeyToken=cc7b13ffcd2ddd51'. The system cannot find the file specified.
   at System.Reflection.RuntimeModule.GetTypes(RuntimeModule module)
   at System.Reflection.RuntimeModule.GetTypes()
   at Microsoft.VisualStudio.TestPlatform.Common.ExtensionFramework.TestPluginDiscoverer.GetTestExtensionsFromAssembly[TPluginInfo,TExtension](Assembly assembly, Dictionary`2 pluginInfos, String filePath) in /_/src/Microsoft.TestPlatform.Common/ExtensionFramework/TestPluginDiscoverer.cs:line 158
System.IO.FileNotFoundException: Could not load file or assembly 'Microsoft.Bcl.AsyncInterfaces, Version=6.0.0.0, Culture=neutral, PublicKeyToken=cc7b13ffcd2ddd51'. The system cannot find the file specified.
File name: 'Microsoft.Bcl.AsyncInterfaces, Version=6.0.0.0, Culture=neutral, PublicKeyToken=cc7b13ffcd2ddd51'
 ---> System.IO.FileNotFoundException: Could not load file or assembly 'Microsoft.Bcl.AsyncInterfaces, Culture=neutral, PublicKeyToken=null'. The system cannot find the file specified.
File name: 'Microsoft.Bcl.AsyncInterfaces, Culture=neutral, PublicKeyToken=null'
   at System.Reflection.RuntimeAssembly.InternalLoad(AssemblyName assemblyName, StackCrawlMark& stackMark, AssemblyLoadContext assemblyLoadContext, RuntimeAssembly requestingAssembly, Boolean throwOnFileNotFound)
   at System.Reflection.Assembly.Load(AssemblyName assemblyRef)
   at Microsoft.VisualStudio.TestPlatform.Common.ExtensionFramework.TestPluginCache.CurrentDomainAssemblyResolve(Object sender, AssemblyResolveEventArgs args) in /_/src/Microsoft.TestPlatform.Common/ExtensionFramework/TestPluginCache.cs:line 513
   at System.Runtime.Loader.AssemblyLoadContext.GetFirstResolvedAssemblyFromResolvingEvent(AssemblyName assemblyName)
   at System.Runtime.Loader.AssemblyLoadContext.ResolveUsingEvent(AssemblyName assemblyName)
   at System.Runtime.Loader.AssemblyLoadContext.ResolveUsingResolvingEvent(IntPtr gchManagedAssemblyLoadContext, AssemblyName assemblyName)
TpTrace Warning: 0 : 75004, 1, 2024/11/03, 15:12:31.177, 12916131983544, vstest.console.dll, LoaderExceptions: System.IO.FileNotFoundException: Could not load file or assembly 'Microsoft.Bcl.AsyncInterfaces, Version=6.0.0.0, Culture=neutral, PublicKeyToken=cc7b13ffcd2ddd51'. The system cannot find the file specified.
File name: 'Microsoft.Bcl.AsyncInterfaces, Version=6.0.0.0, Culture=neutral, PublicKeyToken=cc7b13ffcd2ddd51'
 ---> System.IO.FileNotFoundException: Could not load file or assembly 'Microsoft.Bcl.AsyncInterfaces, Culture=neutral, PublicKeyToken=null'. The system cannot find the file specified.
File name: 'Microsoft.Bcl.AsyncInterfaces, Culture=neutral, PublicKeyToken=null'
   at System.Reflection.RuntimeAssembly.InternalLoad(AssemblyName assemblyName, StackCrawlMark& stackMark, AssemblyLoadContext assemblyLoadContext, RuntimeAssembly requestingAssembly, Boolean throwOnFileNotFound)
   at System.Reflection.Assembly.Load(AssemblyName assemblyRef)
   at Microsoft.VisualStudio.TestPlatform.Common.ExtensionFramework.TestPluginCache.CurrentDomainAssemblyResolve(Object sender, AssemblyResolveEventArgs args) in /_/src/Microsoft.TestPlatform.Common/ExtensionFramework/TestPluginCache.cs:line 513
   at System.Runtime.Loader.AssemblyLoadContext.GetFirstResolvedAssemblyFromResolvingEvent(AssemblyName assemblyName)
   at System.Runtime.Loader.AssemblyLoadContext.ResolveUsingEvent(AssemblyName assemblyName)
   at System.Runtime.Loader.AssemblyLoadContext.ResolveUsingResolvingEvent(IntPtr gchManagedAssemblyLoadContext, AssemblyName assemblyName)
TpTrace Verbose: 0 : 75004, 1, 2024/11/03, 15:12:31.177, 12916131984205, vstest.console.dll, MetadataReaderExtensionsHelper: Discovering extensions inside assembly 'Microsoft.TestPlatform.Extensions.BlameDataCollector, Version=15.0.0.0, Culture=neutral, PublicKeyToken=b03f5f7f11d50a3a' file path 'C:\Program Files\dotnet\sdk\8.0.400\Extensions\Microsoft.TestPlatform.Extensions.BlameDataCollector.dll'
TpTrace Information: 0 : 75004, 1, 2024/11/03, 15:12:31.178, 12916131989993, vstest.console.dll, GetTestExtensionFromType: Register extension with identifier data 'logger://Microsoft/TestPlatform/Extensions/Blame/v1' and type 'Microsoft.TestPlatform.Extensions.BlameDataCollector.BlameLogger, Microsoft.TestPlatform.Extensions.BlameDataCollector, Version=15.0.0.0, Culture=neutral, PublicKeyToken=b03f5f7f11d50a3a' inside file 'C:\Program Files\dotnet\sdk\8.0.400\Extensions\Microsoft.TestPlatform.Extensions.BlameDataCollector.dll'
TpTrace Verbose: 0 : 75004, 1, 2024/11/03, 15:12:31.178, 12916131990723, vstest.console.dll, MetadataReaderExtensionsHelper: Discovering extensions inside assembly 'Microsoft.TestPlatform.Extensions.EventLogCollector, Version=15.0.0.0, Culture=neutral, PublicKeyToken=b03f5f7f11d50a3a' file path 'C:\Program Files\dotnet\sdk\8.0.400\Extensions\Microsoft.TestPlatform.Extensions.EventLogCollector.dll'
TpTrace Verbose: 0 : 75004, 1, 2024/11/03, 15:12:31.178, 12916131995396, vstest.console.dll, MetadataReaderExtensionsHelper: Discovering extensions inside assembly 'Microsoft.TestPlatform.TestHostRuntimeProvider, Version=15.0.0.0, Culture=neutral, PublicKeyToken=b03f5f7f11d50a3a' file path 'C:\Program Files\dotnet\sdk\8.0.400\Extensions\Microsoft.TestPlatform.TestHostRuntimeProvider.dll'
TpTrace Verbose: 0 : 75004, 1, 2024/11/03, 15:12:31.178, 12916131999193, vstest.console.dll, MetadataReaderExtensionsHelper: Discovering extensions inside assembly 'Microsoft.VisualStudio.TestPlatform.Extensions.Html.TestLogger, Version=15.0.0.0, Culture=neutral, PublicKeyToken=b03f5f7f11d50a3a' file path 'C:\Program Files\dotnet\sdk\8.0.400\Extensions\Microsoft.VisualStudio.TestPlatform.Extensions.Html.TestLogger.dll'
TpTrace Information: 0 : 75004, 1, 2024/11/03, 15:12:31.179, 12916132004749, vstest.console.dll, GetTestExtensionFromType: Register extension with identifier data 'logger://Microsoft/TestPlatform/HtmlLogger/v1' and type 'Microsoft.VisualStudio.TestPlatform.Extensions.HtmlLogger.HtmlLogger, Microsoft.VisualStudio.TestPlatform.Extensions.Html.TestLogger, Version=15.0.0.0, Culture=neutral, PublicKeyToken=b03f5f7f11d50a3a' inside file 'C:\Program Files\dotnet\sdk\8.0.400\Extensions\Microsoft.VisualStudio.TestPlatform.Extensions.Html.TestLogger.dll'
TpTrace Verbose: 0 : 75004, 1, 2024/11/03, 15:12:31.179, 12916132005353, vstest.console.dll, MetadataReaderExtensionsHelper: Discovering extensions inside assembly 'Microsoft.VisualStudio.TestPlatform.Extensions.Trx.TestLogger, Version=15.0.0.0, Culture=neutral, PublicKeyToken=b03f5f7f11d50a3a' file path 'C:\Program Files\dotnet\sdk\8.0.400\Extensions\Microsoft.VisualStudio.TestPlatform.Extensions.Trx.TestLogger.dll'
TpTrace Information: 0 : 75004, 1, 2024/11/03, 15:12:31.179, 12916132009390, vstest.console.dll, GetTestExtensionFromType: Register extension with identifier data 'logger://Microsoft/TestPlatform/TrxLogger/v1' and type 'Microsoft.VisualStudio.TestPlatform.Extensions.TrxLogger.TrxLogger, Microsoft.VisualStudio.TestPlatform.Extensions.Trx.TestLogger, Version=15.0.0.0, Culture=neutral, PublicKeyToken=b03f5f7f11d50a3a' inside file 'C:\Program Files\dotnet\sdk\8.0.400\Extensions\Microsoft.VisualStudio.TestPlatform.Extensions.Trx.TestLogger.dll'
TpTrace Verbose: 0 : 75004, 1, 2024/11/03, 15:12:31.180, 12916132009978, vstest.console.dll, TestPluginCache: Discovered the extensions using extension path ''.
TpTrace Verbose: 0 : 75004, 1, 2024/11/03, 15:12:31.180, 12916132010268, vstest.console.dll, TestPluginCache: Discoverers are ''.
TpTrace Verbose: 0 : 75004, 1, 2024/11/03, 15:12:31.180, 12916132010459, vstest.console.dll, TestPluginCache: Executors are ''.
TpTrace Verbose: 0 : 75004, 1, 2024/11/03, 15:12:31.180, 12916132010635, vstest.console.dll, TestPluginCache: Executors2 are ''.
TpTrace Verbose: 0 : 75004, 1, 2024/11/03, 15:12:31.180, 12916132010843, vstest.console.dll, TestPluginCache: Setting providers are ''.
TpTrace Verbose: 0 : 75004, 1, 2024/11/03, 15:12:31.180, 12916132011418, vstest.console.dll, TestPluginCache: Loggers are 'logger://Microsoft/TestPlatform/Extensions/Blame/v1,logger://Microsoft/TestPlatform/HtmlLogger/v1,logger://Microsoft/TestPlatform/TrxLogger/v1'.
TpTrace Verbose: 0 : 75004, 1, 2024/11/03, 15:12:31.180, 12916132011770, vstest.console.dll, TestPluginCache: TestHosts are 'HostProvider://DefaultTestHost,HostProvider://DotnetTestHost'.
TpTrace Verbose: 0 : 75004, 1, 2024/11/03, 15:12:31.180, 12916132012002, vstest.console.dll, TestPluginCache: DataCollectors are ''.
TpTrace Information: 0 : 75004, 1, 2024/11/03, 15:12:31.180, 12916132018666, vstest.console.dll, TestPluginManager.CreateTestExtension: Attempting to load test extension: Microsoft.TestPlatform.Extensions.BlameDataCollector.BlameLogger
TpTrace Verbose: 0 : 75004, 1, 2024/11/03, 15:12:31.190, 12916132116025, vstest.console.dll, TestEngine: Initializing Parallel Execution as MaxCpuCount is set to: 1
TpTrace Information: 0 : 75004, 1, 2024/11/03, 15:12:31.191, 12916132129506, vstest.console.dll, TestPluginManager.CreateTestExtension: Attempting to load test extension: Microsoft.VisualStudio.TestPlatform.CrossPlatEngine.Hosting.DefaultTestHostManager
TpTrace Information: 0 : 75004, 1, 2024/11/03, 15:12:31.192, 12916132135440, vstest.console.dll, TestPluginManager.CreateTestExtension: Attempting to load test extension: Microsoft.VisualStudio.TestPlatform.CrossPlatEngine.Hosting.DotnetTestHostManager
TpTrace Verbose: 0 : 75004, 1, 2024/11/03, 15:12:31.192, 12916132137512, vstest.console.dll, TestHostManagerCallbacks.ctor: Forwarding output is enabled.
TpTrace Information: 0 : 75004, 1, 2024/11/03, 15:12:31.193, 12916132140942, vstest.console.dll, InferRunSettingsHelper.IsTestSettingsEnabled: Unable to navigate to RunSettings/MSTest. Current node: RunSettings
TpTrace Verbose: 0 : 75004, 1, 2024/11/03, 15:12:31.193, 12916132146782, vstest.console.dll, ParallelOperationManager.ClearSlots: Clearing all slots. Slots should accept more work: True
TpTrace Verbose: 0 : 75004, 1, 2024/11/03, 15:12:31.194, 12916132151981, vstest.console.dll, ParallelOperationManager.SetOccupiedSlotCount: Setting slot counts AvailableSlotCount = 1, OccupiedSlotCount = 0.
TpTrace Verbose: 0 : 75004, 1, 2024/11/03, 15:12:31.194, 12916132154609, vstest.console.dll, Occupied slots:

TpTrace Verbose: 0 : 75004, 1, 2024/11/03, 15:12:31.197, 12916132181557, vstest.console.dll, TestEngine.GetExecutionManager: Chosen execution manager 'Microsoft.VisualStudio.TestPlatform.CrossPlatEngine.Client.Parallel.ParallelProxyExecutionManager, Microsoft.TestPlatform.CrossPlatEngine, Version=15.0.0.0, Culture=neutral, PublicKeyToken=b03f5f7f11d50a3a' ParallelLevel '1'.
TpTrace Verbose: 0 : 75004, 1, 2024/11/03, 15:12:31.197, 12916132183158, vstest.console.dll, TestPlatform.GetSkipDefaultAdapters: Not skipping default adapters SkipDefaultAdapters was false.
TpTrace Verbose: 0 : 75004, 1, 2024/11/03, 15:12:31.197, 12916132183928, vstest.console.dll, TestRunRequest.ExecuteAsync: Creating test run request.
TpTrace Verbose: 0 : 75004, 1, 2024/11/03, 15:12:31.197, 12916132187339, vstest.console.dll, TestRunRequest.ExecuteAsync: Starting.
TpTrace Information: 0 : 75004, 1, 2024/11/03, 15:12:31.198, 12916132197230, vstest.console.dll, TestRunRequest.ExecuteAsync: Starting run with settings:TestRunCriteria:
   KeepAlive=False,FrequencyOfRunStatsChangeEvent=10,RunStatsChangeEventTimeout=00:00:01.5000000,TestCaseFilter=,TestExecutorLauncher=
   Settingsxml=<RunSettings>
  <RunConfiguration>
    <ResultsDirectory>D:\Projects\AdventOfCode\2015\MD5Hash\FindMD5Hashes.Tests\bin\Debug\net8.0\fine-code-coverage\coverage-tool-output</ResultsDirectory>
    <TargetPlatform>X64</TargetPlatform>
    <TargetFrameworkVersion>.NETCoreApp,Version=v8.0</TargetFrameworkVersion>
    <DesignMode>False</DesignMode>
    <CollectSourceInformation>False</CollectSourceInformation>
  </RunConfiguration>
  <LoggerRunSettings>
    <Loggers>
      <Logger friendlyName="blame" enabled="True" />
      <Logger friendlyName="Console" uri="logger://microsoft/TestPlatform/ConsoleLogger/v1" assemblyQualifiedName="Microsoft.VisualStudio.TestPlatform.CommandLine.Internal.ConsoleLogger, vstest.console, Version=15.0.0.0, Culture=neutral, PublicKeyToken=b03f5f7f11d50a3a" codeBase="C:\Program Files\dotnet\sdk\8.0.400\vstest.console.dll" enabled="True" />
    </Loggers>
  </LoggerRunSettings>
  <DataCollectionRunSettings>
    <DataCollectors>
      <DataCollector friendlyName="blame" enabled="True">
        <Configuration>
          <ResultsDirectory>D:\Projects\AdventOfCode\2015\MD5Hash\FindMD5Hashes.Tests\bin\Debug\net8.0\fine-code-coverage\coverage-tool-output</ResultsDirectory>
        </Configuration>
      </DataCollector>
    </DataCollectors>
  </DataCollectionRunSettings>
</RunSettings>

TpTrace Verbose: 0 : 75004, 1, 2024/11/03, 15:12:31.198, 12916132197747, vstest.console.dll, TestRunRequest.ExecuteAsync: Wait for the first run request is over.
TpTrace Verbose: 0 : 75004, 1, 2024/11/03, 15:12:31.199, 12916132203543, vstest.console.dll, MulticastDelegateUtilities.SafeInvoke: TestRun.TestRunStart: Invoking callbacks was skipped because there are no subscribers.
TpTrace Verbose: 0 : 75004, 4, 2024/11/03, 15:12:31.199, 12916132205072, vstest.console.dll, MulticastDelegateUtilities.SafeInvoke: InternalTestLoggerEvents.SendTestRunStart: Invoking callback 1/1 for Microsoft.VisualStudio.TestPlatform.CommandLine.Internal.ConsoleLogger., took 0 ms.
TpTrace Verbose: 0 : 75004, 1, 2024/11/03, 15:12:31.200, 12916132213839, vstest.console.dll, ParallelProxyExecutionManager: Start execution. Total sources: 1
TpTrace Verbose: 0 : 75004, 1, 2024/11/03, 15:12:31.200, 12916132217420, vstest.console.dll, ParallelOperationManager.StartWork: Starting adding 1 workloads.
TpTrace Verbose: 0 : 75004, 1, 2024/11/03, 15:12:31.200, 12916132218304, vstest.console.dll, ParallelOperationManager.ClearSlots: Clearing all slots. Slots should accept more work: True
TpTrace Verbose: 0 : 75004, 1, 2024/11/03, 15:12:31.200, 12916132218993, vstest.console.dll, ParallelOperationManager.SetOccupiedSlotCount: Setting slot counts AvailableSlotCount = 1, OccupiedSlotCount = 0.
TpTrace Verbose: 0 : 75004, 1, 2024/11/03, 15:12:31.200, 12916132219333, vstest.console.dll, Occupied slots:

TpTrace Verbose: 0 : 75004, 1, 2024/11/03, 15:12:31.202, 12916132229917, vstest.console.dll, TestHostManagerCallbacks.ctor: Forwarding output is enabled.
TpTrace Verbose: 0 : 75004, 1, 2024/11/03, 15:12:31.202, 12916132232091, vstest.console.dll, TestRequestSender is acting as server.
TpTrace Verbose: 0 : 75004, 1, 2024/11/03, 15:12:31.203, 12916132244309, vstest.console.dll, ParallelOperationManager.RunWorkInParallel: Adding 1 workload to slot, remaining workloads 0.
TpTrace Verbose: 0 : 75004, 1, 2024/11/03, 15:12:31.203, 12916132245070, vstest.console.dll, ParallelOperationManager.SetOccupiedSlotCount: Setting slot counts AvailableSlotCount = 0, OccupiedSlotCount = 1.
TpTrace Verbose: 0 : 75004, 1, 2024/11/03, 15:12:31.203, 12916132246284, vstest.console.dll, Occupied slots:
0: D:\Projects\AdventOfCode\2015\MD5Hash\FindMD5Hashes.Tests\bin\Debug\net8.0\fine-code-coverage\build-output\MD5HashWithLeadingZeroes.Tests.dll
TpTrace Verbose: 0 : 75004, 1, 2024/11/03, 15:12:31.204, 12916132255544, vstest.console.dll, ParallelOperationManager.RunWorkInParallel: Started host in slot number 0 for work (source): D:\Projects\AdventOfCode\2015\MD5Hash\FindMD5Hashes.Tests\bin\Debug\net8.0\fine-code-coverage\build-output\MD5HashWithLeadingZeroes.Tests.dll.
TpTrace Verbose: 0 : 75004, 1, 2024/11/03, 15:12:31.205, 12916132261538, vstest.console.dll, ParallelOperationManager.RunWorkInParallel: We started 1 work items, which is the max parallel level. Won't start more work.
TpTrace Verbose: 0 : 75004, 1, 2024/11/03, 15:12:31.205, 12916132262012, vstest.console.dll, ParallelOperationManager.RunWorkInParallel: We started 1 work items in here, returning True.
TpTrace Information: 0 : 75004, 1, 2024/11/03, 15:12:31.205, 12916132262338, vstest.console.dll, TestRunRequest.ExecuteAsync: Started.
TpTrace Verbose: 0 : 75004, 5, 2024/11/03, 15:12:31.205, 12916132262486, vstest.console.dll, ParallelProxyExecutionManager.StartTestRunOnConcurrentManager: Initializing uninitialized client. Started clients: 0
TpTrace Verbose: 0 : 75004, 5, 2024/11/03, 15:12:31.205, 12916132263686, vstest.console.dll, DataCollectionRequestSender.InitializeCommunication : Initialize communication. 
TpTrace Verbose: 0 : 75004, 1, 2024/11/03, 15:12:31.205, 12916132267449, vstest.console.dll, TestRunRequest.WaitForCompletion: Waiting with timeout -1.
TpTrace Information: 0 : 75004, 5, 2024/11/03, 15:12:31.211, 12916132319984, vstest.console.dll, Listening on Endpoint : 127.0.0.1:62271
TpTrace Verbose: 0 : 75004, 5, 2024/11/03, 15:12:31.216, 12916132379272, vstest.console.dll, DotnetDataCollectionLauncher: Adding  --runtimeconfig "C:\Program Files\dotnet\sdk\8.0.400\datacollector.runtimeconfig.json" in args
TpTrace Verbose: 0 : 75004, 5, 2024/11/03, 15:12:31.217, 12916132382675, vstest.console.dll, DotnetDataCollectionLauncher: Adding  --depsfile "C:\Program Files\dotnet\sdk\8.0.400\datacollector.deps.json" in args
TpTrace Verbose: 0 : 75004, 5, 2024/11/03, 15:12:31.217, 12916132384129, vstest.console.dll, DotnetDataCollectionLauncher: Full path of dotnet.exe is C:\Program Files\dotnet\dotnet.exe
TpTrace Information: 0 : 75004, 5, 2024/11/03, 15:12:31.225, 12916132464530, vstest.console.dll, ProxyDataCollectionManager.Initialize: Launched datacollector processId: 104668 port: 62271
TpTrace Information: 0 : 75004, 5, 2024/11/03, 15:12:31.225, 12916132465787, vstest.console.dll, ProxyDataCollectionManager.Initialize: waiting for connection with timeout: 90 seconds
TpTrace Verbose: 0 : 75004, 5, 2024/11/03, 15:12:31.225, 12916132466175, vstest.console.dll, DataCollectionRequestSender.WaitForRequestHandlerConnection : Waiting for connection with timeout: 90000
TpTrace Information: 0 : 75004, 7, 2024/11/03, 15:12:31.335, 12916133561779, vstest.console.dll, Using the buffer size of 16384 bytes
TpTrace Verbose: 0 : 75004, 5, 2024/11/03, 15:12:31.335, 12916133561804, vstest.console.dll, SocketCommunicationManager.WaitForClientConnection took: 109 ms, with 90000 ms timeout, and finished with True.
TpTrace Information: 0 : 75004, 7, 2024/11/03, 15:12:31.335, 12916133562741, vstest.console.dll, Accepted Client request and set the flag
TpTrace Verbose: 0 : 75004, 5, 2024/11/03, 15:12:31.335, 12916133563518, vstest.console.dll, ProxyDataCollectionManager.InvokeDataCollectionServiceAction: Starting.
TpTrace Information: 0 : 75004, 5, 2024/11/03, 15:12:31.335, 12916133564134, vstest.console.dll, ProxyDataCollectionManager.BeforeTestRunStart: Get environment variable and port for datacollector processId: 104668 port: 62271
TpTrace Verbose: 0 : 75004, 5, 2024/11/03, 15:12:31.335, 12916133564909, vstest.console.dll, DataCollectionRequestSender.SendBeforeTestRunStartAndGetResult: Send BeforeTestRunStart message with settingsXml <RunSettings><RunConfiguration><ResultsDirectory>D:\Projects\AdventOfCode\2015\MD5Hash\FindMD5Hashes.Tests\bin\Debug\net8.0\fine-code-coverage\coverage-tool-output</ResultsDirectory><TargetPlatform>X64</TargetPlatform><TargetFrameworkVersion>.NETCoreApp,Version=v8.0</TargetFrameworkVersion><DesignMode>False</DesignMode><CollectSourceInformation>False</CollectSourceInformation><TestAdaptersPaths>C:\Program Files\dotnet\sdk\8.0.400\Extensions</TestAdaptersPaths></RunConfiguration><LoggerRunSettings><Loggers><Logger friendlyName="blame" enabled="True" /><Logger friendlyName="Console" uri="logger://microsoft/TestPlatform/ConsoleLogger/v1" assemblyQualifiedName="Microsoft.VisualStudio.TestPlatform.CommandLine.Internal.ConsoleLogger, vstest.console, Version=15.0.0.0, Culture=neutral, PublicKeyToken=b03f5f7f11d50a3a" codeBase="C:\Program Files\dotnet\sdk\8.0.400\vstest.console.dll" enabled="True" /></Loggers></LoggerRunSettings><DataCollectionRunSettings><DataCollectors><DataCollector friendlyName="blame" enabled="True"><Configuration><ResultsDirectory>D:\Projects\AdventOfCode\2015\MD5Hash\FindMD5Hashes.Tests\bin\Debug\net8.0\fine-code-coverage\coverage-tool-output</ResultsDirectory></Configuration></DataCollector></DataCollectors></DataCollectionRunSettings></RunSettings> and sources System.Collections.Generic.List`1[System.String]: 
TpTrace Verbose: 0 : 75004, 5, 2024/11/03, 15:12:31.382, 12916134039378, vstest.console.dll, DataCollectionRequestSender.SendBeforeTestRunStartAndGetResult: Received message: (DataCollection.SendMessage) -> {"MessageType":"DataCollection.SendMessage","Payload":{"FriendlyName":null,"Uri":null,"TestCaseId":"00000000-0000-0000-0000-000000000000","Message":"Logging DataCollector Diagnostics in file: D:\\Projects\\AdventOfCode\\2015\\MD5Hash\\FindMD5Hashes.Tests\\bin\\Debug\\net8.0\\fine-code-coverage\\coverage-tool-output\\diagnostics.datacollector.24-11-03_15-12-31_21641_5.log","Level":0}}
TpTrace Verbose: 0 : 75004, 5, 2024/11/03, 15:12:31.457, 12916134783366, vstest.console.dll, DataCollectionRequestSender.SendBeforeTestRunStartAndGetResult: Received message: (DataCollection.BeforeTestRunStartResult) -> {"MessageType":"DataCollection.BeforeTestRunStartResult","Payload":{"EnvironmentVariables":{},"DataCollectionEventsPort":62273}}
TpTrace Information: 0 : 75004, 5, 2024/11/03, 15:12:31.460, 12916134818069, vstest.console.dll, ProxyDataCollectionManager.BeforeTestRunStart: SendBeforeTestRunStartAndGetResult successful, env variable from datacollector:   and testhost port: 62273
TpTrace Information: 0 : 75004, 5, 2024/11/03, 15:12:31.460, 12916134818962, vstest.console.dll, ProxyDataCollectionManager.InvokeDataCollectionServiceAction: Completed.
TpTrace Verbose: 0 : 75004, 5, 2024/11/03, 15:12:31.460, 12916134819247, vstest.console.dll, ParallelProxyExecutionManager.StartTestRunOnConcurrentManager: Initializing test run. Started clients: 0
TpTrace Verbose: 0 : 75004, 5, 2024/11/03, 15:12:31.461, 12916134819981, vstest.console.dll, ProxyExecutionManager: Test host is always Lazy initialize.
TpTrace Verbose: 0 : 75004, 5, 2024/11/03, 15:12:31.461, 12916134821716, vstest.console.dll, TestRequestSender.InitializeCommunication: initialize communication. 
TpTrace Information: 0 : 75004, 5, 2024/11/03, 15:12:31.461, 12916134825304, vstest.console.dll, SocketServer.Start: Listening on endpoint : 127.0.0.1:62274
TpTrace Verbose: 0 : 75004, 5, 2024/11/03, 15:12:31.462, 12916134830888, vstest.console.dll, DotnetTestHostmanager.GetTestHostProcessStartInfo: Platform environment 'X64' target architecture 'X64' framework '.NETCoreApp,Version=v8.0' OS 'Windows'
TpTrace Verbose: 0 : 75004, 5, 2024/11/03, 15:12:31.462, 12916134832291, vstest.console.dll, DotnetTestHostmanager: Adding  --runtimeconfig "D:\Projects\AdventOfCode\2015\MD5Hash\FindMD5Hashes.Tests\bin\Debug\net8.0\fine-code-coverage\build-output\MD5HashWithLeadingZeroes.Tests.runtimeconfig.json" in args
TpTrace Verbose: 0 : 75004, 5, 2024/11/03, 15:12:31.462, 12916134832827, vstest.console.dll, DotnetTestHostmanager: Adding  --depsfile "D:\Projects\AdventOfCode\2015\MD5Hash\FindMD5Hashes.Tests\bin\Debug\net8.0\fine-code-coverage\build-output\MD5HashWithLeadingZeroes.Tests.deps.json" in args
TpTrace Verbose: 0 : 75004, 5, 2024/11/03, 15:12:31.462, 12916134834004, vstest.console.dll, DotnetTestHostmanager.IsWinOnArm: Current PROCESSOR_ARCHITECTURE from environment variable 'AMD64'
TpTrace Verbose: 0 : 75004, 5, 2024/11/03, 15:12:31.462, 12916134834491, vstest.console.dll, DotnetTestHostmanager.IsWinOnArm: Is Windows on ARM 'False'
TpTrace Verbose: 0 : 75004, 5, 2024/11/03, 15:12:31.462, 12916134834892, vstest.console.dll, DotnetTestHostManager: testhost.exe found at path: D:\Projects\AdventOfCode\2015\MD5Hash\FindMD5Hashes.Tests\bin\Debug\net8.0\fine-code-coverage\build-output\testhost.exe
TpTrace Verbose: 0 : 75004, 5, 2024/11/03, 15:12:31.462, 12916134835180, vstest.console.dll, DotnetTestHostmanager: Full path of host exe is D:\Projects\AdventOfCode\2015\MD5Hash\FindMD5Hashes.Tests\bin\Debug\net8.0\fine-code-coverage\build-output\testhost.exe
TpTrace Verbose: 0 : 75004, 5, 2024/11/03, 15:12:31.462, 12916134836254, vstest.console.dll, DotnetTestHostmanager.LaunchTestHostAsync: Found 'VSTEST_WINAPPHOST_DOTNET_ROOT' in env variables, value 'C:\Program Files\dotnet', forwarding to 'DOTNET_ROOT'
TpTrace Verbose: 0 : 75004, 5, 2024/11/03, 15:12:31.462, 12916134837308, vstest.console.dll, DotnetTestHostManager: Starting process 'D:\Projects\AdventOfCode\2015\MD5Hash\FindMD5Hashes.Tests\bin\Debug\net8.0\fine-code-coverage\build-output\testhost.exe' with command line ' --runtimeconfig "D:\Projects\AdventOfCode\2015\MD5Hash\FindMD5Hashes.Tests\bin\Debug\net8.0\fine-code-coverage\build-output\MD5HashWithLeadingZeroes.Tests.runtimeconfig.json" --depsfile "D:\Projects\AdventOfCode\2015\MD5Hash\FindMD5Hashes.Tests\bin\Debug\net8.0\fine-code-coverage\build-output\MD5HashWithLeadingZeroes.Tests.deps.json" --port 62274 --endpoint 127.0.0.1:062274 --role client --parentprocessid 75004 --diag "D:\Projects\AdventOfCode\2015\MD5Hash\FindMD5Hashes.Tests\bin\Debug\net8.0\fine-code-coverage\coverage-tool-output\diagnostics.host.24-11-03_15-12-31_46181_5.log" --tracelevel 4 --datacollectionport 62273 --telemetryoptedin false'
TpTrace Verbose: 0 : 75004, 5, 2024/11/03, 15:12:31.490, 12916135112941, vstest.console.dll, MulticastDelegateUtilities.SafeInvoke: HostProviderEvents.OnHostLaunched: Invoking callback 1/2 for Microsoft.VisualStudio.TestPlatform.CrossPlatEngine.Client.ProxyExecutionManagerWithDataCollection., took 0 ms.
TpTrace Verbose: 0 : 75004, 5, 2024/11/03, 15:12:31.490, 12916135115335, vstest.console.dll, Test Runtime launched
TpTrace Verbose: 0 : 75004, 5, 2024/11/03, 15:12:31.490, 12916135115822, vstest.console.dll, MulticastDelegateUtilities.SafeInvoke: HostProviderEvents.OnHostLaunched: Invoking callback 2/2 for Microsoft.VisualStudio.TestPlatform.CrossPlatEngine.Client.ProxyOperationManager., took 0 ms.
TpTrace Verbose: 0 : 75004, 5, 2024/11/03, 15:12:31.490, 12916135116896, vstest.console.dll, TestRequestSender.WaitForRequestHandlerConnection: waiting for connection with timeout: 90000.
TpTrace Verbose: 0 : 75004, 5, 2024/11/03, 15:12:31.642, 12916136639102, vstest.console.dll, TestRequestSender.WaitForRequestHandlerConnection: waiting took 152 ms, with timeout 90000 ms, and result 0, which is success.
TpTrace Verbose: 0 : 75004, 11, 2024/11/03, 15:12:31.643, 12916136642074, vstest.console.dll, MulticastDelegateUtilities.SafeInvoke: SocketServer: ClientConnected: Invoking callback 1/1 for Microsoft.VisualStudio.TestPlatform.CommunicationUtilities.TestRequestSender., took 0 ms.
TpTrace Verbose: 0 : 75004, 11, 2024/11/03, 15:12:31.643, 12916136642701, vstest.console.dll, SocketServer.OnClientConnected: Client connected for endPoint: 127.0.0.1:62274, starting MessageLoopAsync:
TpTrace Verbose: 0 : 75004, 5, 2024/11/03, 15:12:31.643, 12916136646179, vstest.console.dll, TestRequestSender.CheckVersionWithTestHost: Sending check version message: {"MessageType":"ProtocolVersion","Payload":7}
TpTrace Verbose: 0 : 75004, 11, 2024/11/03, 15:12:31.643, 12916136648698, vstest.console.dll, TcpClientExtensions.MessageLoopAsync: Polling on remoteEndPoint: 127.0.0.1:62275 localEndPoint: 127.0.0.1:62274 after 0 ms
TpTrace Verbose: 0 : 75004, 11, 2024/11/03, 15:12:31.733, 12916137545956, vstest.console.dll, TcpClientExtensions.MessageLoopAsync: NotifyDataAvailable remoteEndPoint: 127.0.0.1:62275 localEndPoint: 127.0.0.1:62274
TpTrace Verbose: 0 : 75004, 11, 2024/11/03, 15:12:31.733, 12916137547709, vstest.console.dll, TestRequestSender.CheckVersionWithTestHost: onMessageReceived received message: (ProtocolVersion) -> {"MessageType":"ProtocolVersion","Payload":7}
TpTrace Verbose: 0 : 75004, 11, 2024/11/03, 15:12:31.734, 12916137557381, vstest.console.dll, MulticastDelegateUtilities.SafeInvoke: LengthPrefixCommunicationChannel: MessageReceived: Invoking callback 1/1 for Microsoft.VisualStudio.TestPlatform.CommunicationUtilities.TestRequestSender+<>c__DisplayClass29_0., took 0 ms.
TpTrace Verbose: 0 : 75004, 5, 2024/11/03, 15:12:31.734, 12916137558228, vstest.console.dll, TestPluginCache.GetExtensionPaths: Filtered extension paths: 
TpTrace Verbose: 0 : 75004, 11, 2024/11/03, 15:12:31.734, 12916137558692, vstest.console.dll, TcpClientExtensions.MessageLoopAsync: Polling on remoteEndPoint: 127.0.0.1:62275 localEndPoint: 127.0.0.1:62274 after 90 ms
TpTrace Verbose: 0 : 75004, 5, 2024/11/03, 15:12:31.734, 12916137559151, vstest.console.dll, TestPluginCache.GetExtensionPaths: Added default extension paths: C:\Program Files\dotnet\sdk\8.0.400\Extensions\Microsoft.Diagnostics.NETCore.Client.dll
C:\Program Files\dotnet\sdk\8.0.400\Extensions\Microsoft.TestPlatform.Extensions.BlameDataCollector.dll
C:\Program Files\dotnet\sdk\8.0.400\Extensions\Microsoft.TestPlatform.Extensions.EventLogCollector.dll
C:\Program Files\dotnet\sdk\8.0.400\Extensions\Microsoft.TestPlatform.TestHostRuntimeProvider.dll
C:\Program Files\dotnet\sdk\8.0.400\Extensions\Microsoft.VisualStudio.TestPlatform.Extensions.Html.TestLogger.dll
C:\Program Files\dotnet\sdk\8.0.400\Extensions\Microsoft.VisualStudio.TestPlatform.Extensions.Trx.TestLogger.dll
TpTrace Verbose: 0 : 75004, 5, 2024/11/03, 15:12:31.734, 12916137559538, vstest.console.dll, TestPluginCache.GetExtensionPaths: Added unfilterableExtensionPaths: 
TpTrace Verbose: 0 : 75004, 5, 2024/11/03, 15:12:31.736, 12916137578420, vstest.console.dll, TestRequestSender.InitializeExecution: Sending initialize execution with message: {"Version":7,"MessageType":"TestExecution.Initialize","Payload":["D:\\Projects\\AdventOfCode\\2015\\MD5Hash\\FindMD5Hashes.Tests\\bin\\Debug\\net8.0\\fine-code-coverage\\build-output\\xunit.runner.visualstudio.dotnetcore.testadapter.dll"]}
TpTrace Verbose: 0 : 75004, 5, 2024/11/03, 15:12:31.737, 12916137579996, vstest.console.dll, ParallelProxyExecutionManager.StartTestRunOnConcurrentManager: Execution starting. Started clients: 1
TpTrace Verbose: 0 : 75004, 5, 2024/11/03, 15:12:31.737, 12916137582039, vstest.console.dll, TestRunRequest:SendTestRunMessage: Starting.
TpTrace Verbose: 0 : 75004, 5, 2024/11/03, 15:12:31.737, 12916137583154, vstest.console.dll, MulticastDelegateUtilities.SafeInvoke: TestRun.LogMessages: Invoking callback 1/1 for Microsoft.VisualStudio.TestPlatform.CommandLine.TestRunResultAggregator., took 0 ms.
TpTrace Information: 0 : 75004, 5, 2024/11/03, 15:12:31.737, 12916137583449, vstest.console.dll, TestRunRequest:SendTestRunMessage: Completed.
TpTrace Verbose: 0 : 75004, 4, 2024/11/03, 15:12:31.737, 12916137584597, vstest.console.dll, MulticastDelegateUtilities.SafeInvoke: InternalTestLoggerEvents.SendTestRunMessage: Invoking callback 1/1 for Microsoft.VisualStudio.TestPlatform.CommandLine.Internal.ConsoleLogger., took 0 ms.
TpTrace Warning: 0 : 75004, 5, 2024/11/03, 15:12:31.737, 12916137586077, vstest.console.dll, InferRunSettingsHelper.MakeRunsettingsCompatible: Removing the following settings: TargetPlatform from RunSettings file. To use those settings please move to latest version of Microsoft.NET.Test.Sdk
TpTrace Verbose: 0 : 75004, 11, 2024/11/03, 15:12:31.738, 12916137592931, vstest.console.dll, TcpClientExtensions.MessageLoopAsync: NotifyDataAvailable remoteEndPoint: 127.0.0.1:62275 localEndPoint: 127.0.0.1:62274
TpTrace Verbose: 0 : 75004, 11, 2024/11/03, 15:12:31.738, 12916137595309, vstest.console.dll, TestRequestSender.OnExecutionMessageReceived: Received message: {"Version":7,"MessageType":"TestSession.Message","Payload":{"MessageLevel":0,"Message":"Logging TestHost Diagnostics in file: D:\\Projects\\AdventOfCode\\2015\\MD5Hash\\FindMD5Hashes.Tests\\bin\\Debug\\net8.0\\fine-code-coverage\\coverage-tool-output\\diagnostics.host.24-11-03_15-12-31_46181_5.log"}}
TpTrace Verbose: 0 : 75004, 11, 2024/11/03, 15:12:31.740, 12916137612920, vstest.console.dll, TestRunRequest:SendTestRunMessage: Starting.
TpTrace Verbose: 0 : 75004, 11, 2024/11/03, 15:12:31.740, 12916137613876, vstest.console.dll, MulticastDelegateUtilities.SafeInvoke: TestRun.LogMessages: Invoking callback 1/1 for Microsoft.VisualStudio.TestPlatform.CommandLine.TestRunResultAggregator., took 0 ms.
TpTrace Verbose: 0 : 75004, 4, 2024/11/03, 15:12:31.740, 12916137613985, vstest.console.dll, MulticastDelegateUtilities.SafeInvoke: InternalTestLoggerEvents.SendTestRunMessage: Invoking callback 1/1 for Microsoft.VisualStudio.TestPlatform.CommandLine.Internal.ConsoleLogger., took 0 ms.
TpTrace Information: 0 : 75004, 11, 2024/11/03, 15:12:31.740, 12916137614203, vstest.console.dll, TestRunRequest:SendTestRunMessage: Completed.
TpTrace Verbose: 0 : 75004, 11, 2024/11/03, 15:12:31.740, 12916137614903, vstest.console.dll, MulticastDelegateUtilities.SafeInvoke: LengthPrefixCommunicationChannel: MessageReceived: Invoking callback 1/1 for Microsoft.VisualStudio.TestPlatform.CommunicationUtilities.TestRequestSender+<>c__DisplayClass34_0., took 2 ms.
TpTrace Verbose: 0 : 75004, 11, 2024/11/03, 15:12:31.740, 12916137615161, vstest.console.dll, TcpClientExtensions.MessageLoopAsync: Polling on remoteEndPoint: 127.0.0.1:62275 localEndPoint: 127.0.0.1:62274 after 5 ms
TpTrace Verbose: 0 : 75004, 5, 2024/11/03, 15:12:31.741, 12916137628807, vstest.console.dll, TestRequestSender.StartTestRun: Sending test run with message: {"Version":7,"MessageType":"TestExecution.StartWithSources","Payload":{"AdapterSourceMap":{"_none_":["D:\\Projects\\AdventOfCode\\2015\\MD5Hash\\FindMD5Hashes.Tests\\bin\\Debug\\net8.0\\fine-code-coverage\\build-output\\MD5HashWithLeadingZeroes.Tests.dll"]},"RunSettings":"<RunSettings>\r\n  <RunConfiguration>\r\n    <ResultsDirectory>D:\\Projects\\AdventOfCode\\2015\\MD5Hash\\FindMD5Hashes.Tests\\bin\\Debug\\net8.0\\fine-code-coverage\\coverage-tool-output</ResultsDirectory>\r\n    <TargetFrameworkVersion>.NETCoreApp,Version=v8.0</TargetFrameworkVersion>\r\n    <DesignMode>False</DesignMode>\r\n    <CollectSourceInformation>False</CollectSourceInformation>\r\n  </RunConfiguration>\r\n  <LoggerRunSettings>\r\n    <Loggers>\r\n      <Logger friendlyName=\"blame\" enabled=\"True\" />\r\n      <Logger friendlyName=\"Console\" uri=\"logger://microsoft/TestPlatform/ConsoleLogger/v1\" assemblyQualifiedName=\"Microsoft.VisualStudio.TestPlatform.CommandLine.Internal.ConsoleLogger, vstest.console, Version=15.0.0.0, Culture=neutral, PublicKeyToken=b03f5f7f11d50a3a\" codeBase=\"C:\\Program Files\\dotnet\\sdk\\8.0.400\\vstest.console.dll\" enabled=\"True\" />\r\n    </Loggers>\r\n  </LoggerRunSettings>\r\n  <DataCollectionRunSettings>\r\n    <DataCollectors>\r\n      <DataCollector friendlyName=\"blame\" enabled=\"True\">\r\n        <Configuration>\r\n          <ResultsDirectory>D:\\Projects\\AdventOfCode\\2015\\MD5Hash\\FindMD5Hashes.Tests\\bin\\Debug\\net8.0\\fine-code-coverage\\coverage-tool-output</ResultsDirectory>\r\n        </Configuration>\r\n      </DataCollector>\r\n    </DataCollectors>\r\n  </DataCollectionRunSettings>\r\n</RunSettings>","TestExecutionContext":{"FrequencyOfRunStatsChangeEvent":10,"RunStatsChangeEventTimeout":"00:00:01.5000000","InIsolation":false,"KeepAlive":false,"AreTestCaseLevelEventsRequired":false,"IsDebug":false,"TestCaseFilter":null,"FilterOptions":null},"Package":null}}
TpTrace Verbose: 0 : 75004, 5, 2024/11/03, 15:12:31.742, 12916137629940, vstest.console.dll, ParallelProxyExecutionManager.StartTestRunOnConcurrentManager: Execution started. Started clients: 1
TpTrace Verbose: 0 : 75004, 11, 2024/11/03, 15:12:32.051, 12916140725324, vstest.console.dll, TcpClientExtensions.MessageLoopAsync: NotifyDataAvailable remoteEndPoint: 127.0.0.1:62275 localEndPoint: 127.0.0.1:62274
TpTrace Verbose: 0 : 75004, 11, 2024/11/03, 15:12:32.051, 12916140726773, vstest.console.dll, TestRequestSender.OnExecutionMessageReceived: Received message: {"Version":7,"MessageType":"TestSession.Message","Payload":{"MessageLevel":0,"Message":"[xUnit.net 00:00:00.00] xUnit.net VSTest Adapter v2.5.3.1+6b60a9e56a (64-bit .NET 8.0.8)"}}
TpTrace Verbose: 0 : 75004, 11, 2024/11/03, 15:12:32.051, 12916140728568, vstest.console.dll, TestRunRequest:SendTestRunMessage: Starting.
TpTrace Verbose: 0 : 75004, 11, 2024/11/03, 15:12:32.051, 12916140729167, vstest.console.dll, MulticastDelegateUtilities.SafeInvoke: TestRun.LogMessages: Invoking callback 1/1 for Microsoft.VisualStudio.TestPlatform.CommandLine.TestRunResultAggregator., took 0 ms.
TpTrace Information: 0 : 75004, 11, 2024/11/03, 15:12:32.051, 12916140729468, vstest.console.dll, TestRunRequest:SendTestRunMessage: Completed.
TpTrace Verbose: 0 : 75004, 4, 2024/11/03, 15:12:32.051, 12916140729400, vstest.console.dll, MulticastDelegateUtilities.SafeInvoke: InternalTestLoggerEvents.SendTestRunMessage: Invoking callback 1/1 for Microsoft.VisualStudio.TestPlatform.CommandLine.Internal.ConsoleLogger., took 0 ms.
TpTrace Verbose: 0 : 75004, 11, 2024/11/03, 15:12:32.051, 12916140729822, vstest.console.dll, MulticastDelegateUtilities.SafeInvoke: LengthPrefixCommunicationChannel: MessageReceived: Invoking callback 1/1 for Microsoft.VisualStudio.TestPlatform.CommunicationUtilities.TestRequestSender+<>c__DisplayClass34_0., took 0 ms.
TpTrace Verbose: 0 : 75004, 11, 2024/11/03, 15:12:32.052, 12916140730527, vstest.console.dll, TcpClientExtensions.MessageLoopAsync: Polling on remoteEndPoint: 127.0.0.1:62275 localEndPoint: 127.0.0.1:62274 after 311 ms
TpTrace Verbose: 0 : 75004, 11, 2024/11/03, 15:12:32.115, 12916141368788, vstest.console.dll, TcpClientExtensions.MessageLoopAsync: NotifyDataAvailable remoteEndPoint: 127.0.0.1:62275 localEndPoint: 127.0.0.1:62274
TpTrace Verbose: 0 : 75004, 11, 2024/11/03, 15:12:32.116, 12916141370102, vstest.console.dll, TestRequestSender.OnExecutionMessageReceived: Received message: {"Version":7,"MessageType":"TestSession.Message","Payload":{"MessageLevel":0,"Message":"[xUnit.net 00:00:00.06]   Discovering: MD5HashWithLeadingZeroes.Tests"}}
TpTrace Verbose: 0 : 75004, 11, 2024/11/03, 15:12:32.116, 12916141371129, vstest.console.dll, TestRunRequest:SendTestRunMessage: Starting.
TpTrace Verbose: 0 : 75004, 11, 2024/11/03, 15:12:32.116, 12916141371713, vstest.console.dll, MulticastDelegateUtilities.SafeInvoke: TestRun.LogMessages: Invoking callback 1/1 for Microsoft.VisualStudio.TestPlatform.CommandLine.TestRunResultAggregator., took 0 ms.
TpTrace Information: 0 : 75004, 11, 2024/11/03, 15:12:32.116, 12916141372007, vstest.console.dll, TestRunRequest:SendTestRunMessage: Completed.
TpTrace Verbose: 0 : 75004, 11, 2024/11/03, 15:12:32.116, 12916141372373, vstest.console.dll, MulticastDelegateUtilities.SafeInvoke: LengthPrefixCommunicationChannel: MessageReceived: Invoking callback 1/1 for Microsoft.VisualStudio.TestPlatform.CommunicationUtilities.TestRequestSender+<>c__DisplayClass34_0., took 0 ms.
TpTrace Verbose: 0 : 75004, 4, 2024/11/03, 15:12:32.116, 12916141371920, vstest.console.dll, MulticastDelegateUtilities.SafeInvoke: InternalTestLoggerEvents.SendTestRunMessage: Invoking callback 1/1 for Microsoft.VisualStudio.TestPlatform.CommandLine.Internal.ConsoleLogger., took 0 ms.
TpTrace Verbose: 0 : 75004, 11, 2024/11/03, 15:12:32.116, 12916141372671, vstest.console.dll, TcpClientExtensions.MessageLoopAsync: Polling on remoteEndPoint: 127.0.0.1:62275 localEndPoint: 127.0.0.1:62274 after 64 ms
TpTrace Verbose: 0 : 75004, 11, 2024/11/03, 15:12:32.155, 12916141769719, vstest.console.dll, TcpClientExtensions.MessageLoopAsync: NotifyDataAvailable remoteEndPoint: 127.0.0.1:62275 localEndPoint: 127.0.0.1:62274
TpTrace Verbose: 0 : 75004, 11, 2024/11/03, 15:12:32.156, 12916141770937, vstest.console.dll, TestRequestSender.OnExecutionMessageReceived: Received message: {"Version":7,"MessageType":"TestSession.Message","Payload":{"MessageLevel":0,"Message":"[xUnit.net 00:00:00.10]   Discovered:  MD5HashWithLeadingZeroes.Tests"}}
TpTrace Verbose: 0 : 75004, 11, 2024/11/03, 15:12:32.156, 12916141771996, vstest.console.dll, TestRunRequest:SendTestRunMessage: Starting.
TpTrace Verbose: 0 : 75004, 11, 2024/11/03, 15:12:32.156, 12916141772623, vstest.console.dll, MulticastDelegateUtilities.SafeInvoke: TestRun.LogMessages: Invoking callback 1/1 for Microsoft.VisualStudio.TestPlatform.CommandLine.TestRunResultAggregator., took 0 ms.
TpTrace Verbose: 0 : 75004, 4, 2024/11/03, 15:12:32.156, 12916141772817, vstest.console.dll, MulticastDelegateUtilities.SafeInvoke: InternalTestLoggerEvents.SendTestRunMessage: Invoking callback 1/1 for Microsoft.VisualStudio.TestPlatform.CommandLine.Internal.ConsoleLogger., took 0 ms.
TpTrace Information: 0 : 75004, 11, 2024/11/03, 15:12:32.156, 12916141772930, vstest.console.dll, TestRunRequest:SendTestRunMessage: Completed.
TpTrace Verbose: 0 : 75004, 11, 2024/11/03, 15:12:32.156, 12916141773813, vstest.console.dll, MulticastDelegateUtilities.SafeInvoke: LengthPrefixCommunicationChannel: MessageReceived: Invoking callback 1/1 for Microsoft.VisualStudio.TestPlatform.CommunicationUtilities.TestRequestSender+<>c__DisplayClass34_0., took 0 ms.
TpTrace Verbose: 0 : 75004, 11, 2024/11/03, 15:12:32.156, 12916141774103, vstest.console.dll, TcpClientExtensions.MessageLoopAsync: Polling on remoteEndPoint: 127.0.0.1:62275 localEndPoint: 127.0.0.1:62274 after 40 ms
TpTrace Verbose: 0 : 75004, 11, 2024/11/03, 15:12:32.158, 12916141790743, vstest.console.dll, TcpClientExtensions.MessageLoopAsync: NotifyDataAvailable remoteEndPoint: 127.0.0.1:62275 localEndPoint: 127.0.0.1:62274
TpTrace Verbose: 0 : 75004, 11, 2024/11/03, 15:12:32.158, 12916141791240, vstest.console.dll, TestRequestSender.OnExecutionMessageReceived: Received message: {"Version":7,"MessageType":"TestSession.Message","Payload":{"MessageLevel":0,"Message":"[xUnit.net 00:00:00.11]   Starting:    MD5HashWithLeadingZeroes.Tests"}}
TpTrace Verbose: 0 : 75004, 11, 2024/11/03, 15:12:32.158, 12916141791808, vstest.console.dll, TestRunRequest:SendTestRunMessage: Starting.
TpTrace Verbose: 0 : 75004, 11, 2024/11/03, 15:12:32.158, 12916141792222, vstest.console.dll, MulticastDelegateUtilities.SafeInvoke: TestRun.LogMessages: Invoking callback 1/1 for Microsoft.VisualStudio.TestPlatform.CommandLine.TestRunResultAggregator., took 0 ms.
TpTrace Verbose: 0 : 75004, 4, 2024/11/03, 15:12:32.158, 12916141792306, vstest.console.dll, MulticastDelegateUtilities.SafeInvoke: InternalTestLoggerEvents.SendTestRunMessage: Invoking callback 1/1 for Microsoft.VisualStudio.TestPlatform.CommandLine.Internal.ConsoleLogger., took 0 ms.
TpTrace Information: 0 : 75004, 11, 2024/11/03, 15:12:32.158, 12916141792639, vstest.console.dll, TestRunRequest:SendTestRunMessage: Completed.
TpTrace Verbose: 0 : 75004, 11, 2024/11/03, 15:12:32.158, 12916141793065, vstest.console.dll, MulticastDelegateUtilities.SafeInvoke: LengthPrefixCommunicationChannel: MessageReceived: Invoking callback 1/1 for Microsoft.VisualStudio.TestPlatform.CommunicationUtilities.TestRequestSender+<>c__DisplayClass34_0., took 0 ms.
TpTrace Verbose: 0 : 75004, 11, 2024/11/03, 15:12:32.158, 12916141793371, vstest.console.dll, TcpClientExtensions.MessageLoopAsync: Polling on remoteEndPoint: 127.0.0.1:62275 localEndPoint: 127.0.0.1:62274 after 1 ms
TpTrace Verbose: 0 : 75004, 11, 2024/11/03, 15:12:32.264, 12916142856106, vstest.console.dll, TcpClientExtensions.MessageLoopAsync: NotifyDataAvailable remoteEndPoint: 127.0.0.1:62275 localEndPoint: 127.0.0.1:62274
TpTrace Verbose: 0 : 75004, 11, 2024/11/03, 15:12:32.264, 12916142859256, vstest.console.dll, TestRequestSender.OnExecutionMessageReceived: Received message: {"Version":7,"MessageType":"TestExecution.StatsChange","Payload":{"NewTestResults":[{"TestCase":{"Id":"5c366e26-a592-9487-ee57-39d9a9da2c29","FullyQualifiedName":"MD5HashWithLeadingZeroes.Tests.ToBinaryTest.ToBinary_String_ReturnTrue","DisplayName":"MD5HashWithLeadingZeroes.Tests.ToBinaryTest.ToBinary_String_ReturnTrue(input: \"They are deterministic\", expectedValue: \"01010100011010000110010101111001001000000110000101\")","ExecutorUri":"executor://xunit/VsTestRunner2/netcoreapp","Source":"D:\\Projects\\AdventOfCode\\2015\\MD5Hash\\FindMD5Hashes.Tests\\bin\\Debug\\net8.0\\fine-code-coverage\\build-output\\MD5HashWithLeadingZeroes.Tests.dll","CodeFilePath":null,"LineNumber":0,"Properties":[]},"Attachments":[],"Outcome":1,"ErrorMessage":null,"ErrorStackTrace":null,"DisplayName":"MD5HashWithLeadingZeroes.Tests.ToBinaryTest.ToBinary_String_ReturnTrue(input: \"They are deterministic\", expectedValue: \"01010100011010000110010101111001001000000110000101\")","Messages":[],"ComputerName":"DESKTOP-K3L5GN1","Duration":"00:00:00.0094233","StartTime":"2024-11-03T13:12:32.2251223+00:00","EndTime":"2024-11-03T13:12:32.2251411+00:00","Properties":[]},{"TestCase":{"Id":"0a1b1409-ae45-2040-cb91-f3cbf2f604f6","FullyQualifiedName":"MD5HashWithLeadingZeroes.Tests.PaddingTest.Padding_InputLowerThan512Bits_ReturnTrue","DisplayName":"MD5HashWithLeadingZeroes.Tests.PaddingTest.Padding_InputLowerThan512Bits_ReturnTrue(input: \"They are deterministic\", expectedValue: \"01010100011010000110010101111001001000000110000101\")","ExecutorUri":"executor://xunit/VsTestRunner2/netcoreapp","Source":"D:\\Projects\\AdventOfCode\\2015\\MD5Hash\\FindMD5Hashes.Tests\\bin\\Debug\\net8.0\\fine-code-coverage\\build-output\\MD5HashWithLeadingZeroes.Tests.dll","CodeFilePath":null,"LineNumber":0,"Properties":[]},"Attachments":[],"Outcome":1,"ErrorMessage":null,"ErrorStackTrace":null,"DisplayName":"MD5HashWithLeadingZeroes.Tests.PaddingTest.Padding_InputLowerThan512Bits_ReturnTrue(input: \"They are deterministic\", expectedValue: \"01010100011010000110010101111001001000000110000101\")","Messages":[],"ComputerName":"DESKTOP-K3L5GN1","Duration":"00:00:00.0094705","StartTime":"2024-11-03T13:12:32.2363649+00:00","EndTime":"2024-11-03T13:12:32.236365+00:00","Properties":[]},{"TestCase":{"Id":"518a991c-be63-6df0-468e-803112037310","FullyQualifiedName":"MD5HashWithLeadingZeroes.Tests.BreakIntoChunksTest.BreakIntoChunks_512Bits_ReturnTrue","DisplayName":"MD5HashWithLeadingZeroes.Tests.BreakIntoChunksTest.BreakIntoChunks_512Bits_ReturnTrue(input: \"ckczppom\", expectedValue: \"01100011011010110110001101111010011100000111000001\")","ExecutorUri":"executor://xunit/VsTestRunner2/netcoreapp","Source":"D:\\Projects\\AdventOfCode\\2015\\MD5Hash\\FindMD5Hashes.Tests\\bin\\Debug\\net8.0\\fine-code-coverage\\build-output\\MD5HashWithLeadingZeroes.Tests.dll","CodeFilePath":null,"LineNumber":0,"Properties":[]},"Attachments":[],"Outcome":1,"ErrorMessage":null,"ErrorStackTrace":null,"DisplayName":"MD5HashWithLeadingZeroes.Tests.BreakIntoChunksTest.BreakIntoChunks_512Bits_ReturnTrue(input: \"ckczppom\", expectedValue: \"01100011011010110110001101111010011100000111000001\")","Messages":[],"ComputerName":"DESKTOP-K3L5GN1","Duration":"00:00:00.0094740","StartTime":"2024-11-03T13:12:32.237963+00:00","EndTime":"2024-11-03T13:12:32.2379631+00:00","Properties":[]},{"TestCase":{"Id":"30cfd26d-c8ef-050d-967c-ffc90ec48aa6","FullyQualifiedName":"MD5HashWithLeadingZeroes.Tests.InitializeConstants.IntializeK_WithCorrectNumbers_ReturnTrue","DisplayName":"MD5HashWithLeadingZeroes.Tests.InitializeConstants.IntializeK_WithCorrectNumbers_ReturnTrue(index: 25, expectedValue: 3275163606)","ExecutorUri":"executor://xunit/VsTestRunner2/netcoreapp","Source":"D:\\Projects\\AdventOfCode\\2015\\MD5Hash\\FindMD5Hashes.Tests\\bin\\Debug\\net8.0\\fine-code-coverage\\build-output\\MD5HashWithLeadingZeroes.Tests.dll","CodeFilePath":null,"LineNumber":0,"Properties":[]},"Attachments":[],"Outcome":1,"ErrorMessage":null,"ErrorStackTrace":null,"DisplayName":"MD5HashWithLeadingZeroes.Tests.InitializeConstants.IntializeK_WithCorrectNumbers_ReturnTrue(index: 25, expectedValue: 3275163606)","Messages":[],"ComputerName":"DESKTOP-K3L5GN1","Duration":"00:00:00.0094848","StartTime":"2024-11-03T13:12:32.2387298+00:00","EndTime":"2024-11-03T13:12:32.2387299+00:00","Properties":[]},{"TestCase":{"Id":"bdb6920e-b523-3134-d5cc-02c1d6a861ca","FullyQualifiedName":"MD5HashWithLeadingZeroes.Tests.ToBinaryTest.ToBinary_String_ReturnTrue","DisplayName":"MD5HashWithLeadingZeroes.Tests.ToBinaryTest.ToBinary_String_ReturnTrue(input: \"ckczppom\", expectedValue: \"01100011011010110110001101111010011100000111000001\")","ExecutorUri":"executor://xunit/VsTestRunner2/netcoreapp","Source":"D:\\Projects\\AdventOfCode\\2015\\MD5Hash\\FindMD5Hashes.Tests\\bin\\Debug\\net8.0\\fine-code-coverage\\build-output\\MD5HashWithLeadingZeroes.Tests.dll","CodeFilePath":null,"LineNumber":0,"Properties":[]},"Attachments":[],"Outcome":1,"ErrorMessage":null,"ErrorStackTrace":null,"DisplayName":"MD5HashWithLeadingZeroes.Tests.ToBinaryTest.ToBinary_String_ReturnTrue(input: \"ckczppom\", expectedValue: \"01100011011010110110001101111010011100000111000001\")","Messages":[],"ComputerName":"DESKTOP-K3L5GN1","Duration":"00:00:00.0001707","StartTime":"2024-11-03T13:12:32.2429266+00:00","EndTime":"2024-11-03T13:12:32.2429267+00:00","Properties":[]},{"TestCase":{"Id":"b2fc3459-2c1f-413d-82ee-c89def1787fd","FullyQualifiedName":"MD5HashWithLeadingZeroes.Tests.InitializeConstants.IntializeK_WithCorrectNumbers_ReturnTrue","DisplayName":"MD5HashWithLeadingZeroes.Tests.InitializeConstants.IntializeK_WithCorrectNumbers_ReturnTrue(index: 12, expectedValue: 1804603682)","ExecutorUri":"executor://xunit/VsTestRunner2/netcoreapp","Source":"D:\\Projects\\AdventOfCode\\2015\\MD5Hash\\FindMD5Hashes.Tests\\bin\\Debug\\net8.0\\fine-code-coverage\\build-output\\MD5HashWithLeadingZeroes.Tests.dll","CodeFilePath":null,"LineNumber":0,"Properties":[]},"Attachments":[],"Outcome":1,"ErrorMessage":null,"ErrorStackTrace":null,"DisplayName":"MD5HashWithLeadingZeroes.Tests.InitializeConstants.IntializeK_WithCorrectNumbers_ReturnTrue(index: 12, expectedValue: 1804603682)","Messages":[],"ComputerName":"DESKTOP-K3L5GN1","Duration":"00:00:00.0001986","StartTime":"2024-11-03T13:12:32.2437879+00:00","EndTime":"2024-11-03T13:12:32.2437879+00:00","Properties":[]}],"TestRunStatistics":{"ExecutedTests":6,"Stats":{"Passed":6}},"ActiveTests":[{"Id":"c2117a30-2327-2057-f3f1-e5f2276bc53c","FullyQualifiedName":"MD5HashWithLeadingZeroes.Tests.ProcessChunksTest.ToBinary_String_ReturnTrue","DisplayName":"MD5HashWithLeadingZeroes.Tests.ProcessChunksTest.ToBinary_String_ReturnTrue(input: \"ckczppom\", expectedValue: \"597bb7cda92b70698b3a70ad93920b8e\")","ExecutorUri":"executor://xunit/VsTestRunner2/netcoreapp","Source":"D:\\Projects\\AdventOfCode\\2015\\MD5Hash\\FindMD5Hashes.Tests\\bin\\Debug\\net8.0\\fine-code-coverage\\build-output\\MD5HashWithLeadingZeroes.Tests.dll","CodeFilePath":null,"LineNumber":0,"Properties":[]},{"Id":"eee3efab-a2b6-7984-9dee-3bc1b4654247","FullyQualifiedName":"MD5HashWithLeadingZeroes.Tests.PaddingTest.Padding_InputLowerThan512Bits_ReturnTrue","DisplayName":"MD5HashWithLeadingZeroes.Tests.PaddingTest.Padding_InputLowerThan512Bits_ReturnTrue(input: \"ckczppom\", expectedValue: \"01100011011010110110001101111010011100000111000001\")","ExecutorUri":"executor://xunit/VsTestRunner2/netcoreapp","Source":"D:\\Projects\\AdventOfCode\\2015\\MD5Hash\\FindMD5Hashes.Tests\\bin\\Debug\\net8.0\\fine-code-coverage\\build-output\\MD5HashWithLeadingZeroes.Tests.dll","CodeFilePath":null,"LineNumber":0,"Properties":[]},{"Id":"0b2cdae8-06d0-7258-ee72-876801d8931b","FullyQualifiedName":"MD5HashWithLeadingZeroes.Tests.BreakIntoChunksTest.BreakIntoChunks_512Bits_ReturnTrue","DisplayName":"MD5HashWithLeadingZeroes.Tests.BreakIntoChunksTest.BreakIntoChunks_512Bits_ReturnTrue(input: \"They are deterministic\", expectedValue: \"01010100011010000110010101111001001000000110000101\")","ExecutorUri":"executor://xunit/VsTestRunner2/netcoreapp","Source":"D:\\Projects\\AdventOfCode\\2015\\MD5Hash\\FindMD5Hashes.Tests\\bin\\Debug\\net8.0\\fine-code-coverage\\build-output\\MD5HashWithLeadingZeroes.Tests.dll","CodeFilePath":null,"LineNumber":0,"Properties":[]},{"Id":"47f86437-712d-054a-de41-1fd68a40d748","FullyQualifiedName":"MD5HashWithLeadingZeroes.Tests.InitializeConstants.IntializeK_WithCorrectNumbers_ReturnTrue","DisplayName":"MD5HashWithLeadingZeroes.Tests.InitializeConstants.IntializeK_WithCorrectNumbers_ReturnTrue(index: 0, expectedValue: 3614090360)","ExecutorUri":"executor://xunit/VsTestRunner2/netcoreapp","Source":"D:\\Projects\\AdventOfCode\\2015\\MD5Hash\\FindMD5Hashes.Tests\\bin\\Debug\\net8.0\\fine-code-coverage\\build-output\\MD5HashWithLeadingZeroes.Tests.dll","CodeFilePath":null,"LineNumber":0,"Properties":[]}]}}
TpTrace Verbose: 0 : 75004, 11, 2024/11/03, 15:12:32.287, 12916143086423, vstest.console.dll, TestRunRequest:SendTestRunStatsChange: Starting.
TpTrace Verbose: 0 : 75004, 11, 2024/11/03, 15:12:32.287, 12916143087756, vstest.console.dll, InProgress is MD5HashWithLeadingZeroes.Tests.ProcessChunksTest.ToBinary_String_ReturnTrue(input: "ckczppom", expectedValue: "597bb7cda92b70698b3a70ad93920b8e")
TpTrace Verbose: 0 : 75004, 11, 2024/11/03, 15:12:32.287, 12916143088168, vstest.console.dll, InProgress is MD5HashWithLeadingZeroes.Tests.PaddingTest.Padding_InputLowerThan512Bits_ReturnTrue(input: "ckczppom", expectedValue: "01100011011010110110001101111010011100000111000001")
TpTrace Verbose: 0 : 75004, 11, 2024/11/03, 15:12:32.287, 12916143088497, vstest.console.dll, InProgress is MD5HashWithLeadingZeroes.Tests.BreakIntoChunksTest.BreakIntoChunks_512Bits_ReturnTrue(input: "They are deterministic", expectedValue: "01010100011010000110010101111001001000000110000101")
TpTrace Verbose: 0 : 75004, 11, 2024/11/03, 15:12:32.287, 12916143088760, vstest.console.dll, InProgress is MD5HashWithLeadingZeroes.Tests.InitializeConstants.IntializeK_WithCorrectNumbers_ReturnTrue(index: 0, expectedValue: 3614090360)
TpTrace Verbose: 0 : 75004, 11, 2024/11/03, 15:12:32.288, 12916143090215, vstest.console.dll, MulticastDelegateUtilities.SafeInvoke: TestRun.RunStatsChanged: Invoking callbacks was skipped because there are no subscribers.
TpTrace Information: 0 : 75004, 11, 2024/11/03, 15:12:32.288, 12916143090562, vstest.console.dll, TestRunRequest:SendTestRunStatsChange: Completed.
TpTrace Verbose: 0 : 75004, 11, 2024/11/03, 15:12:32.288, 12916143090918, vstest.console.dll, MulticastDelegateUtilities.SafeInvoke: LengthPrefixCommunicationChannel: MessageReceived: Invoking callback 1/1 for Microsoft.VisualStudio.TestPlatform.CommunicationUtilities.TestRequestSender+<>c__DisplayClass34_0., took 23 ms.
TpTrace Verbose: 0 : 75004, 11, 2024/11/03, 15:12:32.288, 12916143091867, vstest.console.dll, TcpClientExtensions.MessageLoopAsync: Polling on remoteEndPoint: 127.0.0.1:62275 localEndPoint: 127.0.0.1:62274 after 129 ms
TpTrace Verbose: 0 : 75004, 11, 2024/11/03, 15:12:32.288, 12916143092260, vstest.console.dll, TcpClientExtensions.MessageLoopAsync: NotifyDataAvailable remoteEndPoint: 127.0.0.1:62275 localEndPoint: 127.0.0.1:62274
TpTrace Verbose: 0 : 75004, 11, 2024/11/03, 15:12:32.288, 12916143093395, vstest.console.dll, TestRequestSender.OnExecutionMessageReceived: Received message: {"Version":7,"MessageType":"TestExecution.StatsChange","Payload":{"NewTestResults":[{"TestCase":{"Id":"47f86437-712d-054a-de41-1fd68a40d748","FullyQualifiedName":"MD5HashWithLeadingZeroes.Tests.InitializeConstants.IntializeK_WithCorrectNumbers_ReturnTrue","DisplayName":"MD5HashWithLeadingZeroes.Tests.InitializeConstants.IntializeK_WithCorrectNumbers_ReturnTrue(index: 0, expectedValue: 3614090360)","ExecutorUri":"executor://xunit/VsTestRunner2/netcoreapp","Source":"D:\\Projects\\AdventOfCode\\2015\\MD5Hash\\FindMD5Hashes.Tests\\bin\\Debug\\net8.0\\fine-code-coverage\\build-output\\MD5HashWithLeadingZeroes.Tests.dll","CodeFilePath":null,"LineNumber":0,"Properties":[]},"Attachments":[],"Outcome":1,"ErrorMessage":null,"ErrorStackTrace":null,"DisplayName":"MD5HashWithLeadingZeroes.Tests.InitializeConstants.IntializeK_WithCorrectNumbers_ReturnTrue(index: 0, expectedValue: 3614090360)","Messages":[],"ComputerName":"DESKTOP-K3L5GN1","Duration":"00:00:00.0000341","StartTime":"2024-11-03T13:12:32.2655431+00:00","EndTime":"2024-11-03T13:12:32.2655433+00:00","Properties":[]},{"TestCase":{"Id":"ece8adb0-acae-4747-8c7e-ce24018ba69f","FullyQualifiedName":"MD5HashWithLeadingZeroes.Tests.InitializeConstants.IntializeK_WithCorrectNumbers_ReturnTrue","DisplayName":"MD5HashWithLeadingZeroes.Tests.InitializeConstants.IntializeK_WithCorrectNumbers_ReturnTrue(index: 23, expectedValue: 3889429448)","ExecutorUri":"executor://xunit/VsTestRunner2/netcoreapp","Source":"D:\\Projects\\AdventOfCode\\2015\\MD5Hash\\FindMD5Hashes.Tests\\bin\\Debug\\net8.0\\fine-code-coverage\\build-output\\MD5HashWithLeadingZeroes.Tests.dll","CodeFilePath":null,"LineNumber":0,"Properties":[]},"Attachments":[],"Outcome":1,"ErrorMessage":null,"ErrorStackTrace":null,"DisplayName":"MD5HashWithLeadingZeroes.Tests.InitializeConstants.IntializeK_WithCorrectNumbers_ReturnTrue(index: 23, expectedValue: 3889429448)","Messages":[],"ComputerName":"DESKTOP-K3L5GN1","Duration":"00:00:00.0000347","StartTime":"2024-11-03T13:12:32.2675713+00:00","EndTime":"2024-11-03T13:12:32.2675714+00:00","Properties":[]},{"TestCase":{"Id":"fe0f5841-5981-df6b-3c7c-e731a6511fda","FullyQualifiedName":"MD5HashWithLeadingZeroes.Tests.InitializeConstants.IntializeK_WithCorrectNumbers_ReturnTrue","DisplayName":"MD5HashWithLeadingZeroes.Tests.InitializeConstants.IntializeK_WithCorrectNumbers_ReturnTrue(index: 7, expectedValue: 4249261313)","ExecutorUri":"executor://xunit/VsTestRunner2/netcoreapp","Source":"D:\\Projects\\AdventOfCode\\2015\\MD5Hash\\FindMD5Hashes.Tests\\bin\\Debug\\net8.0\\fine-code-coverage\\build-output\\MD5HashWithLeadingZeroes.Tests.dll","CodeFilePath":null,"LineNumber":0,"Properties":[]},"Attachments":[],"Outcome":1,"ErrorMessage":null,"ErrorStackTrace":null,"DisplayName":"MD5HashWithLeadingZeroes.Tests.InitializeConstants.IntializeK_WithCorrectNumbers_ReturnTrue(index: 7, expectedValue: 4249261313)","Messages":[],"ComputerName":"DESKTOP-K3L5GN1","Duration":"00:00:00.0000317","StartTime":"2024-11-03T13:12:32.2691792+00:00","EndTime":"2024-11-03T13:12:32.2691793+00:00","Properties":[]},{"TestCase":{"Id":"0b2cdae8-06d0-7258-ee72-876801d8931b","FullyQualifiedName":"MD5HashWithLeadingZeroes.Tests.BreakIntoChunksTest.BreakIntoChunks_512Bits_ReturnTrue","DisplayName":"MD5HashWithLeadingZeroes.Tests.BreakIntoChunksTest.BreakIntoChunks_512Bits_ReturnTrue(input: \"They are deterministic\", expectedValue: \"01010100011010000110010101111001001000000110000101\")","ExecutorUri":"executor://xunit/VsTestRunner2/netcoreapp","Source":"D:\\Projects\\AdventOfCode\\2015\\MD5Hash\\FindMD5Hashes.Tests\\bin\\Debug\\net8.0\\fine-code-coverage\\build-output\\MD5HashWithLeadingZeroes.Tests.dll","CodeFilePath":null,"LineNumber":0,"Properties":[]},"Attachments":[],"Outcome":1,"ErrorMessage":null,"ErrorStackTrace":null,"DisplayName":"MD5HashWithLeadingZeroes.Tests.BreakIntoChunksTest.BreakIntoChunks_512Bits_ReturnTrue(input: \"They are deterministic\", expectedValue: \"01010100011010000110010101111001001000000110000101\")","Messages":[],"ComputerName":"DESKTOP-K3L5GN1","Duration":"00:00:00.0003914","StartTime":"2024-11-03T13:12:32.2708253+00:00","EndTime":"2024-11-03T13:12:32.2708253+00:00","Properties":[]},{"TestCase":{"Id":"eee3efab-a2b6-7984-9dee-3bc1b4654247","FullyQualifiedName":"MD5HashWithLeadingZeroes.Tests.PaddingTest.Padding_InputLowerThan512Bits_ReturnTrue","DisplayName":"MD5HashWithLeadingZeroes.Tests.PaddingTest.Padding_InputLowerThan512Bits_ReturnTrue(input: \"ckczppom\", expectedValue: \"01100011011010110110001101111010011100000111000001\")","ExecutorUri":"executor://xunit/VsTestRunner2/netcoreapp","Source":"D:\\Projects\\AdventOfCode\\2015\\MD5Hash\\FindMD5Hashes.Tests\\bin\\Debug\\net8.0\\fine-code-coverage\\build-output\\MD5HashWithLeadingZeroes.Tests.dll","CodeFilePath":null,"LineNumber":0,"Properties":[]},"Attachments":[],"Outcome":1,"ErrorMessage":null,"ErrorStackTrace":null,"DisplayName":"MD5HashWithLeadingZeroes.Tests.PaddingTest.Padding_InputLowerThan512Bits_ReturnTrue(input: \"ckczppom\", expectedValue: \"01100011011010110110001101111010011100000111000001\")","Messages":[],"ComputerName":"DESKTOP-K3L5GN1","Duration":"00:00:00.0003962","StartTime":"2024-11-03T13:12:32.2717116+00:00","EndTime":"2024-11-03T13:12:32.2717116+00:00","Properties":[]},{"TestCase":{"Id":"9bd20917-866d-042a-26ae-21a9f14af0c3","FullyQualifiedName":"MD5HashWithLeadingZeroes.Tests.InitializeConstants.IntializeS_WithCorrectNumbers_ReturnTrue","DisplayName":"MD5HashWithLeadingZeroes.Tests.InitializeConstants.IntializeS_WithCorrectNumbers_ReturnTrue(index: 51, expectedValue: 21)","ExecutorUri":"executor://xunit/VsTestRunner2/netcoreapp","Source":"D:\\Projects\\AdventOfCode\\2015\\MD5Hash\\FindMD5Hashes.Tests\\bin\\Debug\\net8.0\\fine-code-coverage\\build-output\\MD5HashWithLeadingZeroes.Tests.dll","CodeFilePath":null,"LineNumber":0,"Properties":[]},"Attachments":[],"Outcome":1,"ErrorMessage":null,"ErrorStackTrace":null,"DisplayName":"MD5HashWithLeadingZeroes.Tests.InitializeConstants.IntializeS_WithCorrectNumbers_ReturnTrue(index: 51, expectedValue: 21)","Messages":[],"ComputerName":"DESKTOP-K3L5GN1","Duration":"00:00:00.0015075","StartTime":"2024-11-03T13:12:32.2726802+00:00","EndTime":"2024-11-03T13:12:32.2726803+00:00","Properties":[]},{"TestCase":{"Id":"5e63f469-734d-4b8f-0d51-6a9722d745ad","FullyQualifiedName":"MD5HashWithLeadingZeroes.Tests.InitializeConstants.IntializeS_WithCorrectNumbers_ReturnTrue","DisplayName":"MD5HashWithLeadingZeroes.Tests.InitializeConstants.IntializeS_WithCorrectNumbers_ReturnTrue(index: 16, expectedValue: 5)","ExecutorUri":"executor://xunit/VsTestRunner2/netcoreapp","Source":"D:\\Projects\\AdventOfCode\\2015\\MD5Hash\\FindMD5Hashes.Tests\\bin\\Debug\\net8.0\\fine-code-coverage\\build-output\\MD5HashWithLeadingZeroes.Tests.dll","CodeFilePath":null,"LineNumber":0,"Properties":[]},"Attachments":[],"Outcome":1,"ErrorMessage":null,"ErrorStackTrace":null,"DisplayName":"MD5HashWithLeadingZeroes.Tests.InitializeConstants.IntializeS_WithCorrectNumbers_ReturnTrue(index: 16, expectedValue: 5)","Messages":[],"ComputerName":"DESKTOP-K3L5GN1","Duration":"00:00:00.0002056","StartTime":"2024-11-03T13:12:32.2744087+00:00","EndTime":"2024-11-03T13:12:32.2744088+00:00","Properties":[]},{"TestCase":{"Id":"22f9342e-375f-9a8b-a49a-a7349b79ec64","FullyQualifiedName":"MD5HashWithLeadingZeroes.Tests.InitializeConstants.IntializeS_WithCorrectNumbers_ReturnTrue","DisplayName":"MD5HashWithLeadingZeroes.Tests.InitializeConstants.IntializeS_WithCorrectNumbers_ReturnTrue(index: 0, expectedValue: 7)","ExecutorUri":"executor://xunit/VsTestRunner2/netcoreapp","Source":"D:\\Projects\\AdventOfCode\\2015\\MD5Hash\\FindMD5Hashes.Tests\\bin\\Debug\\net8.0\\fine-code-coverage\\build-output\\MD5HashWithLeadingZeroes.Tests.dll","CodeFilePath":null,"LineNumber":0,"Properties":[]},"Attachments":[],"Outcome":1,"ErrorMessage":null,"ErrorStackTrace":null,"DisplayName":"MD5HashWithLeadingZeroes.Tests.InitializeConstants.IntializeS_WithCorrectNumbers_ReturnTrue(index: 0, expectedValue: 7)","Messages":[],"ComputerName":"DESKTOP-K3L5GN1","Duration":"00:00:00.0000252","StartTime":"2024-11-03T13:12:32.2762574+00:00","EndTime":"2024-11-03T13:12:32.2762575+00:00","Properties":[]},{"TestCase":{"Id":"cb853bc6-24c0-f8eb-ab5e-a08eaf9b2731","FullyQualifiedName":"MD5HashWithLeadingZeroes.Tests.InitializeConstants.IntializeS_WithCorrectNumbers_ReturnTrue","DisplayName":"MD5HashWithLeadingZeroes.Tests.InitializeConstants.IntializeS_WithCorrectNumbers_ReturnTrue(index: 48, expectedValue: 6)","ExecutorUri":"executor://xunit/VsTestRunner2/netcoreapp","Source":"D:\\Projects\\AdventOfCode\\2015\\MD5Hash\\FindMD5Hashes.Tests\\bin\\Debug\\net8.0\\fine-code-coverage\\build-output\\MD5HashWithLeadingZeroes.Tests.dll","CodeFilePath":null,"LineNumber":0,"Properties":[]},"Attachments":[],"Outcome":1,"ErrorMessage":null,"ErrorStackTrace":null,"DisplayName":"MD5HashWithLeadingZeroes.Tests.InitializeConstants.IntializeS_WithCorrectNumbers_ReturnTrue(index: 48, expectedValue: 6)","Messages":[],"ComputerName":"DESKTOP-K3L5GN1","Duration":"00:00:00.0000190","StartTime":"2024-11-03T13:12:32.2781798+00:00","EndTime":"2024-11-03T13:12:32.2781798+00:00","Properties":[]}],"TestRunStatistics":{"ExecutedTests":15,"Stats":{"Passed":15}},"ActiveTests":[{"Id":"fb34b425-fdb3-51f4-566f-d8d63ae58a90","FullyQualifiedName":"MD5HashWithLeadingZeroes.Tests.InitializeConstants.IntializeS_WithCorrectNumbers_ReturnTrue","DisplayName":"MD5HashWithLeadingZeroes.Tests.InitializeConstants.IntializeS_WithCorrectNumbers_ReturnTrue(index: 63, expectedValue: 21)","ExecutorUri":"executor://xunit/VsTestRunner2/netcoreapp","Source":"D:\\Projects\\AdventOfCode\\2015\\MD5Hash\\FindMD5Hashes.Tests\\bin\\Debug\\net8.0\\fine-code-coverage\\build-output\\MD5HashWithLeadingZeroes.Tests.dll","CodeFilePath":null,"LineNumber":0,"Properties":[]}]}}
TpTrace Verbose: 0 : 75004, 11, 2024/11/03, 15:12:32.289, 12916143103421, vstest.console.dll, TestRunRequest:SendTestRunStatsChange: Starting.
TpTrace Verbose: 0 : 75004, 11, 2024/11/03, 15:12:32.289, 12916143103992, vstest.console.dll, InProgress is MD5HashWithLeadingZeroes.Tests.InitializeConstants.IntializeS_WithCorrectNumbers_ReturnTrue(index: 63, expectedValue: 21)
TpTrace Verbose: 0 : 75004, 11, 2024/11/03, 15:12:32.289, 12916143104509, vstest.console.dll, MulticastDelegateUtilities.SafeInvoke: TestRun.RunStatsChanged: Invoking callbacks was skipped because there are no subscribers.
TpTrace Information: 0 : 75004, 11, 2024/11/03, 15:12:32.289, 12916143104787, vstest.console.dll, TestRunRequest:SendTestRunStatsChange: Completed.
TpTrace Verbose: 0 : 75004, 11, 2024/11/03, 15:12:32.289, 12916143105060, vstest.console.dll, MulticastDelegateUtilities.SafeInvoke: LengthPrefixCommunicationChannel: MessageReceived: Invoking callback 1/1 for Microsoft.VisualStudio.TestPlatform.CommunicationUtilities.TestRequestSender+<>c__DisplayClass34_0., took 1 ms.
TpTrace Verbose: 0 : 75004, 11, 2024/11/03, 15:12:32.289, 12916143105490, vstest.console.dll, TcpClientExtensions.MessageLoopAsync: Polling on remoteEndPoint: 127.0.0.1:62275 localEndPoint: 127.0.0.1:62274 after 1 ms
TpTrace Verbose: 0 : 75004, 11, 2024/11/03, 15:12:32.289, 12916143105846, vstest.console.dll, TcpClientExtensions.MessageLoopAsync: NotifyDataAvailable remoteEndPoint: 127.0.0.1:62275 localEndPoint: 127.0.0.1:62274
TpTrace Verbose: 0 : 75004, 11, 2024/11/03, 15:12:32.289, 12916143106404, vstest.console.dll, TestRequestSender.OnExecutionMessageReceived: Received message: {"Version":7,"MessageType":"TestSession.Message","Payload":{"MessageLevel":2,"Message":"[xUnit.net 00:00:00.23]     MD5HashWithLeadingZeroes.Tests.ProcessChunksTest.ToBinary_String_ReturnTrue(input: \"ckczppom\", expectedValue: \"597bb7cda92b70698b3a70ad93920b8e\") [FAIL]"}}
TpTrace Verbose: 0 : 75004, 11, 2024/11/03, 15:12:32.289, 12916143107069, vstest.console.dll, TestRunRequest:SendTestRunMessage: Starting.
TpTrace Verbose: 0 : 75004, 11, 2024/11/03, 15:12:32.289, 12916143107548, vstest.console.dll, MulticastDelegateUtilities.SafeInvoke: TestRun.LogMessages: Invoking callback 1/1 for Microsoft.VisualStudio.TestPlatform.CommandLine.TestRunResultAggregator., took 0 ms.
TpTrace Information: 0 : 75004, 11, 2024/11/03, 15:12:32.289, 12916143107818, vstest.console.dll, TestRunRequest:SendTestRunMessage: Completed.
TpTrace Verbose: 0 : 75004, 11, 2024/11/03, 15:12:32.289, 12916143108069, vstest.console.dll, MulticastDelegateUtilities.SafeInvoke: LengthPrefixCommunicationChannel: MessageReceived: Invoking callback 1/1 for Microsoft.VisualStudio.TestPlatform.CommunicationUtilities.TestRequestSender+<>c__DisplayClass34_0., took 0 ms.
TpTrace Verbose: 0 : 75004, 11, 2024/11/03, 15:12:32.289, 12916143108325, vstest.console.dll, TcpClientExtensions.MessageLoopAsync: Polling on remoteEndPoint: 127.0.0.1:62275 localEndPoint: 127.0.0.1:62274 after 0 ms
TpTrace Verbose: 0 : 75004, 11, 2024/11/03, 15:12:32.289, 12916143108632, vstest.console.dll, TcpClientExtensions.MessageLoopAsync: NotifyDataAvailable remoteEndPoint: 127.0.0.1:62275 localEndPoint: 127.0.0.1:62274
TpTrace Verbose: 0 : 75004, 11, 2024/11/03, 15:12:32.289, 12916143109030, vstest.console.dll, TestRequestSender.OnExecutionMessageReceived: Received message: {"Version":7,"MessageType":"TestSession.Message","Payload":{"MessageLevel":0,"Message":"[xUnit.net 00:00:00.23]       Assert.Equal() Failure: Strings differ"}}
TpTrace Verbose: 0 : 75004, 11, 2024/11/03, 15:12:32.289, 12916143109612, vstest.console.dll, TestRunRequest:SendTestRunMessage: Starting.
TpTrace Verbose: 0 : 75004, 11, 2024/11/03, 15:12:32.290, 12916143110049, vstest.console.dll, MulticastDelegateUtilities.SafeInvoke: TestRun.LogMessages: Invoking callback 1/1 for Microsoft.VisualStudio.TestPlatform.CommandLine.TestRunResultAggregator., took 0 ms.
TpTrace Information: 0 : 75004, 11, 2024/11/03, 15:12:32.290, 12916143110316, vstest.console.dll, TestRunRequest:SendTestRunMessage: Completed.
TpTrace Verbose: 0 : 75004, 11, 2024/11/03, 15:12:32.290, 12916143110570, vstest.console.dll, MulticastDelegateUtilities.SafeInvoke: LengthPrefixCommunicationChannel: MessageReceived: Invoking callback 1/1 for Microsoft.VisualStudio.TestPlatform.CommunicationUtilities.TestRequestSender+<>c__DisplayClass34_0., took 0 ms.
TpTrace Verbose: 0 : 75004, 11, 2024/11/03, 15:12:32.290, 12916143110848, vstest.console.dll, TcpClientExtensions.MessageLoopAsync: Polling on remoteEndPoint: 127.0.0.1:62275 localEndPoint: 127.0.0.1:62274 after 0 ms
TpTrace Verbose: 0 : 75004, 11, 2024/11/03, 15:12:32.290, 12916143111169, vstest.console.dll, TcpClientExtensions.MessageLoopAsync: NotifyDataAvailable remoteEndPoint: 127.0.0.1:62275 localEndPoint: 127.0.0.1:62274
TpTrace Verbose: 0 : 75004, 11, 2024/11/03, 15:12:32.290, 12916143111565, vstest.console.dll, TestRequestSender.OnExecutionMessageReceived: Received message: {"Version":7,"MessageType":"TestSession.Message","Payload":{"MessageLevel":0,"Message":"[xUnit.net 00:00:00.23]                   (pos 0)"}}
TpTrace Verbose: 0 : 75004, 11, 2024/11/03, 15:12:32.290, 12916143112078, vstest.console.dll, TestRunRequest:SendTestRunMessage: Starting.
TpTrace Verbose: 0 : 75004, 4, 2024/11/03, 15:12:32.290, 12916143112362, vstest.console.dll, MulticastDelegateUtilities.SafeInvoke: InternalTestLoggerEvents.SendTestResult: Invoking callback 1/1 for Microsoft.VisualStudio.TestPlatform.CommandLine.Internal.ConsoleLogger., took 2 ms.
TpTrace Verbose: 0 : 75004, 11, 2024/11/03, 15:12:32.290, 12916143112494, vstest.console.dll, MulticastDelegateUtilities.SafeInvoke: TestRun.LogMessages: Invoking callback 1/1 for Microsoft.VisualStudio.TestPlatform.CommandLine.TestRunResultAggregator., took 0 ms.
TpTrace Information: 0 : 75004, 11, 2024/11/03, 15:12:32.290, 12916143113450, vstest.console.dll, TestRunRequest:SendTestRunMessage: Completed.
TpTrace Verbose: 0 : 75004, 11, 2024/11/03, 15:12:32.290, 12916143113720, vstest.console.dll, MulticastDelegateUtilities.SafeInvoke: LengthPrefixCommunicationChannel: MessageReceived: Invoking callback 1/1 for Microsoft.VisualStudio.TestPlatform.CommunicationUtilities.TestRequestSender+<>c__DisplayClass34_0., took 0 ms.
TpTrace Verbose: 0 : 75004, 11, 2024/11/03, 15:12:32.290, 12916143113989, vstest.console.dll, TcpClientExtensions.MessageLoopAsync: Polling on remoteEndPoint: 127.0.0.1:62275 localEndPoint: 127.0.0.1:62274 after 0 ms
TpTrace Verbose: 0 : 75004, 11, 2024/11/03, 15:12:32.290, 12916143114283, vstest.console.dll, TcpClientExtensions.MessageLoopAsync: NotifyDataAvailable remoteEndPoint: 127.0.0.1:62275 localEndPoint: 127.0.0.1:62274
TpTrace Verbose: 0 : 75004, 11, 2024/11/03, 15:12:32.290, 12916143114739, vstest.console.dll, TestRequestSender.OnExecutionMessageReceived: Received message: {"Version":7,"MessageType":"TestSession.Message","Payload":{"MessageLevel":0,"Message":"[xUnit.net 00:00:00.23]       Expected: \"597bb7cda92b70698b3a70ad93920b8e\""}}
TpTrace Verbose: 0 : 75004, 4, 2024/11/03, 15:12:32.290, 12916143115016, vstest.console.dll, MulticastDelegateUtilities.SafeInvoke: InternalTestLoggerEvents.SendTestResult: Invoking callback 1/1 for Microsoft.VisualStudio.TestPlatform.CommandLine.Internal.ConsoleLogger., took 0 ms.
TpTrace Verbose: 0 : 75004, 11, 2024/11/03, 15:12:32.290, 12916143115406, vstest.console.dll, TestRunRequest:SendTestRunMessage: Starting.
TpTrace Verbose: 0 : 75004, 4, 2024/11/03, 15:12:32.290, 12916143115657, vstest.console.dll, MulticastDelegateUtilities.SafeInvoke: InternalTestLoggerEvents.SendTestResult: Invoking callback 1/1 for Microsoft.VisualStudio.TestPlatform.CommandLine.Internal.ConsoleLogger., took 0 ms.
TpTrace Verbose: 0 : 75004, 11, 2024/11/03, 15:12:32.290, 12916143115849, vstest.console.dll, MulticastDelegateUtilities.SafeInvoke: TestRun.LogMessages: Invoking callback 1/1 for Microsoft.VisualStudio.TestPlatform.CommandLine.TestRunResultAggregator., took 0 ms.
TpTrace Verbose: 0 : 75004, 4, 2024/11/03, 15:12:32.290, 12916143116131, vstest.console.dll, MulticastDelegateUtilities.SafeInvoke: InternalTestLoggerEvents.SendTestResult: Invoking callback 1/1 for Microsoft.VisualStudio.TestPlatform.CommandLine.Internal.ConsoleLogger., took 0 ms.
TpTrace Information: 0 : 75004, 11, 2024/11/03, 15:12:32.290, 12916143116187, vstest.console.dll, TestRunRequest:SendTestRunMessage: Completed.
TpTrace Verbose: 0 : 75004, 11, 2024/11/03, 15:12:32.290, 12916143117047, vstest.console.dll, MulticastDelegateUtilities.SafeInvoke: LengthPrefixCommunicationChannel: MessageReceived: Invoking callback 1/1 for Microsoft.VisualStudio.TestPlatform.CommunicationUtilities.TestRequestSender+<>c__DisplayClass34_0., took 0 ms.
TpTrace Verbose: 0 : 75004, 11, 2024/11/03, 15:12:32.290, 12916143117429, vstest.console.dll, TcpClientExtensions.MessageLoopAsync: Polling on remoteEndPoint: 127.0.0.1:62275 localEndPoint: 127.0.0.1:62274 after 0 ms
TpTrace Verbose: 0 : 75004, 4, 2024/11/03, 15:12:32.290, 12916143116950, vstest.console.dll, MulticastDelegateUtilities.SafeInvoke: InternalTestLoggerEvents.SendTestResult: Invoking callback 1/1 for Microsoft.VisualStudio.TestPlatform.CommandLine.Internal.ConsoleLogger., took 0 ms.
TpTrace Verbose: 0 : 75004, 11, 2024/11/03, 15:12:32.290, 12916143117771, vstest.console.dll, TcpClientExtensions.MessageLoopAsync: NotifyDataAvailable remoteEndPoint: 127.0.0.1:62275 localEndPoint: 127.0.0.1:62274
TpTrace Verbose: 0 : 75004, 11, 2024/11/03, 15:12:32.290, 12916143118430, vstest.console.dll, TestRequestSender.OnExecutionMessageReceived: Received message: {"Version":7,"MessageType":"TestSession.Message","Payload":{"MessageLevel":0,"Message":"[xUnit.net 00:00:00.23]       Actual:   \"9058f04e6a5113b8f9242b0709ba28\""}}
TpTrace Verbose: 0 : 75004, 11, 2024/11/03, 15:12:32.290, 12916143119089, vstest.console.dll, TestRunRequest:SendTestRunMessage: Starting.
TpTrace Verbose: 0 : 75004, 11, 2024/11/03, 15:12:32.290, 12916143119717, vstest.console.dll, MulticastDelegateUtilities.SafeInvoke: TestRun.LogMessages: Invoking callback 1/1 for Microsoft.VisualStudio.TestPlatform.CommandLine.TestRunResultAggregator., took 0 ms.
TpTrace Verbose: 0 : 75004, 4, 2024/11/03, 15:12:32.290, 12916143119105, vstest.console.dll, MulticastDelegateUtilities.SafeInvoke: InternalTestLoggerEvents.SendTestResult: Invoking callback 1/1 for Microsoft.VisualStudio.TestPlatform.CommandLine.Internal.ConsoleLogger., took 0 ms.
TpTrace Information: 0 : 75004, 11, 2024/11/03, 15:12:32.291, 12916143120156, vstest.console.dll, TestRunRequest:SendTestRunMessage: Completed.
TpTrace Verbose: 0 : 75004, 4, 2024/11/03, 15:12:32.291, 12916143122224, vstest.console.dll, MulticastDelegateUtilities.SafeInvoke: InternalTestLoggerEvents.SendTestResult: Invoking callback 1/1 for Microsoft.VisualStudio.TestPlatform.CommandLine.Internal.ConsoleLogger., took 0 ms.
TpTrace Verbose: 0 : 75004, 11, 2024/11/03, 15:12:32.291, 12916143122335, vstest.console.dll, MulticastDelegateUtilities.SafeInvoke: LengthPrefixCommunicationChannel: MessageReceived: Invoking callback 1/1 for Microsoft.VisualStudio.TestPlatform.CommunicationUtilities.TestRequestSender+<>c__DisplayClass34_0., took 0 ms.
TpTrace Verbose: 0 : 75004, 4, 2024/11/03, 15:12:32.291, 12916143122727, vstest.console.dll, MulticastDelegateUtilities.SafeInvoke: InternalTestLoggerEvents.SendTestResult: Invoking callback 1/1 for Microsoft.VisualStudio.TestPlatform.CommandLine.Internal.ConsoleLogger., took 0 ms.
TpTrace Verbose: 0 : 75004, 11, 2024/11/03, 15:12:32.291, 12916143123205, vstest.console.dll, TcpClientExtensions.MessageLoopAsync: Polling on remoteEndPoint: 127.0.0.1:62275 localEndPoint: 127.0.0.1:62274 after 0 ms
TpTrace Verbose: 0 : 75004, 4, 2024/11/03, 15:12:32.291, 12916143123271, vstest.console.dll, MulticastDelegateUtilities.SafeInvoke: InternalTestLoggerEvents.SendTestResult: Invoking callback 1/1 for Microsoft.VisualStudio.TestPlatform.CommandLine.Internal.ConsoleLogger., took 0 ms.
TpTrace Verbose: 0 : 75004, 11, 2024/11/03, 15:12:32.291, 12916143123647, vstest.console.dll, TcpClientExtensions.MessageLoopAsync: NotifyDataAvailable remoteEndPoint: 127.0.0.1:62275 localEndPoint: 127.0.0.1:62274
TpTrace Verbose: 0 : 75004, 11, 2024/11/03, 15:12:32.291, 12916143124225, vstest.console.dll, TestRequestSender.OnExecutionMessageReceived: Received message: {"Version":7,"MessageType":"TestSession.Message","Payload":{"MessageLevel":0,"Message":"[xUnit.net 00:00:00.23]                   (pos 0)"}}
TpTrace Verbose: 0 : 75004, 4, 2024/11/03, 15:12:32.291, 12916143124224, vstest.console.dll, MulticastDelegateUtilities.SafeInvoke: InternalTestLoggerEvents.SendTestResult: Invoking callback 1/1 for Microsoft.VisualStudio.TestPlatform.CommandLine.Internal.ConsoleLogger., took 0 ms.
TpTrace Verbose: 0 : 75004, 11, 2024/11/03, 15:12:32.291, 12916143125050, vstest.console.dll, TestRunRequest:SendTestRunMessage: Starting.
TpTrace Verbose: 0 : 75004, 4, 2024/11/03, 15:12:32.291, 12916143125139, vstest.console.dll, MulticastDelegateUtilities.SafeInvoke: InternalTestLoggerEvents.SendTestResult: Invoking callback 1/1 for Microsoft.VisualStudio.TestPlatform.CommandLine.Internal.ConsoleLogger., took 0 ms.
TpTrace Verbose: 0 : 75004, 11, 2024/11/03, 15:12:32.291, 12916143125513, vstest.console.dll, MulticastDelegateUtilities.SafeInvoke: TestRun.LogMessages: Invoking callback 1/1 for Microsoft.VisualStudio.TestPlatform.CommandLine.TestRunResultAggregator., took 0 ms.
TpTrace Information: 0 : 75004, 11, 2024/11/03, 15:12:32.291, 12916143125816, vstest.console.dll, TestRunRequest:SendTestRunMessage: Completed.
TpTrace Verbose: 0 : 75004, 4, 2024/11/03, 15:12:32.291, 12916143126025, vstest.console.dll, MulticastDelegateUtilities.SafeInvoke: InternalTestLoggerEvents.SendTestResult: Invoking callback 1/1 for Microsoft.VisualStudio.TestPlatform.CommandLine.Internal.ConsoleLogger., took 0 ms.
TpTrace Verbose: 0 : 75004, 11, 2024/11/03, 15:12:32.291, 12916143126092, vstest.console.dll, MulticastDelegateUtilities.SafeInvoke: LengthPrefixCommunicationChannel: MessageReceived: Invoking callback 1/1 for Microsoft.VisualStudio.TestPlatform.CommunicationUtilities.TestRequestSender+<>c__DisplayClass34_0., took 0 ms.
TpTrace Verbose: 0 : 75004, 11, 2024/11/03, 15:12:32.291, 12916143126555, vstest.console.dll, TcpClientExtensions.MessageLoopAsync: Polling on remoteEndPoint: 127.0.0.1:62275 localEndPoint: 127.0.0.1:62274 after 0 ms
TpTrace Verbose: 0 : 75004, 11, 2024/11/03, 15:12:32.291, 12916143126902, vstest.console.dll, TcpClientExtensions.MessageLoopAsync: NotifyDataAvailable remoteEndPoint: 127.0.0.1:62275 localEndPoint: 127.0.0.1:62274
TpTrace Verbose: 0 : 75004, 4, 2024/11/03, 15:12:32.291, 12916143127249, vstest.console.dll, MulticastDelegateUtilities.SafeInvoke: InternalTestLoggerEvents.SendTestResult: Invoking callback 1/1 for Microsoft.VisualStudio.TestPlatform.CommandLine.Internal.ConsoleLogger., took 0 ms.
TpTrace Verbose: 0 : 75004, 11, 2024/11/03, 15:12:32.291, 12916143127395, vstest.console.dll, TestRequestSender.OnExecutionMessageReceived: Received message: {"Version":7,"MessageType":"TestSession.Message","Payload":{"MessageLevel":0,"Message":"[xUnit.net 00:00:00.24]       Stack Trace:"}}
TpTrace Verbose: 0 : 75004, 4, 2024/11/03, 15:12:32.291, 12916143127799, vstest.console.dll, MulticastDelegateUtilities.SafeInvoke: InternalTestLoggerEvents.SendTestResult: Invoking callback 1/1 for Microsoft.VisualStudio.TestPlatform.CommandLine.Internal.ConsoleLogger., took 0 ms.
TpTrace Verbose: 0 : 75004, 11, 2024/11/03, 15:12:32.291, 12916143128305, vstest.console.dll, TestRunRequest:SendTestRunMessage: Starting.
TpTrace Verbose: 0 : 75004, 4, 2024/11/03, 15:12:32.291, 12916143128316, vstest.console.dll, MulticastDelegateUtilities.SafeInvoke: InternalTestLoggerEvents.SendTestResult: Invoking callback 1/1 for Microsoft.VisualStudio.TestPlatform.CommandLine.Internal.ConsoleLogger., took 0 ms.
TpTrace Verbose: 0 : 75004, 11, 2024/11/03, 15:12:32.291, 12916143128802, vstest.console.dll, MulticastDelegateUtilities.SafeInvoke: TestRun.LogMessages: Invoking callback 1/1 for Microsoft.VisualStudio.TestPlatform.CommandLine.TestRunResultAggregator., took 0 ms.
TpTrace Information: 0 : 75004, 11, 2024/11/03, 15:12:32.291, 12916143129119, vstest.console.dll, TestRunRequest:SendTestRunMessage: Completed.
TpTrace Verbose: 0 : 75004, 11, 2024/11/03, 15:12:32.291, 12916143129424, vstest.console.dll, MulticastDelegateUtilities.SafeInvoke: LengthPrefixCommunicationChannel: MessageReceived: Invoking callback 1/1 for Microsoft.VisualStudio.TestPlatform.CommunicationUtilities.TestRequestSender+<>c__DisplayClass34_0., took 0 ms.
TpTrace Verbose: 0 : 75004, 11, 2024/11/03, 15:12:32.291, 12916143129754, vstest.console.dll, TcpClientExtensions.MessageLoopAsync: Polling on remoteEndPoint: 127.0.0.1:62275 localEndPoint: 127.0.0.1:62274 after 0 ms
TpTrace Verbose: 0 : 75004, 11, 2024/11/03, 15:12:32.292, 12916143130076, vstest.console.dll, TcpClientExtensions.MessageLoopAsync: NotifyDataAvailable remoteEndPoint: 127.0.0.1:62275 localEndPoint: 127.0.0.1:62274
TpTrace Verbose: 0 : 75004, 11, 2024/11/03, 15:12:32.292, 12916143130504, vstest.console.dll, TestRequestSender.OnExecutionMessageReceived: Received message: {"Version":7,"MessageType":"TestSession.Message","Payload":{"MessageLevel":0,"Message":"[xUnit.net 00:00:00.24]         D:\\Projects\\AdventOfCode\\2015\\MD5Hash\\FindMD5Hashes.Tests\\ProcessChunksTest.cs(27,0): at MD5HashWithLeadingZeroes.Tests.ProcessChunksTest.ToBinary_String_ReturnTrue(String input, String expectedValue)"}}
TpTrace Verbose: 0 : 75004, 11, 2024/11/03, 15:12:32.292, 12916143131178, vstest.console.dll, TestRunRequest:SendTestRunMessage: Starting.
TpTrace Verbose: 0 : 75004, 11, 2024/11/03, 15:12:32.292, 12916143131598, vstest.console.dll, MulticastDelegateUtilities.SafeInvoke: TestRun.LogMessages: Invoking callback 1/1 for Microsoft.VisualStudio.TestPlatform.CommandLine.TestRunResultAggregator., took 0 ms.
TpTrace Verbose: 0 : 75004, 4, 2024/11/03, 15:12:32.292, 12916143131827, vstest.console.dll, MulticastDelegateUtilities.SafeInvoke: InternalTestLoggerEvents.SendTestRunMessage: Invoking callback 1/1 for Microsoft.VisualStudio.TestPlatform.CommandLine.Internal.ConsoleLogger., took 0 ms.
TpTrace Information: 0 : 75004, 11, 2024/11/03, 15:12:32.292, 12916143131890, vstest.console.dll, TestRunRequest:SendTestRunMessage: Completed.
TpTrace Verbose: 0 : 75004, 4, 2024/11/03, 15:12:32.292, 12916143132424, vstest.console.dll, MulticastDelegateUtilities.SafeInvoke: InternalTestLoggerEvents.SendTestRunMessage: Invoking callback 1/1 for Microsoft.VisualStudio.TestPlatform.CommandLine.Internal.ConsoleLogger., took 0 ms.
TpTrace Verbose: 0 : 75004, 11, 2024/11/03, 15:12:32.292, 12916143132596, vstest.console.dll, MulticastDelegateUtilities.SafeInvoke: LengthPrefixCommunicationChannel: MessageReceived: Invoking callback 1/1 for Microsoft.VisualStudio.TestPlatform.CommunicationUtilities.TestRequestSender+<>c__DisplayClass34_0., took 0 ms.
TpTrace Verbose: 0 : 75004, 11, 2024/11/03, 15:12:32.292, 12916143132971, vstest.console.dll, TcpClientExtensions.MessageLoopAsync: Polling on remoteEndPoint: 127.0.0.1:62275 localEndPoint: 127.0.0.1:62274 after 0 ms
TpTrace Verbose: 0 : 75004, 11, 2024/11/03, 15:12:32.292, 12916143133286, vstest.console.dll, TcpClientExtensions.MessageLoopAsync: NotifyDataAvailable remoteEndPoint: 127.0.0.1:62275 localEndPoint: 127.0.0.1:62274
TpTrace Verbose: 0 : 75004, 11, 2024/11/03, 15:12:32.292, 12916143133759, vstest.console.dll, TestRequestSender.OnExecutionMessageReceived: Received message: {"Version":7,"MessageType":"TestSession.Message","Payload":{"MessageLevel":0,"Message":"[xUnit.net 00:00:00.24]            at System.RuntimeMethodHandle.InvokeMethod(Object target, Void** arguments, Signature sig, Boolean isConstructor)"}}
TpTrace Verbose: 0 : 75004, 11, 2024/11/03, 15:12:32.292, 12916143134403, vstest.console.dll, TestRunRequest:SendTestRunMessage: Starting.
TpTrace Verbose: 0 : 75004, 11, 2024/11/03, 15:12:32.292, 12916143134821, vstest.console.dll, MulticastDelegateUtilities.SafeInvoke: TestRun.LogMessages: Invoking callback 1/1 for Microsoft.VisualStudio.TestPlatform.CommandLine.TestRunResultAggregator., took 0 ms.
TpTrace Information: 0 : 75004, 11, 2024/11/03, 15:12:32.292, 12916143135144, vstest.console.dll, TestRunRequest:SendTestRunMessage: Completed.
TpTrace Verbose: 0 : 75004, 11, 2024/11/03, 15:12:32.292, 12916143135441, vstest.console.dll, MulticastDelegateUtilities.SafeInvoke: LengthPrefixCommunicationChannel: MessageReceived: Invoking callback 1/1 for Microsoft.VisualStudio.TestPlatform.CommunicationUtilities.TestRequestSender+<>c__DisplayClass34_0., took 0 ms.
TpTrace Verbose: 0 : 75004, 11, 2024/11/03, 15:12:32.292, 12916143135735, vstest.console.dll, TcpClientExtensions.MessageLoopAsync: Polling on remoteEndPoint: 127.0.0.1:62275 localEndPoint: 127.0.0.1:62274 after 0 ms
TpTrace Verbose: 0 : 75004, 11, 2024/11/03, 15:12:32.292, 12916143136073, vstest.console.dll, TcpClientExtensions.MessageLoopAsync: NotifyDataAvailable remoteEndPoint: 127.0.0.1:62275 localEndPoint: 127.0.0.1:62274
TpTrace Verbose: 0 : 75004, 11, 2024/11/03, 15:12:32.292, 12916143136512, vstest.console.dll, TestRequestSender.OnExecutionMessageReceived: Received message: {"Version":7,"MessageType":"TestSession.Message","Payload":{"MessageLevel":0,"Message":"[xUnit.net 00:00:00.24]            at System.Reflection.MethodBaseInvoker.InvokeDirectByRefWithFewArgs(Object obj, Span`1 copyOfArgs, BindingFlags invokeAttr)"}}
TpTrace Verbose: 0 : 75004, 11, 2024/11/03, 15:12:32.292, 12916143137099, vstest.console.dll, TestRunRequest:SendTestRunMessage: Starting.
TpTrace Verbose: 0 : 75004, 11, 2024/11/03, 15:12:32.292, 12916143137524, vstest.console.dll, MulticastDelegateUtilities.SafeInvoke: TestRun.LogMessages: Invoking callback 1/1 for Microsoft.VisualStudio.TestPlatform.CommandLine.TestRunResultAggregator., took 0 ms.
TpTrace Verbose: 0 : 75004, 4, 2024/11/03, 15:12:32.292, 12916143137613, vstest.console.dll, MulticastDelegateUtilities.SafeInvoke: InternalTestLoggerEvents.SendTestRunMessage: Invoking callback 1/1 for Microsoft.VisualStudio.TestPlatform.CommandLine.Internal.ConsoleLogger., took 0 ms.
TpTrace Verbose: 0 : 75004, 4, 2024/11/03, 15:12:32.292, 12916143138163, vstest.console.dll, MulticastDelegateUtilities.SafeInvoke: InternalTestLoggerEvents.SendTestRunMessage: Invoking callback 1/1 for Microsoft.VisualStudio.TestPlatform.CommandLine.Internal.ConsoleLogger., took 0 ms.
TpTrace Information: 0 : 75004, 11, 2024/11/03, 15:12:32.292, 12916143138140, vstest.console.dll, TestRunRequest:SendTestRunMessage: Completed.
TpTrace Verbose: 0 : 75004, 4, 2024/11/03, 15:12:32.292, 12916143138581, vstest.console.dll, MulticastDelegateUtilities.SafeInvoke: InternalTestLoggerEvents.SendTestRunMessage: Invoking callback 1/1 for Microsoft.VisualStudio.TestPlatform.CommandLine.Internal.ConsoleLogger., took 0 ms.
TpTrace Verbose: 0 : 75004, 11, 2024/11/03, 15:12:32.292, 12916143138873, vstest.console.dll, MulticastDelegateUtilities.SafeInvoke: LengthPrefixCommunicationChannel: MessageReceived: Invoking callback 1/1 for Microsoft.VisualStudio.TestPlatform.CommunicationUtilities.TestRequestSender+<>c__DisplayClass34_0., took 0 ms.
TpTrace Verbose: 0 : 75004, 4, 2024/11/03, 15:12:32.292, 12916143139477, vstest.console.dll, MulticastDelegateUtilities.SafeInvoke: InternalTestLoggerEvents.SendTestRunMessage: Invoking callback 1/1 for Microsoft.VisualStudio.TestPlatform.CommandLine.Internal.ConsoleLogger., took 0 ms.
TpTrace Verbose: 0 : 75004, 11, 2024/11/03, 15:12:32.292, 12916143139573, vstest.console.dll, TcpClientExtensions.MessageLoopAsync: Polling on remoteEndPoint: 127.0.0.1:62275 localEndPoint: 127.0.0.1:62274 after 0 ms
TpTrace Verbose: 0 : 75004, 4, 2024/11/03, 15:12:32.293, 12916143139902, vstest.console.dll, MulticastDelegateUtilities.SafeInvoke: InternalTestLoggerEvents.SendTestRunMessage: Invoking callback 1/1 for Microsoft.VisualStudio.TestPlatform.CommandLine.Internal.ConsoleLogger., took 0 ms.
TpTrace Verbose: 0 : 75004, 11, 2024/11/03, 15:12:32.293, 12916143140349, vstest.console.dll, TcpClientExtensions.MessageLoopAsync: NotifyDataAvailable remoteEndPoint: 127.0.0.1:62275 localEndPoint: 127.0.0.1:62274
TpTrace Verbose: 0 : 75004, 4, 2024/11/03, 15:12:32.293, 12916143140354, vstest.console.dll, MulticastDelegateUtilities.SafeInvoke: InternalTestLoggerEvents.SendTestRunMessage: Invoking callback 1/1 for Microsoft.VisualStudio.TestPlatform.CommandLine.Internal.ConsoleLogger., took 0 ms.
TpTrace Verbose: 0 : 75004, 11, 2024/11/03, 15:12:32.293, 12916143140878, vstest.console.dll, TestRequestSender.OnExecutionMessageReceived: Received message: {"Version":7,"MessageType":"TestSession.Message","Payload":{"MessageLevel":2,"Message":"[xUnit.net 00:00:00.24]     MD5HashWithLeadingZeroes.Tests.ProcessChunksTest.ToBinary_String_ReturnTrue(input: \"They are deterministic\", expectedValue: \"23db6982caef9e9152f1a5b2589e6ca3\") [FAIL]"}}
TpTrace Verbose: 0 : 75004, 4, 2024/11/03, 15:12:32.293, 12916143141140, vstest.console.dll, MulticastDelegateUtilities.SafeInvoke: InternalTestLoggerEvents.SendTestRunMessage: Invoking callback 1/1 for Microsoft.VisualStudio.TestPlatform.CommandLine.Internal.ConsoleLogger., took 0 ms.
TpTrace Verbose: 0 : 75004, 4, 2024/11/03, 15:12:32.293, 12916143141577, vstest.console.dll, MulticastDelegateUtilities.SafeInvoke: InternalTestLoggerEvents.SendTestRunMessage: Invoking callback 1/1 for Microsoft.VisualStudio.TestPlatform.CommandLine.Internal.ConsoleLogger., took 0 ms.
TpTrace Verbose: 0 : 75004, 11, 2024/11/03, 15:12:32.293, 12916143141958, vstest.console.dll, TestRunRequest:SendTestRunMessage: Starting.
TpTrace Verbose: 0 : 75004, 11, 2024/11/03, 15:12:32.293, 12916143142440, vstest.console.dll, MulticastDelegateUtilities.SafeInvoke: TestRun.LogMessages: Invoking callback 1/1 for Microsoft.VisualStudio.TestPlatform.CommandLine.TestRunResultAggregator., took 0 ms.
TpTrace Information: 0 : 75004, 11, 2024/11/03, 15:12:32.293, 12916143142708, vstest.console.dll, TestRunRequest:SendTestRunMessage: Completed.
TpTrace Verbose: 0 : 75004, 11, 2024/11/03, 15:12:32.293, 12916143143006, vstest.console.dll, MulticastDelegateUtilities.SafeInvoke: LengthPrefixCommunicationChannel: MessageReceived: Invoking callback 1/1 for Microsoft.VisualStudio.TestPlatform.CommunicationUtilities.TestRequestSender+<>c__DisplayClass34_0., took 0 ms.
TpTrace Verbose: 0 : 75004, 4, 2024/11/03, 15:12:32.293, 12916143143134, vstest.console.dll, MulticastDelegateUtilities.SafeInvoke: InternalTestLoggerEvents.SendTestRunMessage: Invoking callback 1/1 for Microsoft.VisualStudio.TestPlatform.CommandLine.Internal.ConsoleLogger., took 0 ms.
TpTrace Verbose: 0 : 75004, 11, 2024/11/03, 15:12:32.293, 12916143143551, vstest.console.dll, TcpClientExtensions.MessageLoopAsync: Polling on remoteEndPoint: 127.0.0.1:62275 localEndPoint: 127.0.0.1:62274 after 0 ms
TpTrace Verbose: 0 : 75004, 11, 2024/11/03, 15:12:32.293, 12916143143887, vstest.console.dll, TcpClientExtensions.MessageLoopAsync: NotifyDataAvailable remoteEndPoint: 127.0.0.1:62275 localEndPoint: 127.0.0.1:62274
TpTrace Verbose: 0 : 75004, 11, 2024/11/03, 15:12:32.293, 12916143144280, vstest.console.dll, TestRequestSender.OnExecutionMessageReceived: Received message: {"Version":7,"MessageType":"TestSession.Message","Payload":{"MessageLevel":0,"Message":"[xUnit.net 00:00:00.24]       Assert.Equal() Failure: Strings differ"}}
TpTrace Verbose: 0 : 75004, 11, 2024/11/03, 15:12:32.293, 12916143144858, vstest.console.dll, TestRunRequest:SendTestRunMessage: Starting.
TpTrace Verbose: 0 : 75004, 11, 2024/11/03, 15:12:32.293, 12916143145260, vstest.console.dll, MulticastDelegateUtilities.SafeInvoke: TestRun.LogMessages: Invoking callback 1/1 for Microsoft.VisualStudio.TestPlatform.CommandLine.TestRunResultAggregator., took 0 ms.
TpTrace Verbose: 0 : 75004, 4, 2024/11/03, 15:12:32.293, 12916143145402, vstest.console.dll, MulticastDelegateUtilities.SafeInvoke: InternalTestLoggerEvents.SendTestRunMessage: Invoking callback 1/1 for Microsoft.VisualStudio.TestPlatform.CommandLine.Internal.ConsoleLogger., took 0 ms.
TpTrace Information: 0 : 75004, 11, 2024/11/03, 15:12:32.293, 12916143145524, vstest.console.dll, TestRunRequest:SendTestRunMessage: Completed.
TpTrace Verbose: 0 : 75004, 11, 2024/11/03, 15:12:32.293, 12916143146136, vstest.console.dll, MulticastDelegateUtilities.SafeInvoke: LengthPrefixCommunicationChannel: MessageReceived: Invoking callback 1/1 for Microsoft.VisualStudio.TestPlatform.CommunicationUtilities.TestRequestSender+<>c__DisplayClass34_0., took 0 ms.
TpTrace Verbose: 0 : 75004, 11, 2024/11/03, 15:12:32.293, 12916143146978, vstest.console.dll, TcpClientExtensions.MessageLoopAsync: Polling on remoteEndPoint: 127.0.0.1:62275 localEndPoint: 127.0.0.1:62274 after 0 ms
TpTrace Verbose: 0 : 75004, 11, 2024/11/03, 15:12:32.293, 12916143147326, vstest.console.dll, TcpClientExtensions.MessageLoopAsync: NotifyDataAvailable remoteEndPoint: 127.0.0.1:62275 localEndPoint: 127.0.0.1:62274
TpTrace Verbose: 0 : 75004, 11, 2024/11/03, 15:12:32.293, 12916143147766, vstest.console.dll, TestRequestSender.OnExecutionMessageReceived: Received message: {"Version":7,"MessageType":"TestSession.Message","Payload":{"MessageLevel":0,"Message":"[xUnit.net 00:00:00.24]                    (pos 1)"}}
TpTrace Verbose: 0 : 75004, 11, 2024/11/03, 15:12:32.293, 12916143148330, vstest.console.dll, TestRunRequest:SendTestRunMessage: Starting.
TpTrace Verbose: 0 : 75004, 11, 2024/11/03, 15:12:32.293, 12916143148722, vstest.console.dll, MulticastDelegateUtilities.SafeInvoke: TestRun.LogMessages: Invoking callback 1/1 for Microsoft.VisualStudio.TestPlatform.CommandLine.TestRunResultAggregator., took 0 ms.
TpTrace Information: 0 : 75004, 11, 2024/11/03, 15:12:32.293, 12916143148979, vstest.console.dll, TestRunRequest:SendTestRunMessage: Completed.
TpTrace Verbose: 0 : 75004, 4, 2024/11/03, 15:12:32.293, 12916143149059, vstest.console.dll, MulticastDelegateUtilities.SafeInvoke: InternalTestLoggerEvents.SendTestRunMessage: Invoking callback 1/1 for Microsoft.VisualStudio.TestPlatform.CommandLine.Internal.ConsoleLogger., took 0 ms.
TpTrace Verbose: 0 : 75004, 11, 2024/11/03, 15:12:32.293, 12916143149260, vstest.console.dll, MulticastDelegateUtilities.SafeInvoke: LengthPrefixCommunicationChannel: MessageReceived: Invoking callback 1/1 for Microsoft.VisualStudio.TestPlatform.CommunicationUtilities.TestRequestSender+<>c__DisplayClass34_0., took 0 ms.
TpTrace Verbose: 0 : 75004, 11, 2024/11/03, 15:12:32.294, 12916143150108, vstest.console.dll, TcpClientExtensions.MessageLoopAsync: Polling on remoteEndPoint: 127.0.0.1:62275 localEndPoint: 127.0.0.1:62274 after 0 ms
TpTrace Verbose: 0 : 75004, 11, 2024/11/03, 15:12:32.294, 12916143150446, vstest.console.dll, TcpClientExtensions.MessageLoopAsync: NotifyDataAvailable remoteEndPoint: 127.0.0.1:62275 localEndPoint: 127.0.0.1:62274
TpTrace Verbose: 0 : 75004, 11, 2024/11/03, 15:12:32.294, 12916143150861, vstest.console.dll, TestRequestSender.OnExecutionMessageReceived: Received message: {"Version":7,"MessageType":"TestSession.Message","Payload":{"MessageLevel":0,"Message":"[xUnit.net 00:00:00.24]       Expected: \"23db6982caef9e9152f1a5b2589e6ca3\""}}
TpTrace Verbose: 0 : 75004, 11, 2024/11/03, 15:12:32.294, 12916143151464, vstest.console.dll, TestRunRequest:SendTestRunMessage: Starting.
TpTrace Verbose: 0 : 75004, 11, 2024/11/03, 15:12:32.294, 12916143151926, vstest.console.dll, MulticastDelegateUtilities.SafeInvoke: TestRun.LogMessages: Invoking callback 1/1 for Microsoft.VisualStudio.TestPlatform.CommandLine.TestRunResultAggregator., took 0 ms.
TpTrace Information: 0 : 75004, 11, 2024/11/03, 15:12:32.294, 12916143152202, vstest.console.dll, TestRunRequest:SendTestRunMessage: Completed.
TpTrace Verbose: 0 : 75004, 4, 2024/11/03, 15:12:32.294, 12916143152327, vstest.console.dll, MulticastDelegateUtilities.SafeInvoke: InternalTestLoggerEvents.SendTestRunMessage: Invoking callback 1/1 for Microsoft.VisualStudio.TestPlatform.CommandLine.Internal.ConsoleLogger., took 0 ms.
TpTrace Verbose: 0 : 75004, 11, 2024/11/03, 15:12:32.294, 12916143152973, vstest.console.dll, MulticastDelegateUtilities.SafeInvoke: LengthPrefixCommunicationChannel: MessageReceived: Invoking callback 1/1 for Microsoft.VisualStudio.TestPlatform.CommunicationUtilities.TestRequestSender+<>c__DisplayClass34_0., took 0 ms.
TpTrace Verbose: 0 : 75004, 11, 2024/11/03, 15:12:32.294, 12916143153285, vstest.console.dll, TcpClientExtensions.MessageLoopAsync: Polling on remoteEndPoint: 127.0.0.1:62275 localEndPoint: 127.0.0.1:62274 after 0 ms
TpTrace Verbose: 0 : 75004, 11, 2024/11/03, 15:12:32.294, 12916143153610, vstest.console.dll, TcpClientExtensions.MessageLoopAsync: NotifyDataAvailable remoteEndPoint: 127.0.0.1:62275 localEndPoint: 127.0.0.1:62274
TpTrace Verbose: 0 : 75004, 11, 2024/11/03, 15:12:32.294, 12916143154020, vstest.console.dll, TestRequestSender.OnExecutionMessageReceived: Received message: {"Version":7,"MessageType":"TestSession.Message","Payload":{"MessageLevel":0,"Message":"[xUnit.net 00:00:00.24]       Actual:   \"2257846a24512041cd3e51b644b5c92e\""}}
TpTrace Verbose: 0 : 75004, 11, 2024/11/03, 15:12:32.294, 12916143154573, vstest.console.dll, TestRunRequest:SendTestRunMessage: Starting.
TpTrace Verbose: 0 : 75004, 11, 2024/11/03, 15:12:32.294, 12916143154983, vstest.console.dll, MulticastDelegateUtilities.SafeInvoke: TestRun.LogMessages: Invoking callback 1/1 for Microsoft.VisualStudio.TestPlatform.CommandLine.TestRunResultAggregator., took 0 ms.
TpTrace Information: 0 : 75004, 11, 2024/11/03, 15:12:32.294, 12916143155245, vstest.console.dll, TestRunRequest:SendTestRunMessage: Completed.
TpTrace Verbose: 0 : 75004, 4, 2024/11/03, 15:12:32.294, 12916143155316, vstest.console.dll, MulticastDelegateUtilities.SafeInvoke: InternalTestLoggerEvents.SendTestRunMessage: Invoking callback 1/1 for Microsoft.VisualStudio.TestPlatform.CommandLine.Internal.ConsoleLogger., took 0 ms.
TpTrace Verbose: 0 : 75004, 11, 2024/11/03, 15:12:32.294, 12916143155749, vstest.console.dll, MulticastDelegateUtilities.SafeInvoke: LengthPrefixCommunicationChannel: MessageReceived: Invoking callback 1/1 for Microsoft.VisualStudio.TestPlatform.CommunicationUtilities.TestRequestSender+<>c__DisplayClass34_0., took 0 ms.
TpTrace Verbose: 0 : 75004, 11, 2024/11/03, 15:12:32.294, 12916143156037, vstest.console.dll, TcpClientExtensions.MessageLoopAsync: Polling on remoteEndPoint: 127.0.0.1:62275 localEndPoint: 127.0.0.1:62274 after 0 ms
TpTrace Verbose: 0 : 75004, 11, 2024/11/03, 15:12:32.294, 12916143156395, vstest.console.dll, TcpClientExtensions.MessageLoopAsync: NotifyDataAvailable remoteEndPoint: 127.0.0.1:62275 localEndPoint: 127.0.0.1:62274
TpTrace Verbose: 0 : 75004, 11, 2024/11/03, 15:12:32.294, 12916143156781, vstest.console.dll, TestRequestSender.OnExecutionMessageReceived: Received message: {"Version":7,"MessageType":"TestSession.Message","Payload":{"MessageLevel":0,"Message":"[xUnit.net 00:00:00.24]                    (pos 1)"}}
TpTrace Verbose: 0 : 75004, 11, 2024/11/03, 15:12:32.294, 12916143157325, vstest.console.dll, TestRunRequest:SendTestRunMessage: Starting.
TpTrace Verbose: 0 : 75004, 11, 2024/11/03, 15:12:32.294, 12916143157738, vstest.console.dll, MulticastDelegateUtilities.SafeInvoke: TestRun.LogMessages: Invoking callback 1/1 for Microsoft.VisualStudio.TestPlatform.CommandLine.TestRunResultAggregator., took 0 ms.
TpTrace Information: 0 : 75004, 11, 2024/11/03, 15:12:32.294, 12916143158002, vstest.console.dll, TestRunRequest:SendTestRunMessage: Completed.
TpTrace Verbose: 0 : 75004, 4, 2024/11/03, 15:12:32.294, 12916143158100, vstest.console.dll, MulticastDelegateUtilities.SafeInvoke: InternalTestLoggerEvents.SendTestRunMessage: Invoking callback 1/1 for Microsoft.VisualStudio.TestPlatform.CommandLine.Internal.ConsoleLogger., took 0 ms.
TpTrace Verbose: 0 : 75004, 11, 2024/11/03, 15:12:32.294, 12916143158265, vstest.console.dll, MulticastDelegateUtilities.SafeInvoke: LengthPrefixCommunicationChannel: MessageReceived: Invoking callback 1/1 for Microsoft.VisualStudio.TestPlatform.CommunicationUtilities.TestRequestSender+<>c__DisplayClass34_0., took 0 ms.
TpTrace Verbose: 0 : 75004, 11, 2024/11/03, 15:12:32.294, 12916143158818, vstest.console.dll, TcpClientExtensions.MessageLoopAsync: Polling on remoteEndPoint: 127.0.0.1:62275 localEndPoint: 127.0.0.1:62274 after 0 ms
TpTrace Verbose: 0 : 75004, 11, 2024/11/03, 15:12:32.294, 12916143159113, vstest.console.dll, TcpClientExtensions.MessageLoopAsync: NotifyDataAvailable remoteEndPoint: 127.0.0.1:62275 localEndPoint: 127.0.0.1:62274
TpTrace Verbose: 0 : 75004, 11, 2024/11/03, 15:12:32.294, 12916143159521, vstest.console.dll, TestRequestSender.OnExecutionMessageReceived: Received message: {"Version":7,"MessageType":"TestSession.Message","Payload":{"MessageLevel":0,"Message":"[xUnit.net 00:00:00.24]       Stack Trace:"}}
TpTrace Verbose: 0 : 75004, 11, 2024/11/03, 15:12:32.295, 12916143160066, vstest.console.dll, TestRunRequest:SendTestRunMessage: Starting.
TpTrace Verbose: 0 : 75004, 11, 2024/11/03, 15:12:32.295, 12916143160513, vstest.console.dll, MulticastDelegateUtilities.SafeInvoke: TestRun.LogMessages: Invoking callback 1/1 for Microsoft.VisualStudio.TestPlatform.CommandLine.TestRunResultAggregator., took 0 ms.
TpTrace Information: 0 : 75004, 11, 2024/11/03, 15:12:32.295, 12916143160779, vstest.console.dll, TestRunRequest:SendTestRunMessage: Completed.
TpTrace Verbose: 0 : 75004, 11, 2024/11/03, 15:12:32.295, 12916143161061, vstest.console.dll, MulticastDelegateUtilities.SafeInvoke: LengthPrefixCommunicationChannel: MessageReceived: Invoking callback 1/1 for Microsoft.VisualStudio.TestPlatform.CommunicationUtilities.TestRequestSender+<>c__DisplayClass34_0., took 0 ms.
TpTrace Verbose: 0 : 75004, 11, 2024/11/03, 15:12:32.295, 12916143161329, vstest.console.dll, TcpClientExtensions.MessageLoopAsync: Polling on remoteEndPoint: 127.0.0.1:62275 localEndPoint: 127.0.0.1:62274 after 0 ms
TpTrace Verbose: 0 : 75004, 11, 2024/11/03, 15:12:32.295, 12916143161612, vstest.console.dll, TcpClientExtensions.MessageLoopAsync: NotifyDataAvailable remoteEndPoint: 127.0.0.1:62275 localEndPoint: 127.0.0.1:62274
TpTrace Verbose: 0 : 75004, 11, 2024/11/03, 15:12:32.295, 12916143161996, vstest.console.dll, TestRequestSender.OnExecutionMessageReceived: Received message: {"Version":7,"MessageType":"TestSession.Message","Payload":{"MessageLevel":0,"Message":"[xUnit.net 00:00:00.24]         D:\\Projects\\AdventOfCode\\2015\\MD5Hash\\FindMD5Hashes.Tests\\ProcessChunksTest.cs(27,0): at MD5HashWithLeadingZeroes.Tests.ProcessChunksTest.ToBinary_String_ReturnTrue(String input, String expectedValue)"}}
TpTrace Verbose: 0 : 75004, 4, 2024/11/03, 15:12:32.295, 12916143160821, vstest.console.dll, MulticastDelegateUtilities.SafeInvoke: InternalTestLoggerEvents.SendTestRunMessage: Invoking callback 1/1 for Microsoft.VisualStudio.TestPlatform.CommandLine.Internal.ConsoleLogger., took 0 ms.
TpTrace Verbose: 0 : 75004, 11, 2024/11/03, 15:12:32.295, 12916143162553, vstest.console.dll, TestRunRequest:SendTestRunMessage: Starting.
TpTrace Verbose: 0 : 75004, 11, 2024/11/03, 15:12:32.295, 12916143163551, vstest.console.dll, MulticastDelegateUtilities.SafeInvoke: TestRun.LogMessages: Invoking callback 1/1 for Microsoft.VisualStudio.TestPlatform.CommandLine.TestRunResultAggregator., took 0 ms.
TpTrace Information: 0 : 75004, 11, 2024/11/03, 15:12:32.295, 12916143163816, vstest.console.dll, TestRunRequest:SendTestRunMessage: Completed.
TpTrace Verbose: 0 : 75004, 4, 2024/11/03, 15:12:32.295, 12916143163901, vstest.console.dll, MulticastDelegateUtilities.SafeInvoke: InternalTestLoggerEvents.SendTestRunMessage: Invoking callback 1/1 for Microsoft.VisualStudio.TestPlatform.CommandLine.Internal.ConsoleLogger., took 0 ms.
TpTrace Verbose: 0 : 75004, 11, 2024/11/03, 15:12:32.295, 12916143164089, vstest.console.dll, MulticastDelegateUtilities.SafeInvoke: LengthPrefixCommunicationChannel: MessageReceived: Invoking callback 1/1 for Microsoft.VisualStudio.TestPlatform.CommunicationUtilities.TestRequestSender+<>c__DisplayClass34_0., took 0 ms.
TpTrace Verbose: 0 : 75004, 11, 2024/11/03, 15:12:32.295, 12916143164605, vstest.console.dll, TcpClientExtensions.MessageLoopAsync: Polling on remoteEndPoint: 127.0.0.1:62275 localEndPoint: 127.0.0.1:62274 after 0 ms
TpTrace Verbose: 0 : 75004, 11, 2024/11/03, 15:12:32.295, 12916143164950, vstest.console.dll, TcpClientExtensions.MessageLoopAsync: NotifyDataAvailable remoteEndPoint: 127.0.0.1:62275 localEndPoint: 127.0.0.1:62274
TpTrace Verbose: 0 : 75004, 11, 2024/11/03, 15:12:32.295, 12916143165342, vstest.console.dll, TestRequestSender.OnExecutionMessageReceived: Received message: {"Version":7,"MessageType":"TestSession.Message","Payload":{"MessageLevel":0,"Message":"[xUnit.net 00:00:00.24]            at InvokeStub_ProcessChunksTest.ToBinary_String_ReturnTrue(Object, Span`1)"}}
TpTrace Verbose: 0 : 75004, 11, 2024/11/03, 15:12:32.295, 12916143165935, vstest.console.dll, TestRunRequest:SendTestRunMessage: Starting.
TpTrace Verbose: 0 : 75004, 11, 2024/11/03, 15:12:32.295, 12916143166396, vstest.console.dll, MulticastDelegateUtilities.SafeInvoke: TestRun.LogMessages: Invoking callback 1/1 for Microsoft.VisualStudio.TestPlatform.CommandLine.TestRunResultAggregator., took 0 ms.
TpTrace Information: 0 : 75004, 11, 2024/11/03, 15:12:32.295, 12916143166662, vstest.console.dll, TestRunRequest:SendTestRunMessage: Completed.
TpTrace Verbose: 0 : 75004, 4, 2024/11/03, 15:12:32.295, 12916143166680, vstest.console.dll, MulticastDelegateUtilities.SafeInvoke: InternalTestLoggerEvents.SendTestRunMessage: Invoking callback 1/1 for Microsoft.VisualStudio.TestPlatform.CommandLine.Internal.ConsoleLogger., took 0 ms.
TpTrace Verbose: 0 : 75004, 11, 2024/11/03, 15:12:32.295, 12916143166969, vstest.console.dll, MulticastDelegateUtilities.SafeInvoke: LengthPrefixCommunicationChannel: MessageReceived: Invoking callback 1/1 for Microsoft.VisualStudio.TestPlatform.CommunicationUtilities.TestRequestSender+<>c__DisplayClass34_0., took 0 ms.
TpTrace Verbose: 0 : 75004, 11, 2024/11/03, 15:12:32.295, 12916143167479, vstest.console.dll, TcpClientExtensions.MessageLoopAsync: Polling on remoteEndPoint: 127.0.0.1:62275 localEndPoint: 127.0.0.1:62274 after 0 ms
TpTrace Verbose: 0 : 75004, 11, 2024/11/03, 15:12:32.295, 12916143167775, vstest.console.dll, TcpClientExtensions.MessageLoopAsync: NotifyDataAvailable remoteEndPoint: 127.0.0.1:62275 localEndPoint: 127.0.0.1:62274
TpTrace Verbose: 0 : 75004, 11, 2024/11/03, 15:12:32.295, 12916143168181, vstest.console.dll, TestRequestSender.OnExecutionMessageReceived: Received message: {"Version":7,"MessageType":"TestSession.Message","Payload":{"MessageLevel":0,"Message":"[xUnit.net 00:00:00.24]            at System.Reflection.MethodBaseInvoker.InvokeWithFewArgs(Object obj, BindingFlags invokeAttr, Binder binder, Object[] parameters, CultureInfo culture)"}}
TpTrace Verbose: 0 : 75004, 11, 2024/11/03, 15:12:32.295, 12916143168759, vstest.console.dll, TestRunRequest:SendTestRunMessage: Starting.
TpTrace Verbose: 0 : 75004, 11, 2024/11/03, 15:12:32.295, 12916143169164, vstest.console.dll, MulticastDelegateUtilities.SafeInvoke: TestRun.LogMessages: Invoking callback 1/1 for Microsoft.VisualStudio.TestPlatform.CommandLine.TestRunResultAggregator., took 0 ms.
TpTrace Information: 0 : 75004, 11, 2024/11/03, 15:12:32.295, 12916143169426, vstest.console.dll, TestRunRequest:SendTestRunMessage: Completed.
TpTrace Verbose: 0 : 75004, 4, 2024/11/03, 15:12:32.295, 12916143169482, vstest.console.dll, MulticastDelegateUtilities.SafeInvoke: InternalTestLoggerEvents.SendTestRunMessage: Invoking callback 1/1 for Microsoft.VisualStudio.TestPlatform.CommandLine.Internal.ConsoleLogger., took 0 ms.
TpTrace Verbose: 0 : 75004, 11, 2024/11/03, 15:12:32.295, 12916143169731, vstest.console.dll, MulticastDelegateUtilities.SafeInvoke: LengthPrefixCommunicationChannel: MessageReceived: Invoking callback 1/1 for Microsoft.VisualStudio.TestPlatform.CommunicationUtilities.TestRequestSender+<>c__DisplayClass34_0., took 0 ms.
TpTrace Verbose: 0 : 75004, 11, 2024/11/03, 15:12:32.296, 12916143170233, vstest.console.dll, TcpClientExtensions.MessageLoopAsync: Polling on remoteEndPoint: 127.0.0.1:62275 localEndPoint: 127.0.0.1:62274 after 0 ms
TpTrace Verbose: 0 : 75004, 11, 2024/11/03, 15:12:32.296, 12916143170536, vstest.console.dll, TcpClientExtensions.MessageLoopAsync: NotifyDataAvailable remoteEndPoint: 127.0.0.1:62275 localEndPoint: 127.0.0.1:62274
TpTrace Verbose: 0 : 75004, 11, 2024/11/03, 15:12:32.296, 12916143170922, vstest.console.dll, TestRequestSender.OnExecutionMessageReceived: Received message: {"Version":7,"MessageType":"TestSession.Message","Payload":{"MessageLevel":0,"Message":"[xUnit.net 00:00:00.24]   Finished:    MD5HashWithLeadingZeroes.Tests"}}
TpTrace Verbose: 0 : 75004, 11, 2024/11/03, 15:12:32.296, 12916143171470, vstest.console.dll, TestRunRequest:SendTestRunMessage: Starting.
TpTrace Verbose: 0 : 75004, 11, 2024/11/03, 15:12:32.296, 12916143171889, vstest.console.dll, MulticastDelegateUtilities.SafeInvoke: TestRun.LogMessages: Invoking callback 1/1 for Microsoft.VisualStudio.TestPlatform.CommandLine.TestRunResultAggregator., took 0 ms.
TpTrace Information: 0 : 75004, 11, 2024/11/03, 15:12:32.296, 12916143172152, vstest.console.dll, TestRunRequest:SendTestRunMessage: Completed.
TpTrace Verbose: 0 : 75004, 4, 2024/11/03, 15:12:32.296, 12916143172218, vstest.console.dll, MulticastDelegateUtilities.SafeInvoke: InternalTestLoggerEvents.SendTestRunMessage: Invoking callback 1/1 for Microsoft.VisualStudio.TestPlatform.CommandLine.Internal.ConsoleLogger., took 0 ms.
TpTrace Verbose: 0 : 75004, 11, 2024/11/03, 15:12:32.296, 12916143172438, vstest.console.dll, MulticastDelegateUtilities.SafeInvoke: LengthPrefixCommunicationChannel: MessageReceived: Invoking callback 1/1 for Microsoft.VisualStudio.TestPlatform.CommunicationUtilities.TestRequestSender+<>c__DisplayClass34_0., took 0 ms.
TpTrace Verbose: 0 : 75004, 11, 2024/11/03, 15:12:32.296, 12916143173295, vstest.console.dll, TcpClientExtensions.MessageLoopAsync: Polling on remoteEndPoint: 127.0.0.1:62275 localEndPoint: 127.0.0.1:62274 after 0 ms
TpTrace Verbose: 0 : 75004, 11, 2024/11/03, 15:12:32.309, 12916143305273, vstest.console.dll, TcpClientExtensions.MessageLoopAsync: NotifyDataAvailable remoteEndPoint: 127.0.0.1:62275 localEndPoint: 127.0.0.1:62274
TpTrace Verbose: 0 : 75004, 11, 2024/11/03, 15:12:32.309, 12916143308238, vstest.console.dll, TestRequestSender.OnExecutionMessageReceived: Received message: {"Version":7,"MessageType":"TestExecution.Completed","Payload":{"TestRunCompleteArgs":{"TestRunStatistics":{"ExecutedTests":18,"Stats":{"Passed":16,"Failed":2}},"IsCanceled":false,"IsAborted":false,"Error":null,"AttachmentSets":[],"InvokedDataCollectors":[],"ElapsedTimeInRunningTests":"00:00:00.2542013","Metrics":{},"DiscoveredExtensions":{"TestDiscoverers":["Xunit.Runner.VisualStudio.VsTestRunner, xunit.runner.visualstudio.dotnetcore.testadapter, Version=2.5.0.0, Culture=neutral, PublicKeyToken=null"],"TestExecutors":["executor://xunit/VsTestRunner2/netcoreapp"],"TestExecutors2":[],"TestSettingsProviders":[]}},"LastRunTests":{"NewTestResults":[{"TestCase":{"Id":"fb34b425-fdb3-51f4-566f-d8d63ae58a90","FullyQualifiedName":"MD5HashWithLeadingZeroes.Tests.InitializeConstants.IntializeS_WithCorrectNumbers_ReturnTrue","DisplayName":"MD5HashWithLeadingZeroes.Tests.InitializeConstants.IntializeS_WithCorrectNumbers_ReturnTrue(index: 63, expectedValue: 21)","ExecutorUri":"executor://xunit/VsTestRunner2/netcoreapp","Source":"D:\\Projects\\AdventOfCode\\2015\\MD5Hash\\FindMD5Hashes.Tests\\bin\\Debug\\net8.0\\fine-code-coverage\\build-output\\MD5HashWithLeadingZeroes.Tests.dll","CodeFilePath":null,"LineNumber":0,"Properties":[]},"Attachments":[],"Outcome":1,"ErrorMessage":null,"ErrorStackTrace":null,"DisplayName":"MD5HashWithLeadingZeroes.Tests.InitializeConstants.IntializeS_WithCorrectNumbers_ReturnTrue(index: 63, expectedValue: 21)","Messages":[],"ComputerName":"DESKTOP-K3L5GN1","Duration":"00:00:00.0000190","StartTime":"2024-11-03T13:12:32.2813643+00:00","EndTime":"2024-11-03T13:12:32.2813644+00:00","Properties":[]},{"TestCase":{"Id":"c2117a30-2327-2057-f3f1-e5f2276bc53c","FullyQualifiedName":"MD5HashWithLeadingZeroes.Tests.ProcessChunksTest.ToBinary_String_ReturnTrue","DisplayName":"MD5HashWithLeadingZeroes.Tests.ProcessChunksTest.ToBinary_String_ReturnTrue(input: \"ckczppom\", expectedValue: \"597bb7cda92b70698b3a70ad93920b8e\")","ExecutorUri":"executor://xunit/VsTestRunner2/netcoreapp","Source":"D:\\Projects\\AdventOfCode\\2015\\MD5Hash\\FindMD5Hashes.Tests\\bin\\Debug\\net8.0\\fine-code-coverage\\build-output\\MD5HashWithLeadingZeroes.Tests.dll","CodeFilePath":null,"LineNumber":0,"Properties":[]},"Attachments":[],"Outcome":2,"ErrorMessage":"Assert.Equal() Failure: Strings differ\r\n            (pos 0)\r\nExpected: \"597bb7cda92b70698b3a70ad93920b8e\"\r\nActual:   \"9058f04e6a5113b8f9242b0709ba28\"\r\n            (pos 0)","ErrorStackTrace":"   at MD5HashWithLeadingZeroes.Tests.ProcessChunksTest.ToBinary_String_ReturnTrue(String input, String expectedValue) in D:\\Projects\\AdventOfCode\\2015\\MD5Hash\\FindMD5Hashes.Tests\\ProcessChunksTest.cs:line 27\r\n   at System.RuntimeMethodHandle.InvokeMethod(Object target, Void** arguments, Signature sig, Boolean isConstructor)\r\n   at System.Reflection.MethodBaseInvoker.InvokeDirectByRefWithFewArgs(Object obj, Span`1 copyOfArgs, BindingFlags invokeAttr)","DisplayName":"MD5HashWithLeadingZeroes.Tests.ProcessChunksTest.ToBinary_String_ReturnTrue(input: \"ckczppom\", expectedValue: \"597bb7cda92b70698b3a70ad93920b8e\")","Messages":[],"ComputerName":"DESKTOP-K3L5GN1","Duration":"00:00:00.0135634","StartTime":"2024-11-03T13:12:32.2893943+00:00","EndTime":"2024-11-03T13:12:32.2893945+00:00","Properties":[]},{"TestCase":{"Id":"cf9aa8dd-57d6-3fb3-32bd-8b4ed2638fa2","FullyQualifiedName":"MD5HashWithLeadingZeroes.Tests.ProcessChunksTest.ToBinary_String_ReturnTrue","DisplayName":"MD5HashWithLeadingZeroes.Tests.ProcessChunksTest.ToBinary_String_ReturnTrue(input: \"They are deterministic\", expectedValue: \"23db6982caef9e9152f1a5b2589e6ca3\")","ExecutorUri":"executor://xunit/VsTestRunner2/netcoreapp","Source":"D:\\Projects\\AdventOfCode\\2015\\MD5Hash\\FindMD5Hashes.Tests\\bin\\Debug\\net8.0\\fine-code-coverage\\build-output\\MD5HashWithLeadingZeroes.Tests.dll","CodeFilePath":null,"LineNumber":0,"Properties":[]},"Attachments":[],"Outcome":2,"ErrorMessage":"Assert.Equal() Failure: Strings differ\r\n             (pos 1)\r\nExpected: \"23db6982caef9e9152f1a5b2589e6ca3\"\r\nActual:   \"2257846a24512041cd3e51b644b5c92e\"\r\n             (pos 1)","ErrorStackTrace":"   at MD5HashWithLeadingZeroes.Tests.ProcessChunksTest.ToBinary_String_ReturnTrue(String input, String expectedValue) in D:\\Projects\\AdventOfCode\\2015\\MD5Hash\\FindMD5Hashes.Tests\\ProcessChunksTest.cs:line 27\r\n   at InvokeStub_ProcessChunksTest.ToBinary_String_ReturnTrue(Object, Span`1)\r\n   at System.Reflection.MethodBaseInvoker.InvokeWithFewArgs(Object obj, BindingFlags invokeAttr, Binder binder, Object[] parameters, CultureInfo culture)","DisplayName":"MD5HashWithLeadingZeroes.Tests.ProcessChunksTest.ToBinary_String_ReturnTrue(input: \"They are deterministic\", expectedValue: \"23db6982caef9e9152f1a5b2589e6ca3\")","Messages":[],"ComputerName":"DESKTOP-K3L5GN1","Duration":"00:00:00.0006167","StartTime":"2024-11-03T13:12:32.2932197+00:00","EndTime":"2024-11-03T13:12:32.2932198+00:00","Properties":[]}],"TestRunStatistics":{"ExecutedTests":18,"Stats":{"Passed":16,"Failed":2}},"ActiveTests":[]},"RunAttachments":[],"ExecutorUris":["executor://xunit/VsTestRunner2/netcoreapp"]}}
TpTrace Verbose: 0 : 75004, 11, 2024/11/03, 15:12:32.309, 12916143309232, vstest.console.dll, TestRequestSender.EndSession: Sending end session.
TpTrace Verbose: 0 : 75004, 11, 2024/11/03, 15:12:32.310, 12916143310383, vstest.console.dll, ProxyOperationManager.Close: waiting for test host to exit for 100 ms
TpTrace Verbose: 0 : 75004, 12, 2024/11/03, 15:12:32.332, 12916143534487, vstest.console.dll, TestHostManagerCallbacks.StandardOutputReceivedCallback Test host standard output line: 
TpTrace Warning: 0 : 75004, 7, 2024/11/03, 15:12:32.332, 12916143534453, vstest.console.dll, TestHostManagerCallbacks.ErrorReceivedCallback Test host standard error line: 
TpTrace Verbose: 0 : 75004, 7, 2024/11/03, 15:12:32.339, 12916143604000, vstest.console.dll, TestHostProvider.ExitCallBack: Host exited starting callback.
TpTrace Information: 0 : 75004, 7, 2024/11/03, 15:12:32.339, 12916143606821, vstest.console.dll, TestHostManagerCallbacks.ExitCallBack: Testhost processId: 87508 exited with exitcode: 0 error: ''
TpTrace Verbose: 0 : 75004, 7, 2024/11/03, 15:12:32.339, 12916143607422, vstest.console.dll, DotnetTestHostManager.OnHostExited: invoking OnHostExited callback
TpTrace Verbose: 0 : 75004, 7, 2024/11/03, 15:12:32.339, 12916143608076, vstest.console.dll, CrossPlatEngine.TestHostManagerHostExited: calling on client process exit callback.
TpTrace Information: 0 : 75004, 7, 2024/11/03, 15:12:32.339, 12916143608855, vstest.console.dll, TestRequestSender.OnClientProcessExit: Test host process exited. Standard error: 
TpTrace Information: 0 : 75004, 7, 2024/11/03, 15:12:32.339, 12916143609303, vstest.console.dll, SocketServer.Stop: Stop server endPoint: 127.0.0.1:62274
TpTrace Information: 0 : 75004, 11, 2024/11/03, 15:12:32.339, 12916143609416, vstest.console.dll, SocketServer.Stop: Stop server endPoint: 127.0.0.1:62274
TpTrace Information: 0 : 75004, 7, 2024/11/03, 15:12:32.339, 12916143609562, vstest.console.dll, SocketServer.Stop: Cancellation requested. Stopping message loop.
TpTrace Information: 0 : 75004, 11, 2024/11/03, 15:12:32.340, 12916143609948, vstest.console.dll, SocketServer.Stop: Cancellation requested. Stopping message loop.
TpTrace Information: 0 : 75004, 11, 2024/11/03, 15:12:32.340, 12916143610602, vstest.console.dll, Closing the connection
TpTrace Verbose: 0 : 75004, 7, 2024/11/03, 15:12:32.340, 12916143610983, vstest.console.dll, MulticastDelegateUtilities.SafeInvoke: HostProviderEvents.OnHostExited: Invoking callback 1/1 for Microsoft.VisualStudio.TestPlatform.CrossPlatEngine.Client.ProxyOperationManager., took 0 ms.
TpTrace Verbose: 0 : 75004, 11, 2024/11/03, 15:12:32.340, 12916143612988, vstest.console.dll, ProxyDataCollectionManager.InvokeDataCollectionServiceAction: Starting.
TpTrace Information: 0 : 75004, 11, 2024/11/03, 15:12:32.340, 12916143613419, vstest.console.dll, ProxyDataCollectionManager.AfterTestRunEnd: Get attachment set and invoked data collectors processId: 104668 port: 62271
TpTrace Verbose: 0 : 75004, 11, 2024/11/03, 15:12:32.340, 12916143613901, vstest.console.dll, DataCollectionRequestSender.SendAfterTestRunStartAndGetResult: Send AfterTestRunEnd message with isCancelled: False
TpTrace Verbose: 0 : 75004, 11, 2024/11/03, 15:12:32.345, 12916143664951, vstest.console.dll, DataCollectionRequestSender.SendAfterTestRunStartAndGetResult: Received message: (DataCollection.AfterTestRunEndResult) -> {"MessageType":"DataCollection.AfterTestRunEndResult","Payload":{"AttachmentSets":[],"InvokedDataCollectors":[{"Uri":"datacollector://Microsoft/TestPlatform/Extensions/Blame/v1","FriendlyName":"Blame","AssemblyQualifiedName":"Microsoft.TestPlatform.Extensions.BlameDataCollector.BlameCollector, Microsoft.TestPlatform.Extensions.BlameDataCollector, Version=15.0.0.0, Culture=neutral, PublicKeyToken=b03f5f7f11d50a3a","FilePath":"C:\\Program Files\\dotnet\\sdk\\8.0.400\\Extensions\\Microsoft.TestPlatform.Extensions.BlameDataCollector.dll","HasAttachmentProcessor":false}],"Metrics":{}}}
TpTrace Information: 0 : 75004, 11, 2024/11/03, 15:12:32.350, 12916143714468, vstest.console.dll, ProxyDataCollectionManager.InvokeDataCollectionServiceAction: Completed.
TpTrace Warning: 0 : 75004, 10, 2024/11/03, 15:12:32.358, 12916143798666, vstest.console.dll, DataCollectionLauncher.ErrorReceivedCallback datacollector standard error line: 
TpTrace Information: 0 : 75004, 10, 2024/11/03, 15:12:32.363, 12916143846501, vstest.console.dll, DataCollectionLauncher.ExitCallBack: Data collector exited with exitcode: 0 error: ''
TpTrace Verbose: 0 : 75004, 11, 2024/11/03, 15:12:32.379, 12916144004216, vstest.console.dll, TestRunRequest:SendTestRunStatsChange: Starting.
TpTrace Verbose: 0 : 75004, 11, 2024/11/03, 15:12:32.379, 12916144005493, vstest.console.dll, MulticastDelegateUtilities.SafeInvoke: TestRun.RunStatsChanged: Invoking callbacks was skipped because there are no subscribers.
TpTrace Information: 0 : 75004, 11, 2024/11/03, 15:12:32.379, 12916144005823, vstest.console.dll, TestRunRequest:SendTestRunStatsChange: Completed.
TpTrace Verbose: 0 : 75004, 4, 2024/11/03, 15:12:32.379, 12916144006023, vstest.console.dll, MulticastDelegateUtilities.SafeInvoke: InternalTestLoggerEvents.SendTestResult: Invoking callback 1/1 for Microsoft.VisualStudio.TestPlatform.CommandLine.Internal.ConsoleLogger., took 0 ms.
TpTrace Verbose: 0 : 75004, 11, 2024/11/03, 15:12:32.379, 12916144009622, vstest.console.dll, ParallelProxyExecutionManager: HandlePartialRunComplete: Total workloads = 1, Total started clients = 1 Total completed clients = 1, Run complete = True, Run canceled: False.
TpTrace Verbose: 0 : 75004, 11, 2024/11/03, 15:12:32.380, 12916144010101, vstest.console.dll, ParallelProxyExecutionManager: HandlePartialRunComplete: All runs completed stopping all managers.
TpTrace Verbose: 0 : 75004, 11, 2024/11/03, 15:12:32.380, 12916144010441, vstest.console.dll, ParallelOperationManager.StopAllManagers: Stopping all managers.
TpTrace Verbose: 0 : 75004, 11, 2024/11/03, 15:12:32.380, 12916144010740, vstest.console.dll, ParallelOperationManager.ClearSlots: Clearing all slots. Slots should accept more work: False
TpTrace Verbose: 0 : 75004, 11, 2024/11/03, 15:12:32.380, 12916144011094, vstest.console.dll, ParallelOperationManager.SetOccupiedSlotCount: Setting slot counts AvailableSlotCount = 1, OccupiedSlotCount = 0.
TpTrace Verbose: 0 : 75004, 11, 2024/11/03, 15:12:32.380, 12916144011399, vstest.console.dll, Occupied slots:

TpTrace Verbose: 0 : 75004, 4, 2024/11/03, 15:12:32.380, 12916144012633, vstest.console.dll, MulticastDelegateUtilities.SafeInvoke: InternalTestLoggerEvents.SendTestResult: Invoking callback 1/1 for Microsoft.VisualStudio.TestPlatform.CommandLine.Internal.ConsoleLogger., took 0 ms.
TpTrace Verbose: 0 : 75004, 4, 2024/11/03, 15:12:32.380, 12916144014677, vstest.console.dll, MulticastDelegateUtilities.SafeInvoke: InternalTestLoggerEvents.SendTestResult: Invoking callback 1/1 for Microsoft.VisualStudio.TestPlatform.CommandLine.Internal.ConsoleLogger., took 0 ms.
TpTrace Verbose: 0 : 75004, 4, 2024/11/03, 15:12:32.386, 12916144078631, vstest.console.dll, MulticastDelegateUtilities.SafeInvoke: InternalTestLoggerEvents.SendTestRunComplete: Invoking callback 1/2 for Microsoft.TestPlatform.Extensions.BlameDataCollector.BlameLogger., took 0 ms.
TpTrace Verbose: 0 : 75004, 4, 2024/11/03, 15:12:32.391, 12916144121326, vstest.console.dll, MulticastDelegateUtilities.SafeInvoke: InternalTestLoggerEvents.SendTestRunComplete: Invoking callback 2/2 for Microsoft.VisualStudio.TestPlatform.CommandLine.Internal.ConsoleLogger., took 4 ms.
TpTrace Verbose: 0 : 75004, 11, 2024/11/03, 15:12:32.391, 12916144123662, vstest.console.dll, TestRunRequest:TestRunComplete: Starting. IsAborted:False IsCanceled:False.
TpTrace Verbose: 0 : 75004, 11, 2024/11/03, 15:12:32.391, 12916144124987, vstest.console.dll, ParallelOperationManager.DoActionOnAllManagers: Calling an action on all managers.
TpTrace Verbose: 0 : 75004, 11, 2024/11/03, 15:12:32.392, 12916144134645, vstest.console.dll, TestLoggerManager.HandleTestRunComplete: Ignoring as the object is disposed.
TpTrace Verbose: 0 : 75004, 11, 2024/11/03, 15:12:32.392, 12916144136282, vstest.console.dll, MulticastDelegateUtilities.SafeInvoke: TestRun.TestRunComplete: Invoking callback 1/2 for Microsoft.VisualStudio.TestPlatform.CommandLine.TestRunResultAggregator., took 0 ms.
TpTrace Verbose: 0 : 75004, 11, 2024/11/03, 15:12:32.392, 12916144137293, vstest.console.dll, MulticastDelegateUtilities.SafeInvoke: TestRun.TestRunComplete: Invoking callback 2/2 for Microsoft.VisualStudio.TestPlatform.CommandLine.Processors.RunTestsArgumentExecutor+TestRunRequestEventsRegistrar., took 0 ms.
TpTrace Information: 0 : 75004, 11, 2024/11/03, 15:12:32.392, 12916144138119, vstest.console.dll, TestRunRequest:TestRunComplete: Completed.
TpTrace Verbose: 0 : 75004, 1, 2024/11/03, 15:12:32.392, 12916144138215, vstest.console.dll, TestRunRequest.Dispose: Starting.
TpTrace Verbose: 0 : 75004, 11, 2024/11/03, 15:12:32.392, 12916144138863, vstest.console.dll, TestRequestSender.SetOperationComplete: Setting operation complete.
TpTrace Information: 0 : 75004, 1, 2024/11/03, 15:12:32.392, 12916144138893, vstest.console.dll, TestRunRequest.Dispose: Completed.
TpTrace Information: 0 : 75004, 11, 2024/11/03, 15:12:32.392, 12916144139211, vstest.console.dll, SocketServer.Stop: Stop server endPoint: 127.0.0.1:62274
TpTrace Information: 0 : 75004, 1, 2024/11/03, 15:12:32.392, 12916144139595, vstest.console.dll, TestRequestManager.RunTests: run tests completed.
TpTrace Information: 0 : 75004, 11, 2024/11/03, 15:12:32.392, 12916144139759, vstest.console.dll, SocketServer.Stop: Cancellation requested. Stopping message loop.
TpTrace Verbose: 0 : 75004, 11, 2024/11/03, 15:12:32.393, 12916144140192, vstest.console.dll, MulticastDelegateUtilities.SafeInvoke: LengthPrefixCommunicationChannel: MessageReceived: Invoking callback 1/1 for Microsoft.VisualStudio.TestPlatform.CommunicationUtilities.TestRequestSender+<>c__DisplayClass34_0., took 83 ms.
TpTrace Information: 0 : 75004, 11, 2024/11/03, 15:12:32.393, 12916144140557, vstest.console.dll, SocketServer.PrivateStop: Stopping server endPoint: 127.0.0.1:62274 error: 
TpTrace Information: 0 : 75004, 1, 2024/11/03, 15:12:32.393, 12916144140540, vstest.console.dll, RunTestsArgumentProcessor:Execute: Test run is completed.
TpTrace Verbose: 0 : 75004, 1, 2024/11/03, 15:12:32.393, 12916144142517, vstest.console.dll, Executor.Execute: Exiting with exit code of 1
TpTrace Verbose: 0 : 75004, 11, 2024/11/03, 15:12:32.393, 12916144143777, vstest.console.dll, LengthPrefixCommunicationChannel.Dispose: Dispose reader and writer.
TpTrace Information: 0 : 75004, 11, 2024/11/03, 15:12:32.393, 12916144144381, vstest.console.dll, SocketServer.Stop: Raise disconnected event endPoint: 127.0.0.1:62274 error: 
TpTrace Verbose: 0 : 75004, 11, 2024/11/03, 15:12:32.393, 12916144145104, vstest.console.dll, TestRequestSender: OnTestRunAbort: Operation is already complete. Skip error message.
