<?xml version="1.0" encoding="utf-8"?>
<coverage line-rate="0.9163" branch-rate="0.9251999999999999" version="1.9" timestamp="1730396362" lines-covered="241" lines-valid="263" branches-covered="99" branches-valid="107">
  <sources>
    <source>D:\</source>
  </sources>
  <packages>
    <package name="FindMD5HashWithLeadingZeroes" line-rate="0.9163" branch-rate="0.9251999999999999" complexity="110">
      <classes>
        <class name="FindMD5HashWithLeadingZeroes.FindMD5Hash" filename="Projects\AdventOfCode\2015\MD5Hash\FindMD5HashWithLeadingZeroes\FindMD5Hash.cs" line-rate="0.9163" branch-rate="0.9251999999999999" complexity="110">
          <methods>
            <method name="Main" signature="(System.String[])" line-rate="0" branch-rate="1" complexity="1">
              <lines>
                <line number="19" hits="0" branch="False" />
                <line number="20" hits="0" branch="False" />
                <line number="21" hits="0" branch="False" />
                <line number="22" hits="0" branch="False" />
                <line number="23" hits="0" branch="False" />
                <line number="24" hits="0" branch="False" />
                <line number="26" hits="0" branch="False" />
              </lines>
            </method>
            <method name="AddPadding" signature="(System.String,System.String)" line-rate="0.7741" branch-rate="0.625" complexity="8">
              <lines>
                <line number="29" hits="2" branch="False" />
                <line number="30" hits="2" branch="False" />
                <line number="31" hits="2" branch="False" />
                <line number="32" hits="2" branch="False" />
                <line number="34" hits="2" branch="False" />
                <line number="36" hits="2" branch="True" condition-coverage="100% (2/2)">
                  <conditions>
                    <condition number="43" type="jump" coverage="100%" />
                  </conditions>
                </line>
                <line number="37" hits="2" branch="False" />
                <line number="45" hits="2" branch="False" />
                <line number="46" hits="376" branch="False" />
                <line number="47" hits="376" branch="False" />
                <line number="48" hits="376" branch="False" />
                <line number="50" hits="376" branch="True" condition-coverage="100% (2/2)">
                  <conditions>
                    <condition number="90" type="jump" coverage="100%" />
                  </conditions>
                </line>
                <line number="51" hits="2" branch="False" />
                <line number="52" hits="2" branch="False" />
                <line number="55" hits="374" branch="False" />
                <line number="56" hits="374" branch="False" />
                <line number="58" hits="2" branch="True" condition-coverage="50% (1/2)">
                  <conditions>
                    <condition number="127" type="jump" coverage="50%" />
                  </conditions>
                </line>
                <line number="59" hits="0" branch="False" />
                <line number="60" hits="0" branch="True" condition-coverage="0% (0/2)">
                  <conditions>
                    <condition number="157" type="jump" coverage="0%" />
                  </conditions>
                </line>
                <line number="61" hits="0" branch="False" />
                <line number="62" hits="0" branch="False" />
                <line number="63" hits="0" branch="False" />
                <line number="65" hits="0" branch="False" />
                <line number="66" hits="0" branch="False" />
                <line number="69" hits="2" branch="False" />
                <line number="70" hits="2" branch="False" />
                <line number="71" hits="2" branch="False" />
                <line number="72" hits="2" branch="False" />
                <line number="74" hits="2" branch="False" />
                <line number="76" hits="2" branch="False" />
                <line number="77" hits="2" branch="False" />
              </lines>
            </method>
            <method name="AddBytesWithZeroes" signature="(System.Int32,System.Text.StringBuilder,System.Boolean)" line-rate="0.7272" branch-rate="0.8" complexity="10">
              <lines>
                <line number="80" hits="2" branch="False" />
                <line number="81" hits="226" branch="True" condition-coverage="100% (2/2)">
                  <conditions>
                    <condition number="47" type="jump" coverage="100%" />
                  </conditions>
                </line>
                <line number="82" hits="111" branch="False" />
                <line number="84" hits="111" branch="True" condition-coverage="83.33% (5/6)">
                  <conditions>
                    <condition number="8" type="jump" coverage="100%" />
                    <condition number="11" type="jump" coverage="50%" />
                    <condition number="19" type="jump" coverage="100%" />
                  </conditions>
                </line>
                <line number="85" hits="111" branch="False" />
                <line number="91" hits="111" branch="False" />
                <line number="94" hits="2" branch="True" condition-coverage="50% (1/2)">
                  <conditions>
                    <condition number="55" type="jump" coverage="50%" />
                  </conditions>
                </line>
                <line number="95" hits="0" branch="False" />
                <line number="97" hits="0" branch="False" />
                <line number="99" hits="0" branch="False" />
                <line number="101" hits="2" branch="False" />
              </lines>
            </method>
            <method name="ProcessChunks" signature="(System.String)" line-rate="1" branch-rate="0.95" complexity="20">
              <lines>
                <line number="104" hits="1" branch="False" />
                <line number="106" hits="1" branch="False" />
                <line number="107" hits="1" branch="False" />
                <line number="110" hits="1" branch="False" />
                <line number="111" hits="1" branch="False" />
                <line number="114" hits="1" branch="False" />
                <line number="115" hits="1" branch="False" />
                <line number="116" hits="1" branch="False" />
                <line number="117" hits="1" branch="False" />
                <line number="119" hits="1" branch="False" />
                <line number="120" hits="4" branch="True" condition-coverage="100% (2/2)">
                  <conditions>
                    <condition number="565" type="jump" coverage="100%" />
                  </conditions>
                </line>
                <line number="121" hits="1" branch="False" />
                <line number="122" hits="1" branch="False" />
                <line number="123" hits="1" branch="False" />
                <line number="124" hits="1" branch="False" />
                <line number="125" hits="1" branch="False" />
                <line number="127" hits="1" branch="False" />
                <line number="128" hits="66" branch="True" condition-coverage="100% (2/2)">
                  <conditions>
                    <condition number="498" type="jump" coverage="100%" />
                  </conditions>
                </line>
                <line number="129" hits="32" branch="False" />
                <line number="130" hits="32" branch="False" />
                <line number="131" hits="32" branch="False" />
                <line number="133" hits="32" branch="True" condition-coverage="75% (3/4)">
                  <conditions>
                    <condition number="158" type="jump" coverage="50%" />
                    <condition number="176" type="jump" coverage="100%" />
                  </conditions>
                </line>
                <line number="134" hits="8" branch="False" />
                <line number="135" hits="8" branch="False" />
                <line number="136" hits="8" branch="False" />
                <line number="137" hits="8" branch="False" />
                <line number="140" hits="32" branch="True" condition-coverage="100% (4/4)">
                  <conditions>
                    <condition number="218" type="jump" coverage="100%" />
                    <condition number="236" type="jump" coverage="100%" />
                  </conditions>
                </line>
                <line number="141" hits="8" branch="False" />
                <line number="142" hits="8" branch="False" />
                <line number="143" hits="8" branch="False" />
                <line number="144" hits="8" branch="False" />
                <line number="147" hits="32" branch="True" condition-coverage="100% (4/4)">
                  <conditions>
                    <condition number="285" type="jump" coverage="100%" />
                    <condition number="303" type="jump" coverage="100%" />
                  </conditions>
                </line>
                <line number="148" hits="8" branch="False" />
                <line number="149" hits="8" branch="False" />
                <line number="150" hits="8" branch="False" />
                <line number="151" hits="8" branch="False" />
                <line number="154" hits="32" branch="True" condition-coverage="100% (4/4)">
                  <conditions>
                    <condition number="340" type="jump" coverage="100%" />
                    <condition number="358" type="jump" coverage="100%" />
                  </conditions>
                </line>
                <line number="155" hits="8" branch="False" />
                <line number="156" hits="8" branch="False" />
                <line number="157" hits="8" branch="False" />
                <line number="158" hits="8" branch="False" />
                <line number="160" hits="32" branch="False" />
                <line number="162" hits="32" branch="False" />
                <line number="164" hits="32" branch="False" />
                <line number="165" hits="32" branch="False" />
                <line number="166" hits="32" branch="False" />
                <line number="167" hits="32" branch="False" />
                <line number="169" hits="32" branch="False" />
                <line number="170" hits="32" branch="False" />
                <line number="172" hits="1" branch="False" />
                <line number="173" hits="1" branch="False" />
                <line number="174" hits="1" branch="False" />
                <line number="175" hits="1" branch="False" />
                <line number="176" hits="1" branch="False" />
                <line number="178" hits="1" branch="False" />
                <line number="179" hits="1" branch="False" />
                <line number="180" hits="1" branch="False" />
                <line number="181" hits="1" branch="False" />
                <line number="191" hits="1" branch="False" />
                <line number="192" hits="1" branch="False" />
              </lines>
            </method>
            <method name="InitializeK" signature="(System.Int64[])" line-rate="1" branch-rate="1" complexity="2">
              <lines>
                <line number="195" hits="1" branch="False" />
                <line number="196" hits="130" branch="True" condition-coverage="100% (2/2)">
                  <conditions>
                    <condition number="60" type="jump" coverage="100%" />
                  </conditions>
                </line>
                <line number="197" hits="64" branch="False" />
                <line number="198" hits="64" branch="False" />
                <line number="199" hits="64" branch="False" />
                <line number="200" hits="1" branch="False" />
              </lines>
            </method>
            <method name="InitializeS" signature="(System.Int32[])" line-rate="0.9365000000000001" branch-rate="0.975" complexity="40">
              <lines>
                <line number="204" hits="1" branch="False" />
                <line number="206" hits="1" branch="False" />
                <line number="208" hits="130" branch="True" condition-coverage="100% (2/2)">
                  <conditions>
                    <condition number="386" type="jump" coverage="100%" />
                  </conditions>
                </line>
                <line number="209" hits="64" branch="False" />
                <line number="210" hits="64" branch="True" condition-coverage="100% (2/2)">
                  <conditions>
                    <condition number="17" type="jump" coverage="100%" />
                  </conditions>
                </line>
                <line number="211" hits="15" branch="False" />
                <line number="212" hits="15" branch="False" />
                <line number="213" hits="15" branch="False" />
                <line number="215" hits="64" branch="True" condition-coverage="75% (3/4)">
                  <conditions>
                    <condition number="25" type="jump" coverage="50%" />
                    <condition number="40" type="jump" coverage="100%" />
                  </conditions>
                </line>
                <line number="216" hits="16" branch="False" />
                <line number="218" hits="16" branch="True" condition-coverage="100% (5/5)">
                  <conditions>
                    <condition number="54" type="switch" coverage="100%" />
                  </conditions>
                </line>
                <line number="221" hits="4" branch="False" />
                <line number="222" hits="4" branch="False" />
                <line number="224" hits="4" branch="False" />
                <line number="225" hits="4" branch="False" />
                <line number="227" hits="4" branch="False" />
                <line number="228" hits="4" branch="False" />
                <line number="230" hits="4" branch="False" />
                <line number="231" hits="4" branch="False" />
                <line number="233" hits="0" branch="False" />
                <line number="235" hits="16" branch="False" />
                <line number="238" hits="64" branch="True" condition-coverage="100% (4/4)">
                  <conditions>
                    <condition number="110" type="jump" coverage="100%" />
                    <condition number="127" type="jump" coverage="100%" />
                  </conditions>
                </line>
                <line number="239" hits="16" branch="False" />
                <line number="247" hits="16" branch="True" condition-coverage="100% (5/5)">
                  <conditions>
                    <condition number="141" type="switch" coverage="100%" />
                  </conditions>
                </line>
                <line number="250" hits="4" branch="False" />
                <line number="251" hits="4" branch="False" />
                <line number="253" hits="4" branch="False" />
                <line number="254" hits="4" branch="False" />
                <line number="256" hits="4" branch="False" />
                <line number="257" hits="4" branch="False" />
                <line number="259" hits="4" branch="False" />
                <line number="260" hits="4" branch="False" />
                <line number="262" hits="0" branch="False" />
                <line number="264" hits="16" branch="False" />
                <line number="267" hits="64" branch="True" condition-coverage="100% (4/4)">
                  <conditions>
                    <condition number="197" type="jump" coverage="100%" />
                    <condition number="214" type="jump" coverage="100%" />
                  </conditions>
                </line>
                <line number="268" hits="16" branch="False" />
                <line number="276" hits="16" branch="True" condition-coverage="100% (5/5)">
                  <conditions>
                    <condition number="228" type="switch" coverage="100%" />
                  </conditions>
                </line>
                <line number="279" hits="4" branch="False" />
                <line number="280" hits="4" branch="False" />
                <line number="282" hits="4" branch="False" />
                <line number="283" hits="4" branch="False" />
                <line number="285" hits="4" branch="False" />
                <line number="286" hits="4" branch="False" />
                <line number="288" hits="4" branch="False" />
                <line number="289" hits="4" branch="False" />
                <line number="291" hits="0" branch="False" />
                <line number="293" hits="16" branch="False" />
                <line number="296" hits="64" branch="True" condition-coverage="100% (4/4)">
                  <conditions>
                    <condition number="284" type="jump" coverage="100%" />
                    <condition number="301" type="jump" coverage="100%" />
                  </conditions>
                </line>
                <line number="297" hits="16" branch="False" />
                <line number="305" hits="16" branch="True" condition-coverage="100% (5/5)">
                  <conditions>
                    <condition number="315" type="switch" coverage="100%" />
                  </conditions>
                </line>
                <line number="308" hits="4" branch="False" />
                <line number="309" hits="4" branch="False" />
                <line number="311" hits="4" branch="False" />
                <line number="312" hits="4" branch="False" />
                <line number="314" hits="4" branch="False" />
                <line number="315" hits="4" branch="False" />
                <line number="317" hits="4" branch="False" />
                <line number="318" hits="4" branch="False" />
                <line number="320" hits="0" branch="False" />
                <line number="322" hits="16" branch="False" />
                <line number="324" hits="64" branch="False" />
                <line number="325" hits="64" branch="False" />
                <line number="326" hits="1" branch="False" />
              </lines>
            </method>
            <method name="BreakIntoChunks" signature="(System.String,System.Int32)" line-rate="1" branch-rate="1" complexity="6">
              <lines>
                <line number="329" hits="2" branch="False" />
                <line number="330" hits="2" branch="False" />
                <line number="332" hits="2" branch="True" condition-coverage="100% (2/2)">
                  <conditions>
                    <condition number="17" type="jump" coverage="100%" />
                  </conditions>
                </line>
                <line number="333" hits="1" branch="False" />
                <line number="334" hits="4" branch="True" condition-coverage="100% (2/2)">
                  <conditions>
                    <condition number="72" type="jump" coverage="100%" />
                  </conditions>
                </line>
                <line number="335" hits="1" branch="False" />
                <line number="336" hits="1" branch="False" />
                <line number="337" hits="1" branch="False" />
                <line number="338" hits="1" branch="False" />
                <line number="341" hits="1" branch="False" />
                <line number="342" hits="34" branch="True" condition-coverage="100% (2/2)">
                  <conditions>
                    <condition number="121" type="jump" coverage="100%" />
                  </conditions>
                </line>
                <line number="343" hits="16" branch="False" />
                <line number="344" hits="16" branch="False" />
                <line number="345" hits="16" branch="False" />
                <line number="346" hits="1" branch="False" />
                <line number="348" hits="2" branch="False" />
                <line number="349" hits="2" branch="False" />
              </lines>
            </method>
            <method name="DecimalToBase" signature="(System.Int32,System.Int32)" line-rate="1" branch-rate="1" complexity="2">
              <lines>
                <line number="352" hits="2" branch="False" />
                <line number="353" hits="2" branch="False" />
                <line number="355" hits="19" branch="True" condition-coverage="100% (2/2)">
                  <conditions>
                    <condition number="32" type="jump" coverage="100%" />
                  </conditions>
                </line>
                <line number="356" hits="17" branch="False" />
                <line number="357" hits="17" branch="False" />
                <line number="358" hits="17" branch="False" />
                <line number="359" hits="17" branch="False" />
                <line number="361" hits="2" branch="False" />
                <line number="363" hits="2" branch="False" />
                <line number="364" hits="2" branch="False" />
                <line number="365" hits="2" branch="False" />
              </lines>
            </method>
            <method name="BinaryToDecimal" signature="(System.String)" line-rate="1" branch-rate="1" complexity="2">
              <lines>
                <line number="368" hits="32" branch="False" />
                <line number="369" hits="32" branch="False" />
                <line number="370" hits="32" branch="False" />
                <line number="372" hits="2112" branch="True" condition-coverage="100% (2/2)">
                  <conditions>
                    <condition number="102" type="jump" coverage="100%" />
                  </conditions>
                </line>
                <line number="373" hits="1024" branch="False" />
                <line number="374" hits="1024" branch="False" />
                <line number="375" hits="1024" branch="False" />
                <line number="377" hits="1024" branch="False" />
                <line number="379" hits="32" branch="False" />
                <line number="380" hits="32" branch="False" />
              </lines>
            </method>
            <method name="DecimalToHexadecimal" signature="(System.Numerics.BigInteger)" line-rate="0.9695999999999999" branch-rate="0.9333" complexity="15">
              <lines>
                <line number="383" hits="4" branch="False" />
                <line number="384" hits="4" branch="False" />
                <line number="386" hits="228" branch="True" condition-coverage="100% (2/2)">
                  <conditions>
                    <condition number="63" type="jump" coverage="100%" />
                  </conditions>
                </line>
                <line number="387" hits="224" branch="False" />
                <line number="388" hits="224" branch="False" />
                <line number="389" hits="224" branch="False" />
                <line number="390" hits="224" branch="False" />
                <line number="391" hits="224" branch="False" />
                <line number="393" hits="4" branch="False" />
                <line number="394" hits="4" branch="False" />
                <line number="396" hits="460" branch="True" condition-coverage="100% (2/2)">
                  <conditions>
                    <condition number="279" type="jump" coverage="100%" />
                  </conditions>
                </line>
                <line number="397" hits="224" branch="False" />
                <line number="398" hits="224" branch="True" condition-coverage="100% (2/2)">
                  <conditions>
                    <condition number="113" type="jump" coverage="100%" />
                  </conditions>
                </line>
                <line number="399" hits="128" branch="False" />
                <line number="401" hits="96" branch="False" />
                <line number="402" hits="96" branch="True" condition-coverage="88.88% (8/9)">
                  <conditions>
                    <condition number="147" type="jump" coverage="50%" />
                    <condition number="153" type="switch" coverage="100%" />
                  </conditions>
                </line>
                <line number="405" hits="18" branch="False" />
                <line number="406" hits="18" branch="False" />
                <line number="408" hits="13" branch="False" />
                <line number="409" hits="13" branch="False" />
                <line number="411" hits="18" branch="False" />
                <line number="412" hits="18" branch="False" />
                <line number="414" hits="11" branch="False" />
                <line number="415" hits="11" branch="False" />
                <line number="417" hits="19" branch="False" />
                <line number="418" hits="19" branch="False" />
                <line number="420" hits="17" branch="False" />
                <line number="421" hits="17" branch="False" />
                <line number="423" hits="0" branch="False" />
                <line number="425" hits="96" branch="False" />
                <line number="427" hits="224" branch="False" />
                <line number="429" hits="4" branch="False" />
                <line number="430" hits="4" branch="False" />
              </lines>
            </method>
            <method name="ConvertToStringBuilder" signature="(System.Collections.Generic.List`1&lt;System.Int32&gt;)" line-rate="1" branch-rate="1" complexity="2">
              <lines>
                <line number="433" hits="2" branch="False" />
                <line number="434" hits="2" branch="False" />
                <line number="436" hits="40" branch="True" condition-coverage="100% (2/2)">
                  <conditions>
                    <condition number="48" type="jump" coverage="100%" />
                  </conditions>
                </line>
                <line number="437" hits="17" branch="False" />
                <line number="438" hits="17" branch="False" />
                <line number="439" hits="17" branch="False" />
                <line number="441" hits="2" branch="False" />
                <line number="442" hits="2" branch="False" />
              </lines>
            </method>
            <method name="ConvertToByteArray" signature="(System.String,System.Text.Encoding)" line-rate="1" branch-rate="1" complexity="1">
              <lines>
                <line number="447" hits="3" branch="False" />
                <line number="448" hits="3" branch="False" />
                <line number="449" hits="3" branch="False" />
              </lines>
            </method>
            <method name="ToBinary" signature="(System.Byte[])" line-rate="1" branch-rate="1" complexity="1">
              <lines>
                <line number="452" hits="3" branch="False" />
                <line number="453" hits="90" branch="False" />
                <line number="454" hits="3" branch="False" />
              </lines>
            </method>
          </methods>
          <lines>
            <line number="19" hits="0" branch="False" />
            <line number="20" hits="0" branch="False" />
            <line number="21" hits="0" branch="False" />
            <line number="22" hits="0" branch="False" />
            <line number="23" hits="0" branch="False" />
            <line number="24" hits="0" branch="False" />
            <line number="26" hits="0" branch="False" />
            <line number="29" hits="2" branch="False" />
            <line number="30" hits="2" branch="False" />
            <line number="31" hits="2" branch="False" />
            <line number="32" hits="2" branch="False" />
            <line number="34" hits="2" branch="False" />
            <line number="36" hits="2" branch="True" condition-coverage="100% (2/2)">
              <conditions>
                <condition number="43" type="jump" coverage="100%" />
              </conditions>
            </line>
            <line number="37" hits="2" branch="False" />
            <line number="45" hits="2" branch="False" />
            <line number="46" hits="376" branch="False" />
            <line number="47" hits="376" branch="False" />
            <line number="48" hits="376" branch="False" />
            <line number="50" hits="376" branch="True" condition-coverage="100% (2/2)">
              <conditions>
                <condition number="90" type="jump" coverage="100%" />
              </conditions>
            </line>
            <line number="51" hits="2" branch="False" />
            <line number="52" hits="2" branch="False" />
            <line number="55" hits="374" branch="False" />
            <line number="56" hits="374" branch="False" />
            <line number="58" hits="2" branch="True" condition-coverage="50% (1/2)">
              <conditions>
                <condition number="127" type="jump" coverage="50%" />
              </conditions>
            </line>
            <line number="59" hits="0" branch="False" />
            <line number="60" hits="0" branch="True" condition-coverage="0% (0/2)">
              <conditions>
                <condition number="157" type="jump" coverage="0%" />
              </conditions>
            </line>
            <line number="61" hits="0" branch="False" />
            <line number="62" hits="0" branch="False" />
            <line number="63" hits="0" branch="False" />
            <line number="65" hits="0" branch="False" />
            <line number="66" hits="0" branch="False" />
            <line number="69" hits="2" branch="False" />
            <line number="70" hits="2" branch="False" />
            <line number="71" hits="2" branch="False" />
            <line number="72" hits="2" branch="False" />
            <line number="74" hits="2" branch="False" />
            <line number="76" hits="2" branch="False" />
            <line number="77" hits="2" branch="False" />
            <line number="80" hits="2" branch="False" />
            <line number="81" hits="226" branch="True" condition-coverage="100% (2/2)">
              <conditions>
                <condition number="47" type="jump" coverage="100%" />
              </conditions>
            </line>
            <line number="82" hits="111" branch="False" />
            <line number="84" hits="111" branch="True" condition-coverage="83.33% (5/6)">
              <conditions>
                <condition number="8" type="jump" coverage="100%" />
                <condition number="11" type="jump" coverage="50%" />
                <condition number="19" type="jump" coverage="100%" />
              </conditions>
            </line>
            <line number="85" hits="111" branch="False" />
            <line number="91" hits="111" branch="False" />
            <line number="94" hits="2" branch="True" condition-coverage="50% (1/2)">
              <conditions>
                <condition number="55" type="jump" coverage="50%" />
              </conditions>
            </line>
            <line number="95" hits="0" branch="False" />
            <line number="97" hits="0" branch="False" />
            <line number="99" hits="0" branch="False" />
            <line number="101" hits="2" branch="False" />
            <line number="104" hits="1" branch="False" />
            <line number="106" hits="1" branch="False" />
            <line number="107" hits="1" branch="False" />
            <line number="110" hits="1" branch="False" />
            <line number="111" hits="1" branch="False" />
            <line number="114" hits="1" branch="False" />
            <line number="115" hits="1" branch="False" />
            <line number="116" hits="1" branch="False" />
            <line number="117" hits="1" branch="False" />
            <line number="119" hits="1" branch="False" />
            <line number="120" hits="4" branch="True" condition-coverage="100% (2/2)">
              <conditions>
                <condition number="565" type="jump" coverage="100%" />
              </conditions>
            </line>
            <line number="121" hits="1" branch="False" />
            <line number="122" hits="1" branch="False" />
            <line number="123" hits="1" branch="False" />
            <line number="124" hits="1" branch="False" />
            <line number="125" hits="1" branch="False" />
            <line number="127" hits="1" branch="False" />
            <line number="128" hits="66" branch="True" condition-coverage="100% (2/2)">
              <conditions>
                <condition number="498" type="jump" coverage="100%" />
              </conditions>
            </line>
            <line number="129" hits="32" branch="False" />
            <line number="130" hits="32" branch="False" />
            <line number="131" hits="32" branch="False" />
            <line number="133" hits="32" branch="True" condition-coverage="75% (3/4)">
              <conditions>
                <condition number="158" type="jump" coverage="50%" />
                <condition number="176" type="jump" coverage="100%" />
              </conditions>
            </line>
            <line number="134" hits="8" branch="False" />
            <line number="135" hits="8" branch="False" />
            <line number="136" hits="8" branch="False" />
            <line number="137" hits="8" branch="False" />
            <line number="140" hits="32" branch="True" condition-coverage="100% (4/4)">
              <conditions>
                <condition number="218" type="jump" coverage="100%" />
                <condition number="236" type="jump" coverage="100%" />
              </conditions>
            </line>
            <line number="141" hits="8" branch="False" />
            <line number="142" hits="8" branch="False" />
            <line number="143" hits="8" branch="False" />
            <line number="144" hits="8" branch="False" />
            <line number="147" hits="32" branch="True" condition-coverage="100% (4/4)">
              <conditions>
                <condition number="285" type="jump" coverage="100%" />
                <condition number="303" type="jump" coverage="100%" />
              </conditions>
            </line>
            <line number="148" hits="8" branch="False" />
            <line number="149" hits="8" branch="False" />
            <line number="150" hits="8" branch="False" />
            <line number="151" hits="8" branch="False" />
            <line number="154" hits="32" branch="True" condition-coverage="100% (4/4)">
              <conditions>
                <condition number="340" type="jump" coverage="100%" />
                <condition number="358" type="jump" coverage="100%" />
              </conditions>
            </line>
            <line number="155" hits="8" branch="False" />
            <line number="156" hits="8" branch="False" />
            <line number="157" hits="8" branch="False" />
            <line number="158" hits="8" branch="False" />
            <line number="160" hits="32" branch="False" />
            <line number="162" hits="32" branch="False" />
            <line number="164" hits="32" branch="False" />
            <line number="165" hits="32" branch="False" />
            <line number="166" hits="32" branch="False" />
            <line number="167" hits="32" branch="False" />
            <line number="169" hits="32" branch="False" />
            <line number="170" hits="32" branch="False" />
            <line number="172" hits="1" branch="False" />
            <line number="173" hits="1" branch="False" />
            <line number="174" hits="1" branch="False" />
            <line number="175" hits="1" branch="False" />
            <line number="176" hits="1" branch="False" />
            <line number="178" hits="1" branch="False" />
            <line number="179" hits="1" branch="False" />
            <line number="180" hits="1" branch="False" />
            <line number="181" hits="1" branch="False" />
            <line number="191" hits="1" branch="False" />
            <line number="192" hits="1" branch="False" />
            <line number="195" hits="1" branch="False" />
            <line number="196" hits="130" branch="True" condition-coverage="100% (2/2)">
              <conditions>
                <condition number="60" type="jump" coverage="100%" />
              </conditions>
            </line>
            <line number="197" hits="64" branch="False" />
            <line number="198" hits="64" branch="False" />
            <line number="199" hits="64" branch="False" />
            <line number="200" hits="1" branch="False" />
            <line number="204" hits="1" branch="False" />
            <line number="206" hits="1" branch="False" />
            <line number="208" hits="130" branch="True" condition-coverage="100% (2/2)">
              <conditions>
                <condition number="386" type="jump" coverage="100%" />
              </conditions>
            </line>
            <line number="209" hits="64" branch="False" />
            <line number="210" hits="64" branch="True" condition-coverage="100% (2/2)">
              <conditions>
                <condition number="17" type="jump" coverage="100%" />
              </conditions>
            </line>
            <line number="211" hits="15" branch="False" />
            <line number="212" hits="15" branch="False" />
            <line number="213" hits="15" branch="False" />
            <line number="215" hits="64" branch="True" condition-coverage="75% (3/4)">
              <conditions>
                <condition number="25" type="jump" coverage="50%" />
                <condition number="40" type="jump" coverage="100%" />
              </conditions>
            </line>
            <line number="216" hits="16" branch="False" />
            <line number="218" hits="16" branch="True" condition-coverage="100% (5/5)">
              <conditions>
                <condition number="54" type="switch" coverage="100%" />
              </conditions>
            </line>
            <line number="221" hits="4" branch="False" />
            <line number="222" hits="4" branch="False" />
            <line number="224" hits="4" branch="False" />
            <line number="225" hits="4" branch="False" />
            <line number="227" hits="4" branch="False" />
            <line number="228" hits="4" branch="False" />
            <line number="230" hits="4" branch="False" />
            <line number="231" hits="4" branch="False" />
            <line number="233" hits="0" branch="False" />
            <line number="235" hits="16" branch="False" />
            <line number="238" hits="64" branch="True" condition-coverage="100% (4/4)">
              <conditions>
                <condition number="110" type="jump" coverage="100%" />
                <condition number="127" type="jump" coverage="100%" />
              </conditions>
            </line>
            <line number="239" hits="16" branch="False" />
            <line number="247" hits="16" branch="True" condition-coverage="100% (5/5)">
              <conditions>
                <condition number="141" type="switch" coverage="100%" />
              </conditions>
            </line>
            <line number="250" hits="4" branch="False" />
            <line number="251" hits="4" branch="False" />
            <line number="253" hits="4" branch="False" />
            <line number="254" hits="4" branch="False" />
            <line number="256" hits="4" branch="False" />
            <line number="257" hits="4" branch="False" />
            <line number="259" hits="4" branch="False" />
            <line number="260" hits="4" branch="False" />
            <line number="262" hits="0" branch="False" />
            <line number="264" hits="16" branch="False" />
            <line number="267" hits="64" branch="True" condition-coverage="100% (4/4)">
              <conditions>
                <condition number="197" type="jump" coverage="100%" />
                <condition number="214" type="jump" coverage="100%" />
              </conditions>
            </line>
            <line number="268" hits="16" branch="False" />
            <line number="276" hits="16" branch="True" condition-coverage="100% (5/5)">
              <conditions>
                <condition number="228" type="switch" coverage="100%" />
              </conditions>
            </line>
            <line number="279" hits="4" branch="False" />
            <line number="280" hits="4" branch="False" />
            <line number="282" hits="4" branch="False" />
            <line number="283" hits="4" branch="False" />
            <line number="285" hits="4" branch="False" />
            <line number="286" hits="4" branch="False" />
            <line number="288" hits="4" branch="False" />
            <line number="289" hits="4" branch="False" />
            <line number="291" hits="0" branch="False" />
            <line number="293" hits="16" branch="False" />
            <line number="296" hits="64" branch="True" condition-coverage="100% (4/4)">
              <conditions>
                <condition number="284" type="jump" coverage="100%" />
                <condition number="301" type="jump" coverage="100%" />
              </conditions>
            </line>
            <line number="297" hits="16" branch="False" />
            <line number="305" hits="16" branch="True" condition-coverage="100% (5/5)">
              <conditions>
                <condition number="315" type="switch" coverage="100%" />
              </conditions>
            </line>
            <line number="308" hits="4" branch="False" />
            <line number="309" hits="4" branch="False" />
            <line number="311" hits="4" branch="False" />
            <line number="312" hits="4" branch="False" />
            <line number="314" hits="4" branch="False" />
            <line number="315" hits="4" branch="False" />
            <line number="317" hits="4" branch="False" />
            <line number="318" hits="4" branch="False" />
            <line number="320" hits="0" branch="False" />
            <line number="322" hits="16" branch="False" />
            <line number="324" hits="64" branch="False" />
            <line number="325" hits="64" branch="False" />
            <line number="326" hits="1" branch="False" />
            <line number="329" hits="2" branch="False" />
            <line number="330" hits="2" branch="False" />
            <line number="332" hits="2" branch="True" condition-coverage="100% (2/2)">
              <conditions>
                <condition number="17" type="jump" coverage="100%" />
              </conditions>
            </line>
            <line number="333" hits="1" branch="False" />
            <line number="334" hits="4" branch="True" condition-coverage="100% (2/2)">
              <conditions>
                <condition number="72" type="jump" coverage="100%" />
              </conditions>
            </line>
            <line number="335" hits="1" branch="False" />
            <line number="336" hits="1" branch="False" />
            <line number="337" hits="1" branch="False" />
            <line number="338" hits="1" branch="False" />
            <line number="341" hits="1" branch="False" />
            <line number="342" hits="34" branch="True" condition-coverage="100% (2/2)">
              <conditions>
                <condition number="121" type="jump" coverage="100%" />
              </conditions>
            </line>
            <line number="343" hits="16" branch="False" />
            <line number="344" hits="16" branch="False" />
            <line number="345" hits="16" branch="False" />
            <line number="346" hits="1" branch="False" />
            <line number="348" hits="2" branch="False" />
            <line number="349" hits="2" branch="False" />
            <line number="352" hits="2" branch="False" />
            <line number="353" hits="2" branch="False" />
            <line number="355" hits="19" branch="True" condition-coverage="100% (2/2)">
              <conditions>
                <condition number="32" type="jump" coverage="100%" />
              </conditions>
            </line>
            <line number="356" hits="17" branch="False" />
            <line number="357" hits="17" branch="False" />
            <line number="358" hits="17" branch="False" />
            <line number="359" hits="17" branch="False" />
            <line number="361" hits="2" branch="False" />
            <line number="363" hits="2" branch="False" />
            <line number="364" hits="2" branch="False" />
            <line number="365" hits="2" branch="False" />
            <line number="368" hits="32" branch="False" />
            <line number="369" hits="32" branch="False" />
            <line number="370" hits="32" branch="False" />
            <line number="372" hits="2112" branch="True" condition-coverage="100% (2/2)">
              <conditions>
                <condition number="102" type="jump" coverage="100%" />
              </conditions>
            </line>
            <line number="373" hits="1024" branch="False" />
            <line number="374" hits="1024" branch="False" />
            <line number="375" hits="1024" branch="False" />
            <line number="377" hits="1024" branch="False" />
            <line number="379" hits="32" branch="False" />
            <line number="380" hits="32" branch="False" />
            <line number="383" hits="4" branch="False" />
            <line number="384" hits="4" branch="False" />
            <line number="386" hits="228" branch="True" condition-coverage="100% (2/2)">
              <conditions>
                <condition number="63" type="jump" coverage="100%" />
              </conditions>
            </line>
            <line number="387" hits="224" branch="False" />
            <line number="388" hits="224" branch="False" />
            <line number="389" hits="224" branch="False" />
            <line number="390" hits="224" branch="False" />
            <line number="391" hits="224" branch="False" />
            <line number="393" hits="4" branch="False" />
            <line number="394" hits="4" branch="False" />
            <line number="396" hits="460" branch="True" condition-coverage="100% (2/2)">
              <conditions>
                <condition number="279" type="jump" coverage="100%" />
              </conditions>
            </line>
            <line number="397" hits="224" branch="False" />
            <line number="398" hits="224" branch="True" condition-coverage="100% (2/2)">
              <conditions>
                <condition number="113" type="jump" coverage="100%" />
              </conditions>
            </line>
            <line number="399" hits="128" branch="False" />
            <line number="401" hits="96" branch="False" />
            <line number="402" hits="96" branch="True" condition-coverage="88.88% (8/9)">
              <conditions>
                <condition number="147" type="jump" coverage="50%" />
                <condition number="153" type="switch" coverage="100%" />
              </conditions>
            </line>
            <line number="405" hits="18" branch="False" />
            <line number="406" hits="18" branch="False" />
            <line number="408" hits="13" branch="False" />
            <line number="409" hits="13" branch="False" />
            <line number="411" hits="18" branch="False" />
            <line number="412" hits="18" branch="False" />
            <line number="414" hits="11" branch="False" />
            <line number="415" hits="11" branch="False" />
            <line number="417" hits="19" branch="False" />
            <line number="418" hits="19" branch="False" />
            <line number="420" hits="17" branch="False" />
            <line number="421" hits="17" branch="False" />
            <line number="423" hits="0" branch="False" />
            <line number="425" hits="96" branch="False" />
            <line number="427" hits="224" branch="False" />
            <line number="429" hits="4" branch="False" />
            <line number="430" hits="4" branch="False" />
            <line number="433" hits="2" branch="False" />
            <line number="434" hits="2" branch="False" />
            <line number="436" hits="40" branch="True" condition-coverage="100% (2/2)">
              <conditions>
                <condition number="48" type="jump" coverage="100%" />
              </conditions>
            </line>
            <line number="437" hits="17" branch="False" />
            <line number="438" hits="17" branch="False" />
            <line number="439" hits="17" branch="False" />
            <line number="441" hits="2" branch="False" />
            <line number="442" hits="2" branch="False" />
            <line number="447" hits="3" branch="False" />
            <line number="448" hits="3" branch="False" />
            <line number="449" hits="3" branch="False" />
            <line number="452" hits="3" branch="False" />
            <line number="453" hits="90" branch="False" />
            <line number="454" hits="3" branch="False" />
          </lines>
        </class>
      </classes>
    </package>
  </packages>
</coverage>